08:46:36.493 [main] INFO  c.r.RuoYiApplication - [logStarting,50] - Starting RuoYiApplication on admin-PC with PID 13620 (D:\AsiaEcs\target\classes started by admin in D:\AsiaEcs)
08:46:36.552 [main] INFO  c.r.RuoYiApplication - [logStartupProfileInfo,679] - The following profiles are active: druid
08:46:59.405 [main] INFO  o.a.c.h.Http11NioProtocol - [log,173] - Initializing ProtocolHandler ["http-nio-8080"]
08:46:59.427 [main] INFO  o.a.c.c.StandardService - [log,173] - Starting service [Tomcat]
08:46:59.427 [main] INFO  o.a.c.c.StandardEngine - [log,173] - Starting Servlet Engine: Apache Tomcat/9.0.13
08:46:59.437 [main] INFO  o.a.c.c.AprLifecycleListener - [log,173] - The APR based Apache Tomcat Native library which allows optimal performance in production environments was not found on the java.library.path: [D:\Program Files\Java\jdk1.8.0_73\bin;C:\Windows\Sun\Java\bin;C:\Windows\system32;C:\Windows;D:\Program Files\Java\jdk1.7.0_51\bin;C:\Program Files (x86)\Common Files\Oracle\Java\javapath;C:\Program Files (x86)\NetSarang\Xshell 6\;C:\Program Files (x86)\NetSarang\Xftp 6\;C:\Windows\system32;C:\Windows;C:\Windows\System32\Wbem;C:\Windows\System32\WindowsPowerShell\v1.0\;D:\Program Files\TortoiseSVN\bin;D:\Program Files\Java\jdk1.7.0_51\jre\bin;D:\tools\apache-maven-3.6.3\bin;C:\Program Files\nodejs\;D:\Program Files\Git\cmd;C:\Users\admin\AppData\Roaming\npm;D:\Program Files\VSCode\Microsoft VS Code\bin;.]
08:46:59.593 [main] INFO  o.a.c.c.C.[.[.[/] - [log,173] - Initializing Spring embedded WebApplicationContext
08:47:08.582 [main] INFO  c.a.d.p.DruidDataSource - [init,991] - {dataSource-1} inited
08:47:11.797 [main] INFO  c.r.p.c.CategoryCache - [info,58] - 加载分类信息 size=5334
08:47:11.819 [main] INFO  c.r.p.c.CategoryCache - [info,58] - 加载分类信息完成
08:47:12.351 [main] INFO  o.q.i.StdSchedulerFactory - [instantiate,1208] - Using default implementation for ThreadExecutor
08:47:12.371 [main] INFO  o.q.c.SchedulerSignalerImpl - [<init>,61] - Initialized Scheduler Signaller of type: class org.quartz.core.SchedulerSignalerImpl
08:47:12.967 [main] INFO  o.q.c.QuartzScheduler - [<init>,229] - Quartz Scheduler v.2.3.0 created.
08:47:13.047 [main] INFO  o.q.c.QuartzScheduler - [initialize,294] - Scheduler meta-data: Quartz Scheduler (v2.3.0) 'schedulerFactoryBean' with instanceId 'admin-PC1615510032354'
  Scheduler class: 'org.quartz.core.QuartzScheduler' - running locally.
  NOT STARTED.
  Currently in standby mode.
  Number of jobs executed: 0
  Using thread pool 'org.quartz.simpl.SimpleThreadPool' - with 20 threads.
  Using job-store 'org.springframework.scheduling.quartz.LocalDataSourceJobStore' - which supports persistence. and is clustered.

08:47:13.048 [main] INFO  o.q.i.StdSchedulerFactory - [instantiate,1362] - Quartz scheduler 'schedulerFactoryBean' initialized from an externally provided properties instance.
08:47:13.048 [main] INFO  o.q.i.StdSchedulerFactory - [instantiate,1366] - Quartz scheduler version: 2.3.0
08:47:13.054 [main] INFO  o.q.c.QuartzScheduler - [setJobFactory,2287] - JobFactory set to: org.springframework.scheduling.quartz.AdaptableJobFactory@48126a17
08:47:23.657 [main] INFO  o.q.c.QuartzScheduler - [shutdown,666] - Scheduler schedulerFactoryBean_$_admin-PC1615510032354 shutting down.
08:47:23.657 [main] INFO  o.q.c.QuartzScheduler - [standby,585] - Scheduler schedulerFactoryBean_$_admin-PC1615510032354 paused.
08:47:23.658 [main] INFO  o.q.c.QuartzScheduler - [shutdown,740] - Scheduler schedulerFactoryBean_$_admin-PC1615510032354 shutdown complete.
08:47:23.658 [main] INFO  sys-user - [shutdownAsyncManager,31] - ====关闭后台任务任务线程池====
08:47:23.715 [main] INFO  c.a.d.p.DruidDataSource - [close,1928] - {dataSource-1} closed
08:47:23.782 [main] INFO  o.a.c.c.StandardService - [log,173] - Stopping service [Tomcat]
08:54:49.837 [main] INFO  c.r.RuoYiApplication - [logStarting,50] - Starting RuoYiApplication on admin-PC with PID 4700 (D:\AsiaEcs\target\classes started by admin in D:\AsiaEcs)
08:54:49.844 [main] INFO  c.r.RuoYiApplication - [logStartupProfileInfo,679] - The following profiles are active: druid
08:54:53.355 [main] INFO  o.a.c.h.Http11NioProtocol - [log,173] - Initializing ProtocolHandler ["http-nio-8080"]
08:54:53.366 [main] INFO  o.a.c.c.StandardService - [log,173] - Starting service [Tomcat]
08:54:53.366 [main] INFO  o.a.c.c.StandardEngine - [log,173] - Starting Servlet Engine: Apache Tomcat/9.0.13
08:54:53.376 [main] INFO  o.a.c.c.AprLifecycleListener - [log,173] - The APR based Apache Tomcat Native library which allows optimal performance in production environments was not found on the java.library.path: [D:\Program Files\Java\jdk1.8.0_73\bin;C:\Windows\Sun\Java\bin;C:\Windows\system32;C:\Windows;D:\Program Files\Java\jdk1.7.0_51\bin;C:\Program Files (x86)\Common Files\Oracle\Java\javapath;C:\Program Files (x86)\NetSarang\Xshell 6\;C:\Program Files (x86)\NetSarang\Xftp 6\;C:\Windows\system32;C:\Windows;C:\Windows\System32\Wbem;C:\Windows\System32\WindowsPowerShell\v1.0\;D:\Program Files\TortoiseSVN\bin;D:\Program Files\Java\jdk1.7.0_51\jre\bin;D:\tools\apache-maven-3.6.3\bin;C:\Program Files\nodejs\;D:\Program Files\Git\cmd;C:\Users\admin\AppData\Roaming\npm;D:\Program Files\VSCode\Microsoft VS Code\bin;.]
08:54:53.504 [main] INFO  o.a.c.c.C.[.[.[/] - [log,173] - Initializing Spring embedded WebApplicationContext
08:54:59.727 [main] INFO  c.a.d.p.DruidDataSource - [init,991] - {dataSource-1} inited
08:55:02.729 [main] INFO  c.r.p.c.CategoryCache - [info,58] - 加载分类信息 size=5334
08:55:02.748 [main] INFO  c.r.p.c.CategoryCache - [info,58] - 加载分类信息完成
08:55:03.166 [main] INFO  o.q.i.StdSchedulerFactory - [instantiate,1208] - Using default implementation for ThreadExecutor
08:55:03.572 [main] INFO  o.q.c.SchedulerSignalerImpl - [<init>,61] - Initialized Scheduler Signaller of type: class org.quartz.core.SchedulerSignalerImpl
08:55:03.572 [main] INFO  o.q.c.QuartzScheduler - [<init>,229] - Quartz Scheduler v.2.3.0 created.
08:55:03.617 [main] INFO  o.q.c.QuartzScheduler - [initialize,294] - Scheduler meta-data: Quartz Scheduler (v2.3.0) 'schedulerFactoryBean' with instanceId 'admin-PC1615510503168'
  Scheduler class: 'org.quartz.core.QuartzScheduler' - running locally.
  NOT STARTED.
  Currently in standby mode.
  Number of jobs executed: 0
  Using thread pool 'org.quartz.simpl.SimpleThreadPool' - with 20 threads.
  Using job-store 'org.springframework.scheduling.quartz.LocalDataSourceJobStore' - which supports persistence. and is clustered.

08:55:03.618 [main] INFO  o.q.i.StdSchedulerFactory - [instantiate,1362] - Quartz scheduler 'schedulerFactoryBean' initialized from an externally provided properties instance.
08:55:03.618 [main] INFO  o.q.i.StdSchedulerFactory - [instantiate,1366] - Quartz scheduler version: 2.3.0
08:55:03.620 [main] INFO  o.q.c.QuartzScheduler - [setJobFactory,2287] - JobFactory set to: org.springframework.scheduling.quartz.AdaptableJobFactory@c02a1be
08:55:14.001 [main] INFO  s.d.s.w.PropertySourcedRequestMappingHandlerMapping - [initHandlerMethods,69] - Mapped URL path [/v2/api-docs] onto method [public org.springframework.http.ResponseEntity<springfox.documentation.spring.web.json.Json> springfox.documentation.swagger2.web.Swagger2Controller.getDocumentation(java.lang.String,javax.servlet.http.HttpServletRequest)]
08:55:15.672 [main] INFO  s.d.s.w.p.DocumentationPluginsBootstrapper - [start,160] - Context refreshed
08:55:15.730 [main] INFO  s.d.s.w.p.DocumentationPluginsBootstrapper - [start,163] - Found 1 custom documentation plugin(s)
08:55:15.890 [main] INFO  s.d.s.w.s.ApiListingReferenceScanner - [scan,41] - Scanning for api listing references
08:55:16.275 [main] INFO  s.d.s.w.r.o.CachingOperationNameGenerator - [startingWith,40] - Generating unique operation named: insertUsingPOST_1
08:55:16.284 [main] INFO  s.d.s.w.r.o.CachingOperationNameGenerator - [startingWith,40] - Generating unique operation named: testUsingGET_1
08:55:16.286 [main] INFO  s.d.s.w.r.o.CachingOperationNameGenerator - [startingWith,40] - Generating unique operation named: testUsingHEAD_1
08:55:16.288 [main] INFO  s.d.s.w.r.o.CachingOperationNameGenerator - [startingWith,40] - Generating unique operation named: testUsingPOST_1
08:55:16.290 [main] INFO  s.d.s.w.r.o.CachingOperationNameGenerator - [startingWith,40] - Generating unique operation named: testUsingPUT_1
08:55:16.292 [main] INFO  s.d.s.w.r.o.CachingOperationNameGenerator - [startingWith,40] - Generating unique operation named: testUsingPATCH_1
08:55:16.294 [main] INFO  s.d.s.w.r.o.CachingOperationNameGenerator - [startingWith,40] - Generating unique operation named: testUsingDELETE_1
08:55:16.296 [main] INFO  s.d.s.w.r.o.CachingOperationNameGenerator - [startingWith,40] - Generating unique operation named: testUsingOPTIONS_1
08:55:16.298 [main] INFO  s.d.s.w.r.o.CachingOperationNameGenerator - [startingWith,40] - Generating unique operation named: testUsingTRACE_1
08:55:16.384 [main] INFO  o.a.c.h.Http11NioProtocol - [log,173] - Starting ProtocolHandler ["http-nio-8080"]
08:55:16.399 [main] INFO  o.a.t.u.n.NioSelectorPool - [log,173] - Using a shared selector for servlet write/read
08:55:16.482 [main] INFO  c.r.RuoYiApplication - [logStarted,59] - Started RuoYiApplication in 27.305 seconds (JVM running for 30.416)
08:55:16.602 [http-nio-8080-exec-1] INFO  o.a.c.c.C.[.[.[/] - [log,173] - Initializing Spring DispatcherServlet 'dispatcherServlet'
08:55:18.080 [Quartz Scheduler [schedulerFactoryBean]] INFO  o.q.c.QuartzScheduler - [start,547] - Scheduler schedulerFactoryBean_$_admin-PC1615510503168 started.
08:58:38.268 [Thread-59] INFO  o.q.c.QuartzScheduler - [standby,585] - Scheduler schedulerFactoryBean_$_admin-PC1615510503168 paused.
08:58:38.276 [Thread-59] INFO  o.q.c.QuartzScheduler - [shutdown,666] - Scheduler schedulerFactoryBean_$_admin-PC1615510503168 shutting down.
08:58:38.277 [Thread-59] INFO  o.q.c.QuartzScheduler - [standby,585] - Scheduler schedulerFactoryBean_$_admin-PC1615510503168 paused.
08:58:38.278 [Thread-59] INFO  o.q.c.QuartzScheduler - [shutdown,740] - Scheduler schedulerFactoryBean_$_admin-PC1615510503168 shutdown complete.
08:58:38.278 [Thread-59] INFO  sys-user - [shutdownAsyncManager,31] - ====关闭后台任务任务线程池====
08:58:38.297 [Thread-59] INFO  c.a.d.p.DruidDataSource - [close,1928] - {dataSource-1} closed
08:58:49.623 [main] INFO  c.r.RuoYiApplication - [logStarting,50] - Starting RuoYiApplication on admin-PC with PID 26868 (D:\AsiaEcs\target\classes started by admin in D:\AsiaEcs)
08:58:49.631 [main] INFO  c.r.RuoYiApplication - [logStartupProfileInfo,679] - The following profiles are active: druid
08:58:53.528 [main] INFO  o.a.c.h.Http11NioProtocol - [log,173] - Initializing ProtocolHandler ["http-nio-8080"]
08:58:53.543 [main] INFO  o.a.c.c.StandardService - [log,173] - Starting service [Tomcat]
08:58:53.544 [main] INFO  o.a.c.c.StandardEngine - [log,173] - Starting Servlet Engine: Apache Tomcat/9.0.13
08:58:53.554 [main] INFO  o.a.c.c.AprLifecycleListener - [log,173] - The APR based Apache Tomcat Native library which allows optimal performance in production environments was not found on the java.library.path: [D:\Program Files\Java\jdk1.8.0_73\bin;C:\Windows\Sun\Java\bin;C:\Windows\system32;C:\Windows;D:\Program Files\Java\jdk1.7.0_51\bin;C:\Program Files (x86)\Common Files\Oracle\Java\javapath;C:\Program Files (x86)\NetSarang\Xshell 6\;C:\Program Files (x86)\NetSarang\Xftp 6\;C:\Windows\system32;C:\Windows;C:\Windows\System32\Wbem;C:\Windows\System32\WindowsPowerShell\v1.0\;D:\Program Files\TortoiseSVN\bin;D:\Program Files\Java\jdk1.7.0_51\jre\bin;D:\tools\apache-maven-3.6.3\bin;C:\Program Files\nodejs\;D:\Program Files\Git\cmd;C:\Users\admin\AppData\Roaming\npm;D:\Program Files\VSCode\Microsoft VS Code\bin;.]
08:58:53.696 [main] INFO  o.a.c.c.C.[.[.[/] - [log,173] - Initializing Spring embedded WebApplicationContext
08:58:59.500 [main] INFO  c.a.d.p.DruidDataSource - [init,991] - {dataSource-1} inited
08:59:02.211 [main] INFO  c.r.p.c.CategoryCache - [info,58] - 加载分类信息 size=5334
08:59:02.230 [main] INFO  c.r.p.c.CategoryCache - [info,58] - 加载分类信息完成
08:59:02.729 [main] INFO  o.q.i.StdSchedulerFactory - [instantiate,1208] - Using default implementation for ThreadExecutor
08:59:03.172 [main] INFO  o.q.c.SchedulerSignalerImpl - [<init>,61] - Initialized Scheduler Signaller of type: class org.quartz.core.SchedulerSignalerImpl
08:59:03.172 [main] INFO  o.q.c.QuartzScheduler - [<init>,229] - Quartz Scheduler v.2.3.0 created.
08:59:03.219 [main] INFO  o.q.c.QuartzScheduler - [initialize,294] - Scheduler meta-data: Quartz Scheduler (v2.3.0) 'schedulerFactoryBean' with instanceId 'admin-PC1615510742732'
  Scheduler class: 'org.quartz.core.QuartzScheduler' - running locally.
  NOT STARTED.
  Currently in standby mode.
  Number of jobs executed: 0
  Using thread pool 'org.quartz.simpl.SimpleThreadPool' - with 20 threads.
  Using job-store 'org.springframework.scheduling.quartz.LocalDataSourceJobStore' - which supports persistence. and is clustered.

08:59:03.220 [main] INFO  o.q.i.StdSchedulerFactory - [instantiate,1362] - Quartz scheduler 'schedulerFactoryBean' initialized from an externally provided properties instance.
08:59:03.220 [main] INFO  o.q.i.StdSchedulerFactory - [instantiate,1366] - Quartz scheduler version: 2.3.0
08:59:03.222 [main] INFO  o.q.c.QuartzScheduler - [setJobFactory,2287] - JobFactory set to: org.springframework.scheduling.quartz.AdaptableJobFactory@630febd7
08:59:14.391 [main] INFO  s.d.s.w.PropertySourcedRequestMappingHandlerMapping - [initHandlerMethods,69] - Mapped URL path [/v2/api-docs] onto method [public org.springframework.http.ResponseEntity<springfox.documentation.spring.web.json.Json> springfox.documentation.swagger2.web.Swagger2Controller.getDocumentation(java.lang.String,javax.servlet.http.HttpServletRequest)]
08:59:15.910 [main] INFO  s.d.s.w.p.DocumentationPluginsBootstrapper - [start,160] - Context refreshed
08:59:15.930 [main] INFO  s.d.s.w.p.DocumentationPluginsBootstrapper - [start,163] - Found 1 custom documentation plugin(s)
08:59:16.031 [main] INFO  s.d.s.w.s.ApiListingReferenceScanner - [scan,41] - Scanning for api listing references
08:59:16.315 [main] INFO  s.d.s.w.r.o.CachingOperationNameGenerator - [startingWith,40] - Generating unique operation named: insertUsingPOST_1
08:59:16.324 [main] INFO  s.d.s.w.r.o.CachingOperationNameGenerator - [startingWith,40] - Generating unique operation named: testUsingGET_1
08:59:16.326 [main] INFO  s.d.s.w.r.o.CachingOperationNameGenerator - [startingWith,40] - Generating unique operation named: testUsingHEAD_1
08:59:16.329 [main] INFO  s.d.s.w.r.o.CachingOperationNameGenerator - [startingWith,40] - Generating unique operation named: testUsingPOST_1
08:59:16.332 [main] INFO  s.d.s.w.r.o.CachingOperationNameGenerator - [startingWith,40] - Generating unique operation named: testUsingPUT_1
08:59:16.334 [main] INFO  s.d.s.w.r.o.CachingOperationNameGenerator - [startingWith,40] - Generating unique operation named: testUsingPATCH_1
08:59:16.336 [main] INFO  s.d.s.w.r.o.CachingOperationNameGenerator - [startingWith,40] - Generating unique operation named: testUsingDELETE_1
08:59:16.337 [main] INFO  s.d.s.w.r.o.CachingOperationNameGenerator - [startingWith,40] - Generating unique operation named: testUsingOPTIONS_1
08:59:16.339 [main] INFO  s.d.s.w.r.o.CachingOperationNameGenerator - [startingWith,40] - Generating unique operation named: testUsingTRACE_1
08:59:16.391 [main] INFO  o.a.c.h.Http11NioProtocol - [log,173] - Starting ProtocolHandler ["http-nio-8080"]
08:59:16.406 [main] INFO  o.a.t.u.n.NioSelectorPool - [log,173] - Using a shared selector for servlet write/read
08:59:16.434 [main] INFO  c.r.RuoYiApplication - [logStarted,59] - Started RuoYiApplication in 27.66 seconds (JVM running for 29.446)
08:59:17.892 [Quartz Scheduler [schedulerFactoryBean]] INFO  o.q.c.QuartzScheduler - [start,547] - Scheduler schedulerFactoryBean_$_admin-PC1615510742732 started.
08:59:26.115 [http-nio-8080-exec-1] INFO  o.a.c.c.C.[.[.[/] - [log,173] - Initializing Spring DispatcherServlet 'dispatcherServlet'
09:49:39.421 [main] INFO  c.r.RuoYiApplication - [logStarting,50] - Starting RuoYiApplication on admin-PC with PID 115596 (D:\AsiaEcs\target\classes started by admin in D:\AsiaEcs)
09:49:39.465 [main] INFO  c.r.RuoYiApplication - [logStartupProfileInfo,679] - The following profiles are active: druid
09:49:56.696 [main] INFO  o.a.c.h.Http11NioProtocol - [log,173] - Initializing ProtocolHandler ["http-nio-8080"]
09:49:56.733 [main] INFO  o.a.c.c.StandardService - [log,173] - Starting service [Tomcat]
09:49:56.734 [main] INFO  o.a.c.c.StandardEngine - [log,173] - Starting Servlet Engine: Apache Tomcat/9.0.13
09:49:56.747 [main] INFO  o.a.c.c.AprLifecycleListener - [log,173] - The APR based Apache Tomcat Native library which allows optimal performance in production environments was not found on the java.library.path: [D:\Program Files\Java\jdk1.8.0_73\bin;C:\Windows\Sun\Java\bin;C:\Windows\system32;C:\Windows;D:\Program Files\Java\jdk1.7.0_51\bin;C:\Program Files (x86)\Common Files\Oracle\Java\javapath;C:\Program Files (x86)\NetSarang\Xshell 6\;C:\Program Files (x86)\NetSarang\Xftp 6\;C:\Windows\system32;C:\Windows;C:\Windows\System32\Wbem;C:\Windows\System32\WindowsPowerShell\v1.0\;D:\Program Files\TortoiseSVN\bin;D:\Program Files\Java\jdk1.7.0_51\jre\bin;D:\tools\apache-maven-3.6.3\bin;C:\Program Files\nodejs\;D:\Program Files\Git\cmd;C:\Users\admin\AppData\Roaming\npm;D:\Program Files\VSCode\Microsoft VS Code\bin;.]
09:49:57.208 [main] INFO  o.a.c.c.C.[.[.[/] - [log,173] - Initializing Spring embedded WebApplicationContext
09:50:05.093 [main] INFO  c.a.d.p.DruidDataSource - [init,991] - {dataSource-1} inited
09:50:09.044 [main] INFO  c.r.p.c.CategoryCache - [info,58] - 加载分类信息 size=5334
09:50:09.062 [main] INFO  c.r.p.c.CategoryCache - [info,58] - 加载分类信息完成
09:50:09.608 [main] INFO  o.q.i.StdSchedulerFactory - [instantiate,1208] - Using default implementation for ThreadExecutor
09:50:09.628 [main] INFO  o.q.c.SchedulerSignalerImpl - [<init>,61] - Initialized Scheduler Signaller of type: class org.quartz.core.SchedulerSignalerImpl
09:50:09.628 [main] INFO  o.q.c.QuartzScheduler - [<init>,229] - Quartz Scheduler v.2.3.0 created.
09:50:10.261 [main] INFO  o.q.c.QuartzScheduler - [initialize,294] - Scheduler meta-data: Quartz Scheduler (v2.3.0) 'schedulerFactoryBean' with instanceId 'admin-PC1615513809610'
  Scheduler class: 'org.quartz.core.QuartzScheduler' - running locally.
  NOT STARTED.
  Currently in standby mode.
  Number of jobs executed: 0
  Using thread pool 'org.quartz.simpl.SimpleThreadPool' - with 20 threads.
  Using job-store 'org.springframework.scheduling.quartz.LocalDataSourceJobStore' - which supports persistence. and is clustered.

09:50:10.262 [main] INFO  o.q.i.StdSchedulerFactory - [instantiate,1362] - Quartz scheduler 'schedulerFactoryBean' initialized from an externally provided properties instance.
09:50:10.262 [main] INFO  o.q.i.StdSchedulerFactory - [instantiate,1366] - Quartz scheduler version: 2.3.0
09:50:10.264 [main] INFO  o.q.c.QuartzScheduler - [setJobFactory,2287] - JobFactory set to: org.springframework.scheduling.quartz.AdaptableJobFactory@153d14e3
09:50:21.563 [main] INFO  s.d.s.w.PropertySourcedRequestMappingHandlerMapping - [initHandlerMethods,69] - Mapped URL path [/v2/api-docs] onto method [public org.springframework.http.ResponseEntity<springfox.documentation.spring.web.json.Json> springfox.documentation.swagger2.web.Swagger2Controller.getDocumentation(java.lang.String,javax.servlet.http.HttpServletRequest)]
09:50:23.399 [main] INFO  s.d.s.w.p.DocumentationPluginsBootstrapper - [start,160] - Context refreshed
09:50:23.440 [main] INFO  s.d.s.w.p.DocumentationPluginsBootstrapper - [start,163] - Found 1 custom documentation plugin(s)
09:50:23.545 [main] INFO  s.d.s.w.s.ApiListingReferenceScanner - [scan,41] - Scanning for api listing references
09:50:23.890 [main] INFO  s.d.s.w.r.o.CachingOperationNameGenerator - [startingWith,40] - Generating unique operation named: insertUsingPOST_1
09:50:23.898 [main] INFO  s.d.s.w.r.o.CachingOperationNameGenerator - [startingWith,40] - Generating unique operation named: testUsingGET_1
09:50:23.900 [main] INFO  s.d.s.w.r.o.CachingOperationNameGenerator - [startingWith,40] - Generating unique operation named: testUsingHEAD_1
09:50:23.903 [main] INFO  s.d.s.w.r.o.CachingOperationNameGenerator - [startingWith,40] - Generating unique operation named: testUsingPOST_1
09:50:23.905 [main] INFO  s.d.s.w.r.o.CachingOperationNameGenerator - [startingWith,40] - Generating unique operation named: testUsingPUT_1
09:50:23.907 [main] INFO  s.d.s.w.r.o.CachingOperationNameGenerator - [startingWith,40] - Generating unique operation named: testUsingPATCH_1
09:50:23.909 [main] INFO  s.d.s.w.r.o.CachingOperationNameGenerator - [startingWith,40] - Generating unique operation named: testUsingDELETE_1
09:50:23.911 [main] INFO  s.d.s.w.r.o.CachingOperationNameGenerator - [startingWith,40] - Generating unique operation named: testUsingOPTIONS_1
09:50:23.912 [main] INFO  s.d.s.w.r.o.CachingOperationNameGenerator - [startingWith,40] - Generating unique operation named: testUsingTRACE_1
09:50:23.962 [main] INFO  o.a.c.h.Http11NioProtocol - [log,173] - Starting ProtocolHandler ["http-nio-8080"]
09:50:23.977 [main] INFO  o.a.t.u.n.NioSelectorPool - [log,173] - Using a shared selector for servlet write/read
09:50:24.023 [main] INFO  c.r.RuoYiApplication - [logStarted,59] - Started RuoYiApplication in 49.711 seconds (JVM running for 64.479)
09:50:24.432 [http-nio-8080-exec-1] INFO  o.a.c.c.C.[.[.[/] - [log,173] - Initializing Spring DispatcherServlet 'dispatcherServlet'
09:50:25.469 [Quartz Scheduler [schedulerFactoryBean]] INFO  o.q.c.QuartzScheduler - [start,547] - Scheduler schedulerFactoryBean_$_admin-PC1615513809610 started.
10:21:22.981 [Thread-100] INFO  o.q.c.QuartzScheduler - [standby,585] - Scheduler schedulerFactoryBean_$_admin-PC1615513809610 paused.
10:21:22.992 [Thread-100] INFO  o.q.c.QuartzScheduler - [shutdown,666] - Scheduler schedulerFactoryBean_$_admin-PC1615513809610 shutting down.
10:21:22.992 [Thread-100] INFO  o.q.c.QuartzScheduler - [standby,585] - Scheduler schedulerFactoryBean_$_admin-PC1615513809610 paused.
10:21:22.995 [Thread-100] INFO  o.q.c.QuartzScheduler - [shutdown,740] - Scheduler schedulerFactoryBean_$_admin-PC1615513809610 shutdown complete.
10:21:22.995 [Thread-100] INFO  sys-user - [shutdownAsyncManager,31] - ====关闭后台任务任务线程池====
10:21:23.015 [Thread-100] INFO  c.a.d.p.DruidDataSource - [close,1928] - {dataSource-1} closed
10:21:35.515 [main] INFO  c.r.RuoYiApplication - [logStarting,50] - Starting RuoYiApplication on admin-PC with PID 23680 (D:\AsiaEcs\target\classes started by admin in D:\AsiaEcs)
10:21:35.521 [main] INFO  c.r.RuoYiApplication - [logStartupProfileInfo,679] - The following profiles are active: druid
10:21:39.284 [main] INFO  o.a.c.h.Http11NioProtocol - [log,173] - Initializing ProtocolHandler ["http-nio-8080"]
10:21:39.297 [main] INFO  o.a.c.c.StandardService - [log,173] - Starting service [Tomcat]
10:21:39.298 [main] INFO  o.a.c.c.StandardEngine - [log,173] - Starting Servlet Engine: Apache Tomcat/9.0.13
10:21:39.307 [main] INFO  o.a.c.c.AprLifecycleListener - [log,173] - The APR based Apache Tomcat Native library which allows optimal performance in production environments was not found on the java.library.path: [D:\Program Files\Java\jdk1.8.0_73\bin;C:\Windows\Sun\Java\bin;C:\Windows\system32;C:\Windows;D:\Program Files\Java\jdk1.7.0_51\bin;C:\Program Files (x86)\Common Files\Oracle\Java\javapath;C:\Program Files (x86)\NetSarang\Xshell 6\;C:\Program Files (x86)\NetSarang\Xftp 6\;C:\Windows\system32;C:\Windows;C:\Windows\System32\Wbem;C:\Windows\System32\WindowsPowerShell\v1.0\;D:\Program Files\TortoiseSVN\bin;D:\Program Files\Java\jdk1.7.0_51\jre\bin;D:\tools\apache-maven-3.6.3\bin;C:\Program Files\nodejs\;D:\Program Files\Git\cmd;C:\Users\admin\AppData\Roaming\npm;D:\Program Files\VSCode\Microsoft VS Code\bin;.]
10:21:39.455 [main] INFO  o.a.c.c.C.[.[.[/] - [log,173] - Initializing Spring embedded WebApplicationContext
10:21:45.192 [main] INFO  c.a.d.p.DruidDataSource - [init,991] - {dataSource-1} inited
10:21:48.488 [main] INFO  c.r.p.c.CategoryCache - [info,58] - 加载分类信息 size=5334
10:21:48.506 [main] INFO  c.r.p.c.CategoryCache - [info,58] - 加载分类信息完成
10:21:49.341 [main] INFO  o.q.i.StdSchedulerFactory - [instantiate,1208] - Using default implementation for ThreadExecutor
10:21:49.359 [main] INFO  o.q.c.SchedulerSignalerImpl - [<init>,61] - Initialized Scheduler Signaller of type: class org.quartz.core.SchedulerSignalerImpl
10:21:49.360 [main] INFO  o.q.c.QuartzScheduler - [<init>,229] - Quartz Scheduler v.2.3.0 created.
10:21:49.404 [main] INFO  o.q.c.QuartzScheduler - [initialize,294] - Scheduler meta-data: Quartz Scheduler (v2.3.0) 'schedulerFactoryBean' with instanceId 'admin-PC1615515709343'
  Scheduler class: 'org.quartz.core.QuartzScheduler' - running locally.
  NOT STARTED.
  Currently in standby mode.
  Number of jobs executed: 0
  Using thread pool 'org.quartz.simpl.SimpleThreadPool' - with 20 threads.
  Using job-store 'org.springframework.scheduling.quartz.LocalDataSourceJobStore' - which supports persistence. and is clustered.

10:21:49.404 [main] INFO  o.q.i.StdSchedulerFactory - [instantiate,1362] - Quartz scheduler 'schedulerFactoryBean' initialized from an externally provided properties instance.
10:21:49.404 [main] INFO  o.q.i.StdSchedulerFactory - [instantiate,1366] - Quartz scheduler version: 2.3.0
10:21:49.406 [main] INFO  o.q.c.QuartzScheduler - [setJobFactory,2287] - JobFactory set to: org.springframework.scheduling.quartz.AdaptableJobFactory@5c81ddab
10:21:59.586 [main] INFO  s.d.s.w.PropertySourcedRequestMappingHandlerMapping - [initHandlerMethods,69] - Mapped URL path [/v2/api-docs] onto method [public org.springframework.http.ResponseEntity<springfox.documentation.spring.web.json.Json> springfox.documentation.swagger2.web.Swagger2Controller.getDocumentation(java.lang.String,javax.servlet.http.HttpServletRequest)]
10:22:01.056 [main] INFO  s.d.s.w.p.DocumentationPluginsBootstrapper - [start,160] - Context refreshed
10:22:01.079 [main] INFO  s.d.s.w.p.DocumentationPluginsBootstrapper - [start,163] - Found 1 custom documentation plugin(s)
10:22:01.175 [main] INFO  s.d.s.w.s.ApiListingReferenceScanner - [scan,41] - Scanning for api listing references
10:22:01.447 [main] INFO  s.d.s.w.r.o.CachingOperationNameGenerator - [startingWith,40] - Generating unique operation named: insertUsingPOST_1
10:22:01.457 [main] INFO  s.d.s.w.r.o.CachingOperationNameGenerator - [startingWith,40] - Generating unique operation named: testUsingGET_1
10:22:01.459 [main] INFO  s.d.s.w.r.o.CachingOperationNameGenerator - [startingWith,40] - Generating unique operation named: testUsingHEAD_1
10:22:01.461 [main] INFO  s.d.s.w.r.o.CachingOperationNameGenerator - [startingWith,40] - Generating unique operation named: testUsingPOST_1
10:22:01.463 [main] INFO  s.d.s.w.r.o.CachingOperationNameGenerator - [startingWith,40] - Generating unique operation named: testUsingPUT_1
10:22:01.465 [main] INFO  s.d.s.w.r.o.CachingOperationNameGenerator - [startingWith,40] - Generating unique operation named: testUsingPATCH_1
10:22:01.466 [main] INFO  s.d.s.w.r.o.CachingOperationNameGenerator - [startingWith,40] - Generating unique operation named: testUsingDELETE_1
10:22:01.469 [main] INFO  s.d.s.w.r.o.CachingOperationNameGenerator - [startingWith,40] - Generating unique operation named: testUsingOPTIONS_1
10:22:01.471 [main] INFO  s.d.s.w.r.o.CachingOperationNameGenerator - [startingWith,40] - Generating unique operation named: testUsingTRACE_1
10:22:01.521 [main] INFO  o.a.c.h.Http11NioProtocol - [log,173] - Starting ProtocolHandler ["http-nio-8080"]
10:22:01.534 [main] INFO  o.a.t.u.n.NioSelectorPool - [log,173] - Using a shared selector for servlet write/read
10:22:01.564 [main] INFO  c.r.RuoYiApplication - [logStarted,59] - Started RuoYiApplication in 27.164 seconds (JVM running for 29.282)
10:22:02.948 [Quartz Scheduler [schedulerFactoryBean]] INFO  o.q.c.QuartzScheduler - [start,547] - Scheduler schedulerFactoryBean_$_admin-PC1615515709343 started.
10:22:43.706 [http-nio-8080-exec-1] INFO  o.a.c.c.C.[.[.[/] - [log,173] - Initializing Spring DispatcherServlet 'dispatcherServlet'
11:05:27.920 [Thread-56] INFO  o.q.c.QuartzScheduler - [standby,585] - Scheduler schedulerFactoryBean_$_admin-PC1615515709343 paused.
11:05:27.942 [Thread-56] INFO  o.q.c.QuartzScheduler - [shutdown,666] - Scheduler schedulerFactoryBean_$_admin-PC1615515709343 shutting down.
11:05:27.943 [Thread-56] INFO  o.q.c.QuartzScheduler - [standby,585] - Scheduler schedulerFactoryBean_$_admin-PC1615515709343 paused.
11:05:27.945 [Thread-56] INFO  o.q.c.QuartzScheduler - [shutdown,740] - Scheduler schedulerFactoryBean_$_admin-PC1615515709343 shutdown complete.
11:05:27.945 [Thread-56] INFO  sys-user - [shutdownAsyncManager,31] - ====关闭后台任务任务线程池====
11:05:27.960 [Thread-56] INFO  c.a.d.p.DruidDataSource - [close,1928] - {dataSource-1} closed
11:05:38.266 [main] INFO  c.r.RuoYiApplication - [logStarting,50] - Starting RuoYiApplication on admin-PC with PID 54676 (D:\AsiaEcs\target\classes started by admin in D:\AsiaEcs)
11:05:38.274 [main] INFO  c.r.RuoYiApplication - [logStartupProfileInfo,679] - The following profiles are active: druid
11:05:41.930 [main] INFO  o.a.c.h.Http11NioProtocol - [log,173] - Initializing ProtocolHandler ["http-nio-8080"]
11:05:41.946 [main] INFO  o.a.c.c.StandardService - [log,173] - Starting service [Tomcat]
11:05:41.946 [main] INFO  o.a.c.c.StandardEngine - [log,173] - Starting Servlet Engine: Apache Tomcat/9.0.13
11:05:41.956 [main] INFO  o.a.c.c.AprLifecycleListener - [log,173] - The APR based Apache Tomcat Native library which allows optimal performance in production environments was not found on the java.library.path: [D:\Program Files\Java\jdk1.8.0_73\bin;C:\Windows\Sun\Java\bin;C:\Windows\system32;C:\Windows;D:\Program Files\Java\jdk1.7.0_51\bin;C:\Program Files (x86)\Common Files\Oracle\Java\javapath;C:\Program Files (x86)\NetSarang\Xshell 6\;C:\Program Files (x86)\NetSarang\Xftp 6\;C:\Windows\system32;C:\Windows;C:\Windows\System32\Wbem;C:\Windows\System32\WindowsPowerShell\v1.0\;D:\Program Files\TortoiseSVN\bin;D:\Program Files\Java\jdk1.7.0_51\jre\bin;D:\tools\apache-maven-3.6.3\bin;C:\Program Files\nodejs\;D:\Program Files\Git\cmd;C:\Users\admin\AppData\Roaming\npm;D:\Program Files\VSCode\Microsoft VS Code\bin;.]
11:05:42.092 [main] INFO  o.a.c.c.C.[.[.[/] - [log,173] - Initializing Spring embedded WebApplicationContext
11:05:47.888 [main] INFO  c.a.d.p.DruidDataSource - [init,991] - {dataSource-1} inited
11:05:50.688 [main] INFO  c.r.p.c.CategoryCache - [info,58] - 加载分类信息 size=5334
11:05:50.706 [main] INFO  c.r.p.c.CategoryCache - [info,58] - 加载分类信息完成
11:05:51.558 [main] INFO  o.q.i.StdSchedulerFactory - [instantiate,1208] - Using default implementation for ThreadExecutor
11:05:51.576 [main] INFO  o.q.c.SchedulerSignalerImpl - [<init>,61] - Initialized Scheduler Signaller of type: class org.quartz.core.SchedulerSignalerImpl
11:05:51.577 [main] INFO  o.q.c.QuartzScheduler - [<init>,229] - Quartz Scheduler v.2.3.0 created.
11:05:51.620 [main] INFO  o.q.c.QuartzScheduler - [initialize,294] - Scheduler meta-data: Quartz Scheduler (v2.3.0) 'schedulerFactoryBean' with instanceId 'admin-PC1615518351560'
  Scheduler class: 'org.quartz.core.QuartzScheduler' - running locally.
  NOT STARTED.
  Currently in standby mode.
  Number of jobs executed: 0
  Using thread pool 'org.quartz.simpl.SimpleThreadPool' - with 20 threads.
  Using job-store 'org.springframework.scheduling.quartz.LocalDataSourceJobStore' - which supports persistence. and is clustered.

11:05:51.620 [main] INFO  o.q.i.StdSchedulerFactory - [instantiate,1362] - Quartz scheduler 'schedulerFactoryBean' initialized from an externally provided properties instance.
11:05:51.621 [main] INFO  o.q.i.StdSchedulerFactory - [instantiate,1366] - Quartz scheduler version: 2.3.0
11:05:51.623 [main] INFO  o.q.c.QuartzScheduler - [setJobFactory,2287] - JobFactory set to: org.springframework.scheduling.quartz.AdaptableJobFactory@663f24e6
11:06:01.923 [main] INFO  s.d.s.w.PropertySourcedRequestMappingHandlerMapping - [initHandlerMethods,69] - Mapped URL path [/v2/api-docs] onto method [public org.springframework.http.ResponseEntity<springfox.documentation.spring.web.json.Json> springfox.documentation.swagger2.web.Swagger2Controller.getDocumentation(java.lang.String,javax.servlet.http.HttpServletRequest)]
11:06:03.407 [main] INFO  s.d.s.w.p.DocumentationPluginsBootstrapper - [start,160] - Context refreshed
11:06:03.426 [main] INFO  s.d.s.w.p.DocumentationPluginsBootstrapper - [start,163] - Found 1 custom documentation plugin(s)
11:06:03.527 [main] INFO  s.d.s.w.s.ApiListingReferenceScanner - [scan,41] - Scanning for api listing references
11:06:03.811 [main] INFO  s.d.s.w.r.o.CachingOperationNameGenerator - [startingWith,40] - Generating unique operation named: insertUsingPOST_1
11:06:03.881 [main] INFO  o.a.c.h.Http11NioProtocol - [log,173] - Starting ProtocolHandler ["http-nio-8080"]
11:06:03.895 [main] INFO  o.a.t.u.n.NioSelectorPool - [log,173] - Using a shared selector for servlet write/read
11:06:03.926 [main] INFO  c.r.RuoYiApplication - [logStarted,59] - Started RuoYiApplication in 26.751 seconds (JVM running for 28.634)
11:06:05.325 [Quartz Scheduler [schedulerFactoryBean]] INFO  o.q.c.QuartzScheduler - [start,547] - Scheduler schedulerFactoryBean_$_admin-PC1615518351560 started.
11:06:14.201 [http-nio-8080-exec-1] INFO  o.a.c.c.C.[.[.[/] - [log,173] - Initializing Spring DispatcherServlet 'dispatcherServlet'
11:08:04.558 [Thread-56] INFO  o.q.c.QuartzScheduler - [standby,585] - Scheduler schedulerFactoryBean_$_admin-PC1615518351560 paused.
11:08:04.568 [Thread-56] INFO  o.q.c.QuartzScheduler - [shutdown,666] - Scheduler schedulerFactoryBean_$_admin-PC1615518351560 shutting down.
11:08:04.568 [Thread-56] INFO  o.q.c.QuartzScheduler - [standby,585] - Scheduler schedulerFactoryBean_$_admin-PC1615518351560 paused.
11:08:04.570 [Thread-56] INFO  o.q.c.QuartzScheduler - [shutdown,740] - Scheduler schedulerFactoryBean_$_admin-PC1615518351560 shutdown complete.
11:08:04.570 [Thread-56] INFO  sys-user - [shutdownAsyncManager,31] - ====关闭后台任务任务线程池====
11:08:04.595 [Thread-56] INFO  c.a.d.p.DruidDataSource - [close,1928] - {dataSource-1} closed
11:08:14.876 [main] INFO  c.r.RuoYiApplication - [logStarting,50] - Starting RuoYiApplication on admin-PC with PID 39612 (D:\AsiaEcs\target\classes started by admin in D:\AsiaEcs)
11:08:14.892 [main] INFO  c.r.RuoYiApplication - [logStartupProfileInfo,679] - The following profiles are active: druid
11:08:19.228 [main] INFO  o.a.c.h.Http11NioProtocol - [log,173] - Initializing ProtocolHandler ["http-nio-8080"]
11:08:19.243 [main] INFO  o.a.c.c.StandardService - [log,173] - Starting service [Tomcat]
11:08:19.243 [main] INFO  o.a.c.c.StandardEngine - [log,173] - Starting Servlet Engine: Apache Tomcat/9.0.13
11:08:19.253 [main] INFO  o.a.c.c.AprLifecycleListener - [log,173] - The APR based Apache Tomcat Native library which allows optimal performance in production environments was not found on the java.library.path: [D:\Program Files\Java\jdk1.8.0_73\bin;C:\Windows\Sun\Java\bin;C:\Windows\system32;C:\Windows;D:\Program Files\Java\jdk1.7.0_51\bin;C:\Program Files (x86)\Common Files\Oracle\Java\javapath;C:\Program Files (x86)\NetSarang\Xshell 6\;C:\Program Files (x86)\NetSarang\Xftp 6\;C:\Windows\system32;C:\Windows;C:\Windows\System32\Wbem;C:\Windows\System32\WindowsPowerShell\v1.0\;D:\Program Files\TortoiseSVN\bin;D:\Program Files\Java\jdk1.7.0_51\jre\bin;D:\tools\apache-maven-3.6.3\bin;C:\Program Files\nodejs\;D:\Program Files\Git\cmd;C:\Users\admin\AppData\Roaming\npm;D:\Program Files\VSCode\Microsoft VS Code\bin;.]
11:08:19.389 [main] INFO  o.a.c.c.C.[.[.[/] - [log,173] - Initializing Spring embedded WebApplicationContext
11:08:25.110 [main] INFO  c.a.d.p.DruidDataSource - [init,991] - {dataSource-1} inited
11:08:28.150 [main] INFO  c.r.p.c.CategoryCache - [info,58] - 加载分类信息 size=5334
11:08:28.167 [main] INFO  c.r.p.c.CategoryCache - [info,58] - 加载分类信息完成
11:08:28.995 [main] INFO  o.q.i.StdSchedulerFactory - [instantiate,1208] - Using default implementation for ThreadExecutor
11:08:29.014 [main] INFO  o.q.c.SchedulerSignalerImpl - [<init>,61] - Initialized Scheduler Signaller of type: class org.quartz.core.SchedulerSignalerImpl
11:08:29.015 [main] INFO  o.q.c.QuartzScheduler - [<init>,229] - Quartz Scheduler v.2.3.0 created.
11:08:29.057 [main] INFO  o.q.c.QuartzScheduler - [initialize,294] - Scheduler meta-data: Quartz Scheduler (v2.3.0) 'schedulerFactoryBean' with instanceId 'admin-PC1615518508998'
  Scheduler class: 'org.quartz.core.QuartzScheduler' - running locally.
  NOT STARTED.
  Currently in standby mode.
  Number of jobs executed: 0
  Using thread pool 'org.quartz.simpl.SimpleThreadPool' - with 20 threads.
  Using job-store 'org.springframework.scheduling.quartz.LocalDataSourceJobStore' - which supports persistence. and is clustered.

11:08:29.058 [main] INFO  o.q.i.StdSchedulerFactory - [instantiate,1362] - Quartz scheduler 'schedulerFactoryBean' initialized from an externally provided properties instance.
11:08:29.058 [main] INFO  o.q.i.StdSchedulerFactory - [instantiate,1366] - Quartz scheduler version: 2.3.0
11:08:29.060 [main] INFO  o.q.c.QuartzScheduler - [setJobFactory,2287] - JobFactory set to: org.springframework.scheduling.quartz.AdaptableJobFactory@51efdb72
11:08:39.033 [main] INFO  s.d.s.w.PropertySourcedRequestMappingHandlerMapping - [initHandlerMethods,69] - Mapped URL path [/v2/api-docs] onto method [public org.springframework.http.ResponseEntity<springfox.documentation.spring.web.json.Json> springfox.documentation.swagger2.web.Swagger2Controller.getDocumentation(java.lang.String,javax.servlet.http.HttpServletRequest)]
11:08:40.501 [main] INFO  s.d.s.w.p.DocumentationPluginsBootstrapper - [start,160] - Context refreshed
11:08:40.521 [main] INFO  s.d.s.w.p.DocumentationPluginsBootstrapper - [start,163] - Found 1 custom documentation plugin(s)
11:08:40.619 [main] INFO  s.d.s.w.s.ApiListingReferenceScanner - [scan,41] - Scanning for api listing references
11:08:40.901 [main] INFO  s.d.s.w.r.o.CachingOperationNameGenerator - [startingWith,40] - Generating unique operation named: insertUsingPOST_1
11:08:40.975 [main] INFO  o.a.c.h.Http11NioProtocol - [log,173] - Starting ProtocolHandler ["http-nio-8080"]
11:08:40.990 [main] INFO  o.a.t.u.n.NioSelectorPool - [log,173] - Using a shared selector for servlet write/read
11:08:41.019 [main] INFO  c.r.RuoYiApplication - [logStarted,59] - Started RuoYiApplication in 27.38 seconds (JVM running for 29.297)
11:08:42.390 [Quartz Scheduler [schedulerFactoryBean]] INFO  o.q.c.QuartzScheduler - [start,547] - Scheduler schedulerFactoryBean_$_admin-PC1615518508998 started.
11:09:18.533 [http-nio-8080-exec-1] INFO  o.a.c.c.C.[.[.[/] - [log,173] - Initializing Spring DispatcherServlet 'dispatcherServlet'
11:32:16.659 [Thread-54] INFO  o.q.c.QuartzScheduler - [standby,585] - Scheduler schedulerFactoryBean_$_admin-PC1615518508998 paused.
11:32:16.666 [Thread-54] INFO  o.q.c.QuartzScheduler - [shutdown,666] - Scheduler schedulerFactoryBean_$_admin-PC1615518508998 shutting down.
11:32:16.667 [Thread-54] INFO  o.q.c.QuartzScheduler - [standby,585] - Scheduler schedulerFactoryBean_$_admin-PC1615518508998 paused.
11:32:16.668 [Thread-54] INFO  o.q.c.QuartzScheduler - [shutdown,740] - Scheduler schedulerFactoryBean_$_admin-PC1615518508998 shutdown complete.
11:32:16.669 [Thread-54] INFO  sys-user - [shutdownAsyncManager,31] - ====关闭后台任务任务线程池====
11:32:16.683 [Thread-54] INFO  c.a.d.p.DruidDataSource - [close,1928] - {dataSource-1} closed
11:32:26.678 [main] INFO  c.r.RuoYiApplication - [logStarting,50] - Starting RuoYiApplication on admin-PC with PID 26524 (D:\AsiaEcs\target\classes started by admin in D:\AsiaEcs)
11:32:26.687 [main] INFO  c.r.RuoYiApplication - [logStartupProfileInfo,679] - The following profiles are active: druid
11:32:30.391 [main] INFO  o.a.c.h.Http11NioProtocol - [log,173] - Initializing ProtocolHandler ["http-nio-8080"]
11:32:30.403 [main] INFO  o.a.c.c.StandardService - [log,173] - Starting service [Tomcat]
11:32:30.403 [main] INFO  o.a.c.c.StandardEngine - [log,173] - Starting Servlet Engine: Apache Tomcat/9.0.13
11:32:30.412 [main] INFO  o.a.c.c.AprLifecycleListener - [log,173] - The APR based Apache Tomcat Native library which allows optimal performance in production environments was not found on the java.library.path: [D:\Program Files\Java\jdk1.8.0_73\bin;C:\Windows\Sun\Java\bin;C:\Windows\system32;C:\Windows;D:\Program Files\Java\jdk1.7.0_51\bin;C:\Program Files (x86)\Common Files\Oracle\Java\javapath;C:\Program Files (x86)\NetSarang\Xshell 6\;C:\Program Files (x86)\NetSarang\Xftp 6\;C:\Windows\system32;C:\Windows;C:\Windows\System32\Wbem;C:\Windows\System32\WindowsPowerShell\v1.0\;D:\Program Files\TortoiseSVN\bin;D:\Program Files\Java\jdk1.7.0_51\jre\bin;D:\tools\apache-maven-3.6.3\bin;C:\Program Files\nodejs\;D:\Program Files\Git\cmd;C:\Users\admin\AppData\Roaming\npm;D:\Program Files\VSCode\Microsoft VS Code\bin;.]
11:32:30.565 [main] INFO  o.a.c.c.C.[.[.[/] - [log,173] - Initializing Spring embedded WebApplicationContext
11:32:36.389 [main] INFO  c.a.d.p.DruidDataSource - [init,991] - {dataSource-1} inited
11:32:39.113 [main] INFO  c.r.p.c.CategoryCache - [info,58] - 加载分类信息 size=5334
11:32:39.137 [main] INFO  c.r.p.c.CategoryCache - [info,58] - 加载分类信息完成
11:32:40.016 [main] INFO  o.q.i.StdSchedulerFactory - [instantiate,1208] - Using default implementation for ThreadExecutor
11:32:40.037 [main] INFO  o.q.c.SchedulerSignalerImpl - [<init>,61] - Initialized Scheduler Signaller of type: class org.quartz.core.SchedulerSignalerImpl
11:32:40.038 [main] INFO  o.q.c.QuartzScheduler - [<init>,229] - Quartz Scheduler v.2.3.0 created.
11:32:40.084 [main] INFO  o.q.c.QuartzScheduler - [initialize,294] - Scheduler meta-data: Quartz Scheduler (v2.3.0) 'schedulerFactoryBean' with instanceId 'admin-PC1615519960018'
  Scheduler class: 'org.quartz.core.QuartzScheduler' - running locally.
  NOT STARTED.
  Currently in standby mode.
  Number of jobs executed: 0
  Using thread pool 'org.quartz.simpl.SimpleThreadPool' - with 20 threads.
  Using job-store 'org.springframework.scheduling.quartz.LocalDataSourceJobStore' - which supports persistence. and is clustered.

11:32:40.084 [main] INFO  o.q.i.StdSchedulerFactory - [instantiate,1362] - Quartz scheduler 'schedulerFactoryBean' initialized from an externally provided properties instance.
11:32:40.084 [main] INFO  o.q.i.StdSchedulerFactory - [instantiate,1366] - Quartz scheduler version: 2.3.0
11:32:40.086 [main] INFO  o.q.c.QuartzScheduler - [setJobFactory,2287] - JobFactory set to: org.springframework.scheduling.quartz.AdaptableJobFactory@265c0752
11:32:50.959 [main] INFO  s.d.s.w.PropertySourcedRequestMappingHandlerMapping - [initHandlerMethods,69] - Mapped URL path [/v2/api-docs] onto method [public org.springframework.http.ResponseEntity<springfox.documentation.spring.web.json.Json> springfox.documentation.swagger2.web.Swagger2Controller.getDocumentation(java.lang.String,javax.servlet.http.HttpServletRequest)]
11:32:52.418 [main] INFO  s.d.s.w.p.DocumentationPluginsBootstrapper - [start,160] - Context refreshed
11:32:52.444 [main] INFO  s.d.s.w.p.DocumentationPluginsBootstrapper - [start,163] - Found 1 custom documentation plugin(s)
11:32:52.536 [main] INFO  s.d.s.w.s.ApiListingReferenceScanner - [scan,41] - Scanning for api listing references
11:32:52.837 [main] INFO  s.d.s.w.r.o.CachingOperationNameGenerator - [startingWith,40] - Generating unique operation named: insertUsingPOST_1
11:32:52.906 [main] INFO  o.a.c.h.Http11NioProtocol - [log,173] - Starting ProtocolHandler ["http-nio-8080"]
11:32:52.919 [main] INFO  o.a.t.u.n.NioSelectorPool - [log,173] - Using a shared selector for servlet write/read
11:32:52.949 [main] INFO  c.r.RuoYiApplication - [logStarted,59] - Started RuoYiApplication in 27.146 seconds (JVM running for 28.826)
11:32:54.454 [Quartz Scheduler [schedulerFactoryBean]] INFO  o.q.c.QuartzScheduler - [start,547] - Scheduler schedulerFactoryBean_$_admin-PC1615519960018 started.
11:33:41.195 [http-nio-8080-exec-1] INFO  o.a.c.c.C.[.[.[/] - [log,173] - Initializing Spring DispatcherServlet 'dispatcherServlet'
13:39:04.632 [Thread-58] INFO  o.q.c.QuartzScheduler - [standby,585] - Scheduler schedulerFactoryBean_$_admin-PC1615519960018 paused.
13:39:04.654 [Thread-58] INFO  o.q.c.QuartzScheduler - [shutdown,666] - Scheduler schedulerFactoryBean_$_admin-PC1615519960018 shutting down.
13:39:04.654 [Thread-58] INFO  o.q.c.QuartzScheduler - [standby,585] - Scheduler schedulerFactoryBean_$_admin-PC1615519960018 paused.
13:39:04.655 [Thread-58] INFO  o.q.c.QuartzScheduler - [shutdown,740] - Scheduler schedulerFactoryBean_$_admin-PC1615519960018 shutdown complete.
13:39:04.656 [Thread-58] INFO  sys-user - [shutdownAsyncManager,31] - ====关闭后台任务任务线程池====
13:39:04.667 [Thread-58] INFO  c.a.d.p.DruidDataSource - [close,1928] - {dataSource-1} closed
13:39:58.327 [main] INFO  c.r.RuoYiApplication - [logStarting,50] - Starting RuoYiApplication on admin-PC with PID 9456 (D:\AsiaEcs\target\classes started by admin in D:\AsiaEcs)
13:39:58.340 [main] INFO  c.r.RuoYiApplication - [logStartupProfileInfo,679] - The following profiles are active: druid
13:40:02.110 [main] INFO  o.a.c.h.Http11NioProtocol - [log,173] - Initializing ProtocolHandler ["http-nio-8080"]
13:40:02.125 [main] INFO  o.a.c.c.StandardService - [log,173] - Starting service [Tomcat]
13:40:02.126 [main] INFO  o.a.c.c.StandardEngine - [log,173] - Starting Servlet Engine: Apache Tomcat/9.0.13
13:40:02.136 [main] INFO  o.a.c.c.AprLifecycleListener - [log,173] - The APR based Apache Tomcat Native library which allows optimal performance in production environments was not found on the java.library.path: [D:\Program Files\Java\jdk1.8.0_73\bin;C:\Windows\Sun\Java\bin;C:\Windows\system32;C:\Windows;D:\Program Files\Java\jdk1.7.0_51\bin;C:\Program Files (x86)\Common Files\Oracle\Java\javapath;C:\Program Files (x86)\NetSarang\Xshell 6\;C:\Program Files (x86)\NetSarang\Xftp 6\;C:\Windows\system32;C:\Windows;C:\Windows\System32\Wbem;C:\Windows\System32\WindowsPowerShell\v1.0\;D:\Program Files\TortoiseSVN\bin;D:\Program Files\Java\jdk1.7.0_51\jre\bin;D:\tools\apache-maven-3.6.3\bin;C:\Program Files\nodejs\;D:\Program Files\Git\cmd;C:\Users\admin\AppData\Roaming\npm;D:\Program Files\VSCode\Microsoft VS Code\bin;.]
13:40:02.274 [main] INFO  o.a.c.c.C.[.[.[/] - [log,173] - Initializing Spring embedded WebApplicationContext
13:40:07.934 [main] INFO  c.a.d.p.DruidDataSource - [init,991] - {dataSource-1} inited
13:40:10.979 [main] INFO  c.r.p.c.CategoryCache - [info,58] - 加载分类信息 size=5334
13:40:10.997 [main] INFO  c.r.p.c.CategoryCache - [info,58] - 加载分类信息完成
13:40:11.452 [main] INFO  o.q.i.StdSchedulerFactory - [instantiate,1208] - Using default implementation for ThreadExecutor
13:40:11.868 [main] INFO  o.q.c.SchedulerSignalerImpl - [<init>,61] - Initialized Scheduler Signaller of type: class org.quartz.core.SchedulerSignalerImpl
13:40:11.869 [main] INFO  o.q.c.QuartzScheduler - [<init>,229] - Quartz Scheduler v.2.3.0 created.
13:40:11.910 [main] INFO  o.q.c.QuartzScheduler - [initialize,294] - Scheduler meta-data: Quartz Scheduler (v2.3.0) 'schedulerFactoryBean' with instanceId 'admin-PC1615527611454'
  Scheduler class: 'org.quartz.core.QuartzScheduler' - running locally.
  NOT STARTED.
  Currently in standby mode.
  Number of jobs executed: 0
  Using thread pool 'org.quartz.simpl.SimpleThreadPool' - with 20 threads.
  Using job-store 'org.springframework.scheduling.quartz.LocalDataSourceJobStore' - which supports persistence. and is clustered.

13:40:11.911 [main] INFO  o.q.i.StdSchedulerFactory - [instantiate,1362] - Quartz scheduler 'schedulerFactoryBean' initialized from an externally provided properties instance.
13:40:11.911 [main] INFO  o.q.i.StdSchedulerFactory - [instantiate,1366] - Quartz scheduler version: 2.3.0
13:40:11.913 [main] INFO  o.q.c.QuartzScheduler - [setJobFactory,2287] - JobFactory set to: org.springframework.scheduling.quartz.AdaptableJobFactory@265c0752
13:40:21.804 [main] INFO  s.d.s.w.PropertySourcedRequestMappingHandlerMapping - [initHandlerMethods,69] - Mapped URL path [/v2/api-docs] onto method [public org.springframework.http.ResponseEntity<springfox.documentation.spring.web.json.Json> springfox.documentation.swagger2.web.Swagger2Controller.getDocumentation(java.lang.String,javax.servlet.http.HttpServletRequest)]
13:40:23.278 [main] INFO  s.d.s.w.p.DocumentationPluginsBootstrapper - [start,160] - Context refreshed
13:40:23.297 [main] INFO  s.d.s.w.p.DocumentationPluginsBootstrapper - [start,163] - Found 1 custom documentation plugin(s)
13:40:23.408 [main] INFO  s.d.s.w.s.ApiListingReferenceScanner - [scan,41] - Scanning for api listing references
13:40:23.744 [main] INFO  s.d.s.w.r.o.CachingOperationNameGenerator - [startingWith,40] - Generating unique operation named: insertUsingPOST_1
13:40:23.817 [main] INFO  o.a.c.h.Http11NioProtocol - [log,173] - Starting ProtocolHandler ["http-nio-8080"]
13:40:23.830 [main] INFO  o.a.t.u.n.NioSelectorPool - [log,173] - Using a shared selector for servlet write/read
13:40:23.860 [main] INFO  c.r.RuoYiApplication - [logStarted,59] - Started RuoYiApplication in 26.589 seconds (JVM running for 28.507)
13:40:24.473 [http-nio-8080-exec-1] INFO  o.a.c.c.C.[.[.[/] - [log,173] - Initializing Spring DispatcherServlet 'dispatcherServlet'
13:40:25.302 [Quartz Scheduler [schedulerFactoryBean]] INFO  o.q.c.QuartzScheduler - [start,547] - Scheduler schedulerFactoryBean_$_admin-PC1615527611454 started.
13:59:01.877 [Thread-57] INFO  o.q.c.QuartzScheduler - [standby,585] - Scheduler schedulerFactoryBean_$_admin-PC1615527611454 paused.
13:59:01.884 [Thread-57] INFO  o.q.c.QuartzScheduler - [shutdown,666] - Scheduler schedulerFactoryBean_$_admin-PC1615527611454 shutting down.
13:59:01.884 [Thread-57] INFO  o.q.c.QuartzScheduler - [standby,585] - Scheduler schedulerFactoryBean_$_admin-PC1615527611454 paused.
13:59:01.888 [Thread-57] INFO  o.q.c.QuartzScheduler - [shutdown,740] - Scheduler schedulerFactoryBean_$_admin-PC1615527611454 shutdown complete.
13:59:01.888 [Thread-57] INFO  sys-user - [shutdownAsyncManager,31] - ====关闭后台任务任务线程池====
13:59:01.900 [Thread-57] INFO  c.a.d.p.DruidDataSource - [close,1928] - {dataSource-1} closed
13:59:12.343 [main] INFO  c.r.RuoYiApplication - [logStarting,50] - Starting RuoYiApplication on admin-PC with PID 90804 (D:\AsiaEcs\target\classes started by admin in D:\AsiaEcs)
13:59:12.352 [main] INFO  c.r.RuoYiApplication - [logStartupProfileInfo,679] - The following profiles are active: druid
13:59:16.676 [main] INFO  o.a.c.h.Http11NioProtocol - [log,173] - Initializing ProtocolHandler ["http-nio-8080"]
13:59:16.693 [main] INFO  o.a.c.c.StandardService - [log,173] - Starting service [Tomcat]
13:59:16.693 [main] INFO  o.a.c.c.StandardEngine - [log,173] - Starting Servlet Engine: Apache Tomcat/9.0.13
13:59:16.705 [main] INFO  o.a.c.c.AprLifecycleListener - [log,173] - The APR based Apache Tomcat Native library which allows optimal performance in production environments was not found on the java.library.path: [D:\Program Files\Java\jdk1.8.0_73\bin;C:\Windows\Sun\Java\bin;C:\Windows\system32;C:\Windows;D:\Program Files\Java\jdk1.7.0_51\bin;C:\Program Files (x86)\Common Files\Oracle\Java\javapath;C:\Program Files (x86)\NetSarang\Xshell 6\;C:\Program Files (x86)\NetSarang\Xftp 6\;C:\Windows\system32;C:\Windows;C:\Windows\System32\Wbem;C:\Windows\System32\WindowsPowerShell\v1.0\;D:\Program Files\TortoiseSVN\bin;D:\Program Files\Java\jdk1.7.0_51\jre\bin;D:\tools\apache-maven-3.6.3\bin;C:\Program Files\nodejs\;D:\Program Files\Git\cmd;C:\Users\admin\AppData\Roaming\npm;D:\Program Files\VSCode\Microsoft VS Code\bin;.]
13:59:16.849 [main] INFO  o.a.c.c.C.[.[.[/] - [log,173] - Initializing Spring embedded WebApplicationContext
13:59:22.641 [main] INFO  c.a.d.p.DruidDataSource - [init,991] - {dataSource-1} inited
13:59:25.506 [main] INFO  c.r.p.c.CategoryCache - [info,58] - 加载分类信息 size=5334
13:59:25.527 [main] INFO  c.r.p.c.CategoryCache - [info,58] - 加载分类信息完成
13:59:26.420 [main] INFO  o.q.i.StdSchedulerFactory - [instantiate,1208] - Using default implementation for ThreadExecutor
13:59:26.441 [main] INFO  o.q.c.SchedulerSignalerImpl - [<init>,61] - Initialized Scheduler Signaller of type: class org.quartz.core.SchedulerSignalerImpl
13:59:26.442 [main] INFO  o.q.c.QuartzScheduler - [<init>,229] - Quartz Scheduler v.2.3.0 created.
13:59:26.494 [main] INFO  o.q.c.QuartzScheduler - [initialize,294] - Scheduler meta-data: Quartz Scheduler (v2.3.0) 'schedulerFactoryBean' with instanceId 'admin-PC1615528766423'
  Scheduler class: 'org.quartz.core.QuartzScheduler' - running locally.
  NOT STARTED.
  Currently in standby mode.
  Number of jobs executed: 0
  Using thread pool 'org.quartz.simpl.SimpleThreadPool' - with 20 threads.
  Using job-store 'org.springframework.scheduling.quartz.LocalDataSourceJobStore' - which supports persistence. and is clustered.

13:59:26.495 [main] INFO  o.q.i.StdSchedulerFactory - [instantiate,1362] - Quartz scheduler 'schedulerFactoryBean' initialized from an externally provided properties instance.
13:59:26.495 [main] INFO  o.q.i.StdSchedulerFactory - [instantiate,1366] - Quartz scheduler version: 2.3.0
13:59:26.497 [main] INFO  o.q.c.QuartzScheduler - [setJobFactory,2287] - JobFactory set to: org.springframework.scheduling.quartz.AdaptableJobFactory@2184962c
13:59:40.497 [main] INFO  s.d.s.w.PropertySourcedRequestMappingHandlerMapping - [initHandlerMethods,69] - Mapped URL path [/v2/api-docs] onto method [public org.springframework.http.ResponseEntity<springfox.documentation.spring.web.json.Json> springfox.documentation.swagger2.web.Swagger2Controller.getDocumentation(java.lang.String,javax.servlet.http.HttpServletRequest)]
13:59:42.070 [main] INFO  s.d.s.w.p.DocumentationPluginsBootstrapper - [start,160] - Context refreshed
13:59:42.093 [main] INFO  s.d.s.w.p.DocumentationPluginsBootstrapper - [start,163] - Found 1 custom documentation plugin(s)
13:59:42.196 [main] INFO  s.d.s.w.s.ApiListingReferenceScanner - [scan,41] - Scanning for api listing references
13:59:42.501 [main] INFO  s.d.s.w.r.o.CachingOperationNameGenerator - [startingWith,40] - Generating unique operation named: insertUsingPOST_1
13:59:42.584 [main] INFO  o.a.c.h.Http11NioProtocol - [log,173] - Starting ProtocolHandler ["http-nio-8080"]
13:59:42.599 [main] INFO  o.a.t.u.n.NioSelectorPool - [log,173] - Using a shared selector for servlet write/read
13:59:42.632 [main] INFO  c.r.RuoYiApplication - [logStarted,59] - Started RuoYiApplication in 31.726 seconds (JVM running for 33.875)
13:59:44.618 [Quartz Scheduler [schedulerFactoryBean]] INFO  o.q.c.QuartzScheduler - [start,547] - Scheduler schedulerFactoryBean_$_admin-PC1615528766423 started.
13:59:47.709 [Thread-67] INFO  o.q.c.QuartzScheduler - [standby,585] - Scheduler schedulerFactoryBean_$_admin-PC1615528766423 paused.
13:59:47.717 [Thread-67] INFO  o.q.c.QuartzScheduler - [shutdown,666] - Scheduler schedulerFactoryBean_$_admin-PC1615528766423 shutting down.
13:59:47.717 [Thread-67] INFO  o.q.c.QuartzScheduler - [standby,585] - Scheduler schedulerFactoryBean_$_admin-PC1615528766423 paused.
13:59:47.719 [Thread-67] INFO  o.q.c.QuartzScheduler - [shutdown,740] - Scheduler schedulerFactoryBean_$_admin-PC1615528766423 shutdown complete.
13:59:47.719 [Thread-67] INFO  sys-user - [shutdownAsyncManager,31] - ====关闭后台任务任务线程池====
13:59:47.736 [Thread-67] INFO  c.a.d.p.DruidDataSource - [close,1928] - {dataSource-1} closed
14:00:20.936 [main] INFO  c.r.RuoYiApplication - [logStarting,50] - Starting RuoYiApplication on admin-PC with PID 90296 (D:\AsiaEcs\target\classes started by admin in D:\AsiaEcs)
14:00:20.937 [main] INFO  c.r.RuoYiApplication - [logStartupProfileInfo,679] - The following profiles are active: druid
14:00:25.384 [main] INFO  o.a.c.h.Http11NioProtocol - [log,173] - Initializing ProtocolHandler ["http-nio-8080"]
14:00:25.399 [main] INFO  o.a.c.c.StandardService - [log,173] - Starting service [Tomcat]
14:00:25.399 [main] INFO  o.a.c.c.StandardEngine - [log,173] - Starting Servlet Engine: Apache Tomcat/9.0.13
14:00:25.409 [main] INFO  o.a.c.c.AprLifecycleListener - [log,173] - The APR based Apache Tomcat Native library which allows optimal performance in production environments was not found on the java.library.path: [D:\Program Files\Java\jdk1.8.0_73\bin;C:\Windows\Sun\Java\bin;C:\Windows\system32;C:\Windows;D:\Program Files\Java\jdk1.7.0_51\bin;C:\Program Files (x86)\Common Files\Oracle\Java\javapath;C:\Program Files (x86)\NetSarang\Xshell 6\;C:\Program Files (x86)\NetSarang\Xftp 6\;C:\Windows\system32;C:\Windows;C:\Windows\System32\Wbem;C:\Windows\System32\WindowsPowerShell\v1.0\;D:\Program Files\TortoiseSVN\bin;D:\Program Files\Java\jdk1.7.0_51\jre\bin;D:\tools\apache-maven-3.6.3\bin;C:\Program Files\nodejs\;D:\Program Files\Git\cmd;C:\Users\admin\AppData\Roaming\npm;D:\Program Files\VSCode\Microsoft VS Code\bin;.]
14:00:25.563 [main] INFO  o.a.c.c.C.[.[.[/] - [log,173] - Initializing Spring embedded WebApplicationContext
14:00:31.670 [main] INFO  c.a.d.p.DruidDataSource - [init,991] - {dataSource-1} inited
14:00:34.660 [main] INFO  c.r.p.c.CategoryCache - [info,58] - 加载分类信息 size=5334
14:00:34.688 [main] INFO  c.r.p.c.CategoryCache - [info,58] - 加载分类信息完成
14:00:35.686 [main] INFO  o.q.i.StdSchedulerFactory - [instantiate,1208] - Using default implementation for ThreadExecutor
14:00:35.705 [main] INFO  o.q.c.SchedulerSignalerImpl - [<init>,61] - Initialized Scheduler Signaller of type: class org.quartz.core.SchedulerSignalerImpl
14:00:35.706 [main] INFO  o.q.c.QuartzScheduler - [<init>,229] - Quartz Scheduler v.2.3.0 created.
14:00:35.752 [main] INFO  o.q.c.QuartzScheduler - [initialize,294] - Scheduler meta-data: Quartz Scheduler (v2.3.0) 'schedulerFactoryBean' with instanceId 'admin-PC1615528835688'
  Scheduler class: 'org.quartz.core.QuartzScheduler' - running locally.
  NOT STARTED.
  Currently in standby mode.
  Number of jobs executed: 0
  Using thread pool 'org.quartz.simpl.SimpleThreadPool' - with 20 threads.
  Using job-store 'org.springframework.scheduling.quartz.LocalDataSourceJobStore' - which supports persistence. and is clustered.

14:00:35.752 [main] INFO  o.q.i.StdSchedulerFactory - [instantiate,1362] - Quartz scheduler 'schedulerFactoryBean' initialized from an externally provided properties instance.
14:00:35.752 [main] INFO  o.q.i.StdSchedulerFactory - [instantiate,1366] - Quartz scheduler version: 2.3.0
14:00:35.755 [main] INFO  o.q.c.QuartzScheduler - [setJobFactory,2287] - JobFactory set to: org.springframework.scheduling.quartz.AdaptableJobFactory@6055e899
14:00:45.539 [main] INFO  s.d.s.w.PropertySourcedRequestMappingHandlerMapping - [initHandlerMethods,69] - Mapped URL path [/v2/api-docs] onto method [public org.springframework.http.ResponseEntity<springfox.documentation.spring.web.json.Json> springfox.documentation.swagger2.web.Swagger2Controller.getDocumentation(java.lang.String,javax.servlet.http.HttpServletRequest)]
14:00:47.059 [main] INFO  s.d.s.w.p.DocumentationPluginsBootstrapper - [start,160] - Context refreshed
14:00:47.078 [main] INFO  s.d.s.w.p.DocumentationPluginsBootstrapper - [start,163] - Found 1 custom documentation plugin(s)
14:00:47.175 [main] INFO  s.d.s.w.s.ApiListingReferenceScanner - [scan,41] - Scanning for api listing references
14:00:47.460 [main] INFO  s.d.s.w.r.o.CachingOperationNameGenerator - [startingWith,40] - Generating unique operation named: insertUsingPOST_1
14:00:47.529 [main] INFO  o.a.c.h.Http11NioProtocol - [log,173] - Starting ProtocolHandler ["http-nio-8080"]
14:00:47.543 [main] INFO  o.a.t.u.n.NioSelectorPool - [log,173] - Using a shared selector for servlet write/read
14:00:47.573 [main] INFO  c.r.RuoYiApplication - [logStarted,59] - Started RuoYiApplication in 27.743 seconds (JVM running for 30.677)
14:00:48.943 [Quartz Scheduler [schedulerFactoryBean]] INFO  o.q.c.QuartzScheduler - [start,547] - Scheduler schedulerFactoryBean_$_admin-PC1615528835688 started.
14:01:55.518 [http-nio-8080-exec-1] INFO  o.a.c.c.C.[.[.[/] - [log,173] - Initializing Spring DispatcherServlet 'dispatcherServlet'
14:34:58.790 [main] INFO  c.r.RuoYiApplication - [logStarting,50] - Starting RuoYiApplication on admin-PC with PID 70300 (D:\AsiaErp\target\classes started by admin in D:\AsiaErp)
14:34:58.800 [main] INFO  c.r.RuoYiApplication - [logStartupProfileInfo,679] - The following profiles are active: druid
14:35:03.882 [main] INFO  o.a.c.h.Http11NioProtocol - [log,173] - Initializing ProtocolHandler ["http-nio-8180"]
14:35:03.898 [main] INFO  o.a.c.c.StandardService - [log,173] - Starting service [Tomcat]
14:35:03.898 [main] INFO  o.a.c.c.StandardEngine - [log,173] - Starting Servlet Engine: Apache Tomcat/9.0.13
14:35:03.912 [main] INFO  o.a.c.c.AprLifecycleListener - [log,173] - The APR based Apache Tomcat Native library which allows optimal performance in production environments was not found on the java.library.path: [D:\Program Files\Java\jdk1.8.0_73\bin;C:\Windows\Sun\Java\bin;C:\Windows\system32;C:\Windows;D:\Program Files\Java\jdk1.7.0_51\bin;C:\Program Files (x86)\Common Files\Oracle\Java\javapath;C:\Program Files (x86)\NetSarang\Xshell 6\;C:\Program Files (x86)\NetSarang\Xftp 6\;C:\Windows\system32;C:\Windows;C:\Windows\System32\Wbem;C:\Windows\System32\WindowsPowerShell\v1.0\;D:\Program Files\TortoiseSVN\bin;D:\Program Files\Java\jdk1.7.0_51\jre\bin;D:\tools\apache-maven-3.6.3\bin;C:\Program Files\nodejs\;D:\Program Files\Git\cmd;C:\Users\admin\AppData\Roaming\npm;D:\Program Files\VSCode\Microsoft VS Code\bin;.]
14:35:04.104 [main] INFO  o.a.c.c.C.[.[.[/] - [log,173] - Initializing Spring embedded WebApplicationContext
14:35:15.362 [main] INFO  c.a.d.p.DruidDataSource - [init,991] - {dataSource-1} inited
14:35:18.575 [main] INFO  c.r.p.c.CategoryCache - [info,58] - 加载分类信息 size=5334
14:35:18.597 [main] INFO  c.r.p.c.CategoryCache - [info,58] - 加载分类信息完成
14:35:19.077 [main] INFO  o.q.i.StdSchedulerFactory - [instantiate,1208] - Using default implementation for ThreadExecutor
14:35:19.664 [main] INFO  o.q.c.SchedulerSignalerImpl - [<init>,61] - Initialized Scheduler Signaller of type: class org.quartz.core.SchedulerSignalerImpl
14:35:19.664 [main] INFO  o.q.c.QuartzScheduler - [<init>,229] - Quartz Scheduler v.2.3.0 created.
14:35:19.716 [main] INFO  o.q.c.QuartzScheduler - [initialize,294] - Scheduler meta-data: Quartz Scheduler (v2.3.0) 'RuoyiScheduler' with instanceId 'admin-PC1615530919080'
  Scheduler class: 'org.quartz.core.QuartzScheduler' - running locally.
  NOT STARTED.
  Currently in standby mode.
  Number of jobs executed: 0
  Using thread pool 'org.quartz.simpl.SimpleThreadPool' - with 20 threads.
  Using job-store 'org.springframework.scheduling.quartz.LocalDataSourceJobStore' - which supports persistence. and is clustered.

14:35:19.716 [main] INFO  o.q.i.StdSchedulerFactory - [instantiate,1362] - Quartz scheduler 'RuoyiScheduler' initialized from an externally provided properties instance.
14:35:19.717 [main] INFO  o.q.i.StdSchedulerFactory - [instantiate,1366] - Quartz scheduler version: 2.3.0
14:35:19.719 [main] INFO  o.q.c.QuartzScheduler - [setJobFactory,2287] - JobFactory set to: org.springframework.scheduling.quartz.AdaptableJobFactory@19855799
14:35:30.883 [main] INFO  s.d.s.w.PropertySourcedRequestMappingHandlerMapping - [initHandlerMethods,69] - Mapped URL path [/v2/api-docs] onto method [public org.springframework.http.ResponseEntity<springfox.documentation.spring.web.json.Json> springfox.documentation.swagger2.web.Swagger2Controller.getDocumentation(java.lang.String,javax.servlet.http.HttpServletRequest)]
14:35:32.776 [main] INFO  s.d.s.w.p.DocumentationPluginsBootstrapper - [start,160] - Context refreshed
14:35:32.826 [main] INFO  s.d.s.w.p.DocumentationPluginsBootstrapper - [start,163] - Found 1 custom documentation plugin(s)
14:35:33.034 [main] INFO  s.d.s.w.s.ApiListingReferenceScanner - [scan,41] - Scanning for api listing references
14:35:33.438 [main] INFO  s.d.s.w.r.o.CachingOperationNameGenerator - [startingWith,40] - Generating unique operation named: addUsingPOST_1
14:35:33.441 [main] INFO  s.d.s.w.r.o.CachingOperationNameGenerator - [startingWith,40] - Generating unique operation named: editUsingPUT_1
14:35:33.452 [main] INFO  s.d.s.w.r.o.CachingOperationNameGenerator - [startingWith,40] - Generating unique operation named: exportUsingGET_1
14:35:33.455 [main] INFO  s.d.s.w.r.o.CachingOperationNameGenerator - [startingWith,40] - Generating unique operation named: getInfoUsingGET_1
14:35:33.461 [main] INFO  s.d.s.w.r.o.CachingOperationNameGenerator - [startingWith,40] - Generating unique operation named: listUsingGET_1
14:35:33.467 [main] INFO  s.d.s.w.r.o.CachingOperationNameGenerator - [startingWith,40] - Generating unique operation named: removeUsingDELETE_1
14:35:33.488 [main] INFO  s.d.s.w.r.o.CachingOperationNameGenerator - [startingWith,40] - Generating unique operation named: addUsingPOST_2
14:35:33.492 [main] INFO  s.d.s.w.r.o.CachingOperationNameGenerator - [startingWith,40] - Generating unique operation named: editUsingPUT_2
14:35:33.502 [main] INFO  s.d.s.w.r.o.CachingOperationNameGenerator - [startingWith,40] - Generating unique operation named: exportUsingGET_2
14:35:33.505 [main] INFO  s.d.s.w.r.o.CachingOperationNameGenerator - [startingWith,40] - Generating unique operation named: getInfoUsingGET_2
14:35:33.510 [main] INFO  s.d.s.w.r.o.CachingOperationNameGenerator - [startingWith,40] - Generating unique operation named: listUsingGET_2
14:35:33.513 [main] INFO  s.d.s.w.r.o.CachingOperationNameGenerator - [startingWith,40] - Generating unique operation named: removeUsingDELETE_2
14:35:33.520 [main] INFO  s.d.s.w.r.o.CachingOperationNameGenerator - [startingWith,40] - Generating unique operation named: deleteUsingPOST_1
14:35:33.531 [main] INFO  s.d.s.w.r.o.CachingOperationNameGenerator - [startingWith,40] - Generating unique operation named: insertOrUpdateUsingPOST_1
14:35:33.579 [main] INFO  s.d.s.w.r.o.CachingOperationNameGenerator - [startingWith,40] - Generating unique operation named: addUsingPOST_3
14:35:33.585 [main] INFO  s.d.s.w.r.o.CachingOperationNameGenerator - [startingWith,40] - Generating unique operation named: editUsingPUT_3
14:35:33.591 [main] INFO  s.d.s.w.r.o.CachingOperationNameGenerator - [startingWith,40] - Generating unique operation named: exportUsingGET_3
14:35:33.594 [main] INFO  s.d.s.w.r.o.CachingOperationNameGenerator - [startingWith,40] - Generating unique operation named: getInfoUsingGET_3
14:35:33.601 [main] INFO  s.d.s.w.r.o.CachingOperationNameGenerator - [startingWith,40] - Generating unique operation named: listUsingGET_3
14:35:33.605 [main] INFO  s.d.s.w.r.o.CachingOperationNameGenerator - [startingWith,40] - Generating unique operation named: removeUsingDELETE_3
14:35:33.618 [main] INFO  s.d.s.w.r.o.CachingOperationNameGenerator - [startingWith,40] - Generating unique operation named: addUsingPOST_4
14:35:33.620 [main] INFO  s.d.s.w.r.o.CachingOperationNameGenerator - [startingWith,40] - Generating unique operation named: editUsingPUT_4
14:35:33.625 [main] INFO  s.d.s.w.r.o.CachingOperationNameGenerator - [startingWith,40] - Generating unique operation named: exportUsingGET_4
14:35:33.629 [main] INFO  s.d.s.w.r.o.CachingOperationNameGenerator - [startingWith,40] - Generating unique operation named: getInfoUsingGET_4
14:35:33.634 [main] INFO  s.d.s.w.r.o.CachingOperationNameGenerator - [startingWith,40] - Generating unique operation named: listUsingGET_4
14:35:33.637 [main] INFO  s.d.s.w.r.o.CachingOperationNameGenerator - [startingWith,40] - Generating unique operation named: removeUsingDELETE_4
14:35:33.657 [main] INFO  s.d.s.w.r.o.CachingOperationNameGenerator - [startingWith,40] - Generating unique operation named: addUsingPOST_5
14:35:33.663 [main] INFO  s.d.s.w.r.o.CachingOperationNameGenerator - [startingWith,40] - Generating unique operation named: editUsingPUT_5
14:35:33.684 [main] INFO  s.d.s.w.r.o.CachingOperationNameGenerator - [startingWith,40] - Generating unique operation named: exportUsingGET_5
14:35:33.690 [main] INFO  s.d.s.w.r.o.CachingOperationNameGenerator - [startingWith,40] - Generating unique operation named: getInfoUsingGET_5
14:35:33.695 [main] INFO  s.d.s.w.r.o.CachingOperationNameGenerator - [startingWith,40] - Generating unique operation named: listUsingGET_5
14:35:33.700 [main] INFO  s.d.s.w.r.o.CachingOperationNameGenerator - [startingWith,40] - Generating unique operation named: removeUsingDELETE_5
14:35:33.820 [main] INFO  s.d.s.w.r.o.CachingOperationNameGenerator - [startingWith,40] - Generating unique operation named: addUsingPOST_6
14:35:33.876 [main] INFO  s.d.s.w.r.o.CachingOperationNameGenerator - [startingWith,40] - Generating unique operation named: editUsingPUT_6
14:35:33.908 [main] INFO  s.d.s.w.r.o.CachingOperationNameGenerator - [startingWith,40] - Generating unique operation named: exportUsingGET_6
14:35:33.916 [main] INFO  s.d.s.w.r.o.CachingOperationNameGenerator - [startingWith,40] - Generating unique operation named: getInfoUsingGET_6
14:35:33.934 [main] INFO  s.d.s.w.r.o.CachingOperationNameGenerator - [startingWith,40] - Generating unique operation named: listUsingGET_6
14:35:33.943 [main] INFO  s.d.s.w.r.o.CachingOperationNameGenerator - [startingWith,40] - Generating unique operation named: removeUsingDELETE_6
14:35:33.955 [main] INFO  s.d.s.w.r.o.CachingOperationNameGenerator - [startingWith,40] - Generating unique operation named: addUsingPOST_7
14:35:33.957 [main] INFO  s.d.s.w.r.o.CachingOperationNameGenerator - [startingWith,40] - Generating unique operation named: editUsingPUT_7
14:35:33.963 [main] INFO  s.d.s.w.r.o.CachingOperationNameGenerator - [startingWith,40] - Generating unique operation named: exportUsingGET_7
14:35:33.967 [main] INFO  s.d.s.w.r.o.CachingOperationNameGenerator - [startingWith,40] - Generating unique operation named: getInfoUsingGET_7
14:35:33.970 [main] INFO  s.d.s.w.r.o.CachingOperationNameGenerator - [startingWith,40] - Generating unique operation named: listUsingGET_7
14:35:33.973 [main] INFO  s.d.s.w.r.o.CachingOperationNameGenerator - [startingWith,40] - Generating unique operation named: removeUsingDELETE_7
14:35:33.976 [main] INFO  s.d.s.w.r.o.CachingOperationNameGenerator - [startingWith,40] - Generating unique operation named: addUsingPOST_8
14:35:33.978 [main] INFO  s.d.s.w.r.o.CachingOperationNameGenerator - [startingWith,40] - Generating unique operation named: editUsingPUT_8
14:35:33.983 [main] INFO  s.d.s.w.r.o.CachingOperationNameGenerator - [startingWith,40] - Generating unique operation named: exportUsingGET_8
14:35:33.987 [main] INFO  s.d.s.w.r.o.CachingOperationNameGenerator - [startingWith,40] - Generating unique operation named: getInfoUsingGET_8
14:35:33.990 [main] INFO  s.d.s.w.r.o.CachingOperationNameGenerator - [startingWith,40] - Generating unique operation named: listUsingGET_8
14:35:33.991 [main] INFO  s.d.s.w.r.o.CachingOperationNameGenerator - [startingWith,40] - Generating unique operation named: removeUsingDELETE_8
14:35:33.994 [main] INFO  s.d.s.w.r.o.CachingOperationNameGenerator - [startingWith,40] - Generating unique operation named: addUsingPOST_9
14:35:33.998 [main] INFO  s.d.s.w.r.o.CachingOperationNameGenerator - [startingWith,40] - Generating unique operation named: batchaddUsingPOST_1
14:35:34.003 [main] INFO  s.d.s.w.r.o.CachingOperationNameGenerator - [startingWith,40] - Generating unique operation named: editUsingPUT_9
14:35:34.006 [main] INFO  s.d.s.w.r.o.CachingOperationNameGenerator - [startingWith,40] - Generating unique operation named: exportUsingGET_9
14:35:34.008 [main] INFO  s.d.s.w.r.o.CachingOperationNameGenerator - [startingWith,40] - Generating unique operation named: getInfoUsingGET_9
14:35:34.012 [main] INFO  s.d.s.w.r.o.CachingOperationNameGenerator - [startingWith,40] - Generating unique operation named: listUsingGET_9
14:35:34.016 [main] INFO  s.d.s.w.r.o.CachingOperationNameGenerator - [startingWith,40] - Generating unique operation named: removeUsingDELETE_9
14:35:34.024 [main] INFO  s.d.s.w.r.o.CachingOperationNameGenerator - [startingWith,40] - Generating unique operation named: addUsingPOST_10
14:35:34.030 [main] INFO  s.d.s.w.r.o.CachingOperationNameGenerator - [startingWith,40] - Generating unique operation named: editUsingPUT_10
14:35:34.037 [main] INFO  s.d.s.w.r.o.CachingOperationNameGenerator - [startingWith,40] - Generating unique operation named: exportUsingGET_10
14:35:34.039 [main] INFO  s.d.s.w.r.o.CachingOperationNameGenerator - [startingWith,40] - Generating unique operation named: getInfoUsingGET_10
14:35:34.041 [main] INFO  s.d.s.w.r.o.CachingOperationNameGenerator - [startingWith,40] - Generating unique operation named: listUsingGET_10
14:35:34.045 [main] INFO  s.d.s.w.r.o.CachingOperationNameGenerator - [startingWith,40] - Generating unique operation named: removeUsingDELETE_10
14:35:34.085 [main] INFO  s.d.s.w.r.o.CachingOperationNameGenerator - [startingWith,40] - Generating unique operation named: addUsingPOST_11
14:35:34.088 [main] INFO  s.d.s.w.r.o.CachingOperationNameGenerator - [startingWith,40] - Generating unique operation named: editUsingPUT_11
14:35:34.094 [main] INFO  s.d.s.w.r.o.CachingOperationNameGenerator - [startingWith,40] - Generating unique operation named: exportUsingGET_11
14:35:34.098 [main] INFO  s.d.s.w.r.o.CachingOperationNameGenerator - [startingWith,40] - Generating unique operation named: getInfoUsingGET_11
14:35:34.101 [main] INFO  s.d.s.w.r.o.CachingOperationNameGenerator - [startingWith,40] - Generating unique operation named: listUsingGET_11
14:35:34.102 [main] INFO  s.d.s.w.r.o.CachingOperationNameGenerator - [startingWith,40] - Generating unique operation named: removeUsingDELETE_11
14:35:34.124 [main] INFO  s.d.s.w.r.o.CachingOperationNameGenerator - [startingWith,40] - Generating unique operation named: addUsingPOST_12
14:35:34.126 [main] INFO  s.d.s.w.r.o.CachingOperationNameGenerator - [startingWith,40] - Generating unique operation named: editUsingPUT_12
14:35:34.133 [main] INFO  s.d.s.w.r.o.CachingOperationNameGenerator - [startingWith,40] - Generating unique operation named: exportUsingGET_12
14:35:34.135 [main] INFO  s.d.s.w.r.o.CachingOperationNameGenerator - [startingWith,40] - Generating unique operation named: getInfoUsingGET_12
14:35:34.138 [main] INFO  s.d.s.w.r.o.CachingOperationNameGenerator - [startingWith,40] - Generating unique operation named: listUsingGET_12
14:35:34.140 [main] INFO  s.d.s.w.r.o.CachingOperationNameGenerator - [startingWith,40] - Generating unique operation named: removeUsingDELETE_12
14:35:34.171 [main] INFO  s.d.s.w.r.o.CachingOperationNameGenerator - [startingWith,40] - Generating unique operation named: insertOrUpdateUsingPOST_2
14:35:34.190 [main] INFO  s.d.s.w.r.o.CachingOperationNameGenerator - [startingWith,40] - Generating unique operation named: batchAddUsingPOST_1
14:35:34.200 [main] INFO  s.d.s.w.r.o.CachingOperationNameGenerator - [startingWith,40] - Generating unique operation named: listUsingGET_13
14:35:34.212 [main] INFO  s.d.s.w.r.o.CachingOperationNameGenerator - [startingWith,40] - Generating unique operation named: addUsingPOST_13
14:35:34.222 [main] INFO  s.d.s.w.r.o.CachingOperationNameGenerator - [startingWith,40] - Generating unique operation named: listUsingGET_14
14:35:34.223 [main] INFO  s.d.s.w.r.o.CachingOperationNameGenerator - [startingWith,40] - Generating unique operation named: removeUsingDELETE_13
14:35:34.229 [main] INFO  s.d.s.w.r.o.CachingOperationNameGenerator - [startingWith,40] - Generating unique operation named: getInfoUsingGET_13
14:35:34.236 [main] INFO  s.d.s.w.r.o.CachingOperationNameGenerator - [startingWith,40] - Generating unique operation named: listUsingGET_15
14:35:34.369 [main] INFO  s.d.s.w.r.o.CachingOperationNameGenerator - [startingWith,40] - Generating unique operation named: addUsingPOST_14
14:35:34.376 [main] INFO  s.d.s.w.r.o.CachingOperationNameGenerator - [startingWith,40] - Generating unique operation named: listUsingGET_16
14:35:34.379 [main] INFO  s.d.s.w.r.o.CachingOperationNameGenerator - [startingWith,40] - Generating unique operation named: removeUsingDELETE_14
14:35:34.421 [main] INFO  o.a.c.h.Http11NioProtocol - [log,173] - Starting ProtocolHandler ["http-nio-8180"]
14:35:34.440 [main] INFO  o.a.t.u.n.NioSelectorPool - [log,173] - Using a shared selector for servlet write/read
14:35:34.502 [main] INFO  c.r.RuoYiApplication - [logStarted,59] - Started RuoYiApplication in 36.512 seconds (JVM running for 39.915)
14:35:35.766 [Quartz Scheduler [RuoyiScheduler]] INFO  o.q.c.QuartzScheduler - [start,547] - Scheduler RuoyiScheduler_$_admin-PC1615530919080 started.
14:38:06.462 [http-nio-8180-exec-1] INFO  o.a.c.c.C.[.[.[/] - [log,173] - Initializing Spring DispatcherServlet 'dispatcherServlet'
15:09:25.332 [main] INFO  c.r.RuoYiApplication - [logStarting,50] - Starting RuoYiApplication on admin-PC with PID 99788 (D:\AsiaEcs\target\classes started by admin in D:\AsiaEcs)
15:09:25.340 [main] INFO  c.r.RuoYiApplication - [logStartupProfileInfo,679] - The following profiles are active: druid
15:09:31.755 [main] INFO  o.a.c.h.Http11NioProtocol - [log,173] - Initializing ProtocolHandler ["http-nio-8080"]
15:09:31.778 [main] INFO  o.a.c.c.StandardService - [log,173] - Starting service [Tomcat]
15:09:31.779 [main] INFO  o.a.c.c.StandardEngine - [log,173] - Starting Servlet Engine: Apache Tomcat/9.0.13
15:09:31.792 [main] INFO  o.a.c.c.AprLifecycleListener - [log,173] - The APR based Apache Tomcat Native library which allows optimal performance in production environments was not found on the java.library.path: [D:\Program Files\Java\jdk1.8.0_73\bin;C:\Windows\Sun\Java\bin;C:\Windows\system32;C:\Windows;D:\Program Files\Java\jdk1.7.0_51\bin;C:\Program Files (x86)\Common Files\Oracle\Java\javapath;C:\Program Files (x86)\NetSarang\Xshell 6\;C:\Program Files (x86)\NetSarang\Xftp 6\;C:\Windows\system32;C:\Windows;C:\Windows\System32\Wbem;C:\Windows\System32\WindowsPowerShell\v1.0\;D:\Program Files\TortoiseSVN\bin;D:\Program Files\Java\jdk1.7.0_51\jre\bin;D:\tools\apache-maven-3.6.3\bin;C:\Program Files\nodejs\;D:\Program Files\Git\cmd;C:\Users\admin\AppData\Roaming\npm;D:\Program Files\VSCode\Microsoft VS Code\bin;.]
15:09:32.040 [main] INFO  o.a.c.c.C.[.[.[/] - [log,173] - Initializing Spring embedded WebApplicationContext
15:09:39.103 [main] INFO  c.a.d.p.DruidDataSource - [init,991] - {dataSource-1} inited
15:09:42.087 [main] INFO  c.r.p.c.CategoryCache - [info,58] - 加载分类信息 size=5334
15:09:42.111 [main] INFO  c.r.p.c.CategoryCache - [info,58] - 加载分类信息完成
15:09:43.131 [main] INFO  o.q.i.StdSchedulerFactory - [instantiate,1208] - Using default implementation for ThreadExecutor
15:09:43.159 [main] INFO  o.q.c.SchedulerSignalerImpl - [<init>,61] - Initialized Scheduler Signaller of type: class org.quartz.core.SchedulerSignalerImpl
15:09:43.160 [main] INFO  o.q.c.QuartzScheduler - [<init>,229] - Quartz Scheduler v.2.3.0 created.
15:09:43.211 [main] INFO  o.q.c.QuartzScheduler - [initialize,294] - Scheduler meta-data: Quartz Scheduler (v2.3.0) 'schedulerFactoryBean' with instanceId 'admin-PC1615532983134'
  Scheduler class: 'org.quartz.core.QuartzScheduler' - running locally.
  NOT STARTED.
  Currently in standby mode.
  Number of jobs executed: 0
  Using thread pool 'org.quartz.simpl.SimpleThreadPool' - with 20 threads.
  Using job-store 'org.springframework.scheduling.quartz.LocalDataSourceJobStore' - which supports persistence. and is clustered.

15:09:43.212 [main] INFO  o.q.i.StdSchedulerFactory - [instantiate,1362] - Quartz scheduler 'schedulerFactoryBean' initialized from an externally provided properties instance.
15:09:43.213 [main] INFO  o.q.i.StdSchedulerFactory - [instantiate,1366] - Quartz scheduler version: 2.3.0
15:09:43.215 [main] INFO  o.q.c.QuartzScheduler - [setJobFactory,2287] - JobFactory set to: org.springframework.scheduling.quartz.AdaptableJobFactory@3fdede3a
15:09:54.666 [main] INFO  s.d.s.w.PropertySourcedRequestMappingHandlerMapping - [initHandlerMethods,69] - Mapped URL path [/v2/api-docs] onto method [public org.springframework.http.ResponseEntity<springfox.documentation.spring.web.json.Json> springfox.documentation.swagger2.web.Swagger2Controller.getDocumentation(java.lang.String,javax.servlet.http.HttpServletRequest)]
15:09:56.594 [main] INFO  s.d.s.w.p.DocumentationPluginsBootstrapper - [start,160] - Context refreshed
15:09:56.620 [main] INFO  s.d.s.w.p.DocumentationPluginsBootstrapper - [start,163] - Found 1 custom documentation plugin(s)
15:09:56.747 [main] INFO  s.d.s.w.s.ApiListingReferenceScanner - [scan,41] - Scanning for api listing references
15:09:57.175 [main] INFO  s.d.s.w.r.o.CachingOperationNameGenerator - [startingWith,40] - Generating unique operation named: insertUsingPOST_1
15:09:57.260 [main] INFO  o.a.c.h.Http11NioProtocol - [log,173] - Starting ProtocolHandler ["http-nio-8080"]
15:09:57.277 [main] INFO  o.a.t.u.n.NioSelectorPool - [log,173] - Using a shared selector for servlet write/read
15:09:57.322 [main] INFO  c.r.RuoYiApplication - [logStarted,59] - Started RuoYiApplication in 33.383 seconds (JVM running for 37.733)
15:09:58.735 [Quartz Scheduler [schedulerFactoryBean]] INFO  o.q.c.QuartzScheduler - [start,547] - Scheduler schedulerFactoryBean_$_admin-PC1615532983134 started.
15:10:15.570 [http-nio-8080-exec-1] INFO  o.a.c.c.C.[.[.[/] - [log,173] - Initializing Spring DispatcherServlet 'dispatcherServlet'
15:37:44.962 [Thread-67] INFO  o.q.c.QuartzScheduler - [standby,585] - Scheduler schedulerFactoryBean_$_admin-PC1615532983134 paused.
15:37:44.972 [Thread-67] INFO  o.q.c.QuartzScheduler - [shutdown,666] - Scheduler schedulerFactoryBean_$_admin-PC1615532983134 shutting down.
15:37:44.973 [Thread-67] INFO  o.q.c.QuartzScheduler - [standby,585] - Scheduler schedulerFactoryBean_$_admin-PC1615532983134 paused.
15:37:44.975 [Thread-67] INFO  o.q.c.QuartzScheduler - [shutdown,740] - Scheduler schedulerFactoryBean_$_admin-PC1615532983134 shutdown complete.
15:37:44.975 [Thread-67] INFO  sys-user - [shutdownAsyncManager,31] - ====关闭后台任务任务线程池====
15:37:45.031 [Thread-67] INFO  c.a.d.p.DruidDataSource - [close,1928] - {dataSource-1} closed
