10:31:54.832 [main] INFO  c.r.RuoYiApplication - [logStarting,50] - Starting RuoYiApplication on admin-PC with PID 7220 (D:\AsiaEcs\target\classes started by admin in D:\AsiaEcs)
10:31:54.844 [main] INFO  c.r.RuoYiApplication - [logStartupProfileInfo,679] - The following profiles are active: druid
10:32:00.071 [main] INFO  o.a.c.h.Http11NioProtocol - [log,173] - Initializing ProtocolHandler ["http-nio-8080"]
10:32:00.082 [main] INFO  o.a.c.c.StandardService - [log,173] - Starting service [Tomcat]
10:32:00.082 [main] INFO  o.a.c.c.StandardEngine - [log,173] - Starting Servlet Engine: Apache Tomcat/9.0.13
10:32:00.091 [main] INFO  o.a.c.c.AprLifecycleListener - [log,173] - The APR based Apache Tomcat Native library which allows optimal performance in production environments was not found on the java.library.path: [D:\Program Files\Java\jdk1.8.0_73\bin;C:\Windows\Sun\Java\bin;C:\Windows\system32;C:\Windows;D:\Program Files\Java\jdk1.7.0_51\bin;C:\Program Files (x86)\Common Files\Oracle\Java\javapath;C:\Program Files (x86)\NetSarang\Xshell 6\;C:\Program Files (x86)\NetSarang\Xftp 6\;C:\Windows\system32;C:\Windows;C:\Windows\System32\Wbem;C:\Windows\System32\WindowsPowerShell\v1.0\;D:\Program Files\TortoiseSVN\bin;D:\Program Files\Java\jdk1.7.0_51\jre\bin;D:\tools\apache-maven-3.6.3\bin;C:\Program Files\nodejs\;D:\Program Files\Git\cmd;C:\Users\admin\AppData\Roaming\npm;D:\Program Files\VSCode\Microsoft VS Code\bin;.]
10:32:00.265 [main] INFO  o.a.c.c.C.[.[.[/] - [log,173] - Initializing Spring embedded WebApplicationContext
10:32:06.423 [main] INFO  c.a.d.p.DruidDataSource - [init,991] - {dataSource-1} inited
10:32:09.302 [main] INFO  c.r.p.c.CategoryCache - [info,58] - 加载分类信息 size=5334
10:32:09.320 [main] INFO  c.r.p.c.CategoryCache - [info,58] - 加载分类信息完成
10:32:09.865 [main] INFO  o.q.i.StdSchedulerFactory - [instantiate,1208] - Using default implementation for ThreadExecutor
10:32:09.885 [main] INFO  o.q.c.SchedulerSignalerImpl - [<init>,61] - Initialized Scheduler Signaller of type: class org.quartz.core.SchedulerSignalerImpl
10:32:09.886 [main] INFO  o.q.c.QuartzScheduler - [<init>,229] - Quartz Scheduler v.2.3.0 created.
10:32:10.324 [main] INFO  o.q.c.QuartzScheduler - [initialize,294] - Scheduler meta-data: Quartz Scheduler (v2.3.0) 'schedulerFactoryBean' with instanceId 'admin-PC1615948329867'
  Scheduler class: 'org.quartz.core.QuartzScheduler' - running locally.
  NOT STARTED.
  Currently in standby mode.
  Number of jobs executed: 0
  Using thread pool 'org.quartz.simpl.SimpleThreadPool' - with 20 threads.
  Using job-store 'org.springframework.scheduling.quartz.LocalDataSourceJobStore' - which supports persistence. and is clustered.

10:32:10.325 [main] INFO  o.q.i.StdSchedulerFactory - [instantiate,1362] - Quartz scheduler 'schedulerFactoryBean' initialized from an externally provided properties instance.
10:32:10.325 [main] INFO  o.q.i.StdSchedulerFactory - [instantiate,1366] - Quartz scheduler version: 2.3.0
10:32:10.327 [main] INFO  o.q.c.QuartzScheduler - [setJobFactory,2287] - JobFactory set to: org.springframework.scheduling.quartz.AdaptableJobFactory@3331800f
10:32:20.106 [main] INFO  s.d.s.w.PropertySourcedRequestMappingHandlerMapping - [initHandlerMethods,69] - Mapped URL path [/v2/api-docs] onto method [public org.springframework.http.ResponseEntity<springfox.documentation.spring.web.json.Json> springfox.documentation.swagger2.web.Swagger2Controller.getDocumentation(java.lang.String,javax.servlet.http.HttpServletRequest)]
10:32:21.779 [main] INFO  s.d.s.w.p.DocumentationPluginsBootstrapper - [start,160] - Context refreshed
10:32:21.826 [main] INFO  s.d.s.w.p.DocumentationPluginsBootstrapper - [start,163] - Found 1 custom documentation plugin(s)
10:32:21.949 [main] INFO  s.d.s.w.s.ApiListingReferenceScanner - [scan,41] - Scanning for api listing references
10:32:22.266 [main] INFO  s.d.s.w.r.o.CachingOperationNameGenerator - [startingWith,40] - Generating unique operation named: insertUsingPOST_1
10:32:22.359 [main] INFO  o.a.c.h.Http11NioProtocol - [log,173] - Starting ProtocolHandler ["http-nio-8080"]
10:32:22.373 [main] INFO  o.a.t.u.n.NioSelectorPool - [log,173] - Using a shared selector for servlet write/read
10:32:22.402 [main] INFO  c.r.RuoYiApplication - [logStarted,59] - Started RuoYiApplication in 29.102 seconds (JVM running for 34.121)
10:32:23.762 [Quartz Scheduler [schedulerFactoryBean]] INFO  o.q.c.QuartzScheduler - [start,547] - Scheduler schedulerFactoryBean_$_admin-PC1615948329867 started.
10:32:53.931 [http-nio-8080-exec-1] INFO  o.a.c.c.C.[.[.[/] - [log,173] - Initializing Spring DispatcherServlet 'dispatcherServlet'
10:41:19.678 [Thread-59] INFO  o.q.c.QuartzScheduler - [standby,585] - Scheduler schedulerFactoryBean_$_admin-PC1615948329867 paused.
10:41:19.684 [Thread-59] INFO  o.q.c.QuartzScheduler - [shutdown,666] - Scheduler schedulerFactoryBean_$_admin-PC1615948329867 shutting down.
10:41:19.685 [Thread-59] INFO  o.q.c.QuartzScheduler - [standby,585] - Scheduler schedulerFactoryBean_$_admin-PC1615948329867 paused.
10:41:19.687 [Thread-59] INFO  o.q.c.QuartzScheduler - [shutdown,740] - Scheduler schedulerFactoryBean_$_admin-PC1615948329867 shutdown complete.
10:41:19.687 [Thread-59] INFO  sys-user - [shutdownAsyncManager,31] - ====关闭后台任务任务线程池====
10:41:27.248 [main] INFO  c.r.RuoYiApplication - [logStarting,50] - Starting RuoYiApplication on admin-PC with PID 7468 (D:\AsiaEcs\target\classes started by admin in D:\AsiaEcs)
10:41:27.261 [main] INFO  c.r.RuoYiApplication - [logStartupProfileInfo,679] - The following profiles are active: druid
10:41:31.886 [main] INFO  o.a.c.h.Http11NioProtocol - [log,173] - Initializing ProtocolHandler ["http-nio-8080"]
10:41:31.902 [main] INFO  o.a.c.c.StandardService - [log,173] - Starting service [Tomcat]
10:41:31.902 [main] INFO  o.a.c.c.StandardEngine - [log,173] - Starting Servlet Engine: Apache Tomcat/9.0.13
10:41:31.913 [main] INFO  o.a.c.c.AprLifecycleListener - [log,173] - The APR based Apache Tomcat Native library which allows optimal performance in production environments was not found on the java.library.path: [D:\Program Files\Java\jdk1.8.0_73\bin;C:\Windows\Sun\Java\bin;C:\Windows\system32;C:\Windows;D:\Program Files\Java\jdk1.7.0_51\bin;C:\Program Files (x86)\Common Files\Oracle\Java\javapath;C:\Program Files (x86)\NetSarang\Xshell 6\;C:\Program Files (x86)\NetSarang\Xftp 6\;C:\Windows\system32;C:\Windows;C:\Windows\System32\Wbem;C:\Windows\System32\WindowsPowerShell\v1.0\;D:\Program Files\TortoiseSVN\bin;D:\Program Files\Java\jdk1.7.0_51\jre\bin;D:\tools\apache-maven-3.6.3\bin;C:\Program Files\nodejs\;D:\Program Files\Git\cmd;C:\Users\admin\AppData\Roaming\npm;D:\Program Files\VSCode\Microsoft VS Code\bin;.]
10:41:32.081 [main] INFO  o.a.c.c.C.[.[.[/] - [log,173] - Initializing Spring embedded WebApplicationContext
10:41:37.861 [main] INFO  c.a.d.p.DruidDataSource - [init,991] - {dataSource-1} inited
10:41:40.694 [main] INFO  c.r.p.c.CategoryCache - [info,58] - 加载分类信息 size=5334
10:41:40.716 [main] INFO  c.r.p.c.CategoryCache - [info,58] - 加载分类信息完成
10:41:41.709 [main] INFO  o.q.i.StdSchedulerFactory - [instantiate,1208] - Using default implementation for ThreadExecutor
10:41:41.729 [main] INFO  o.q.c.SchedulerSignalerImpl - [<init>,61] - Initialized Scheduler Signaller of type: class org.quartz.core.SchedulerSignalerImpl
10:41:41.729 [main] INFO  o.q.c.QuartzScheduler - [<init>,229] - Quartz Scheduler v.2.3.0 created.
10:41:41.775 [main] INFO  o.q.c.QuartzScheduler - [initialize,294] - Scheduler meta-data: Quartz Scheduler (v2.3.0) 'schedulerFactoryBean' with instanceId 'admin-PC1615948901712'
  Scheduler class: 'org.quartz.core.QuartzScheduler' - running locally.
  NOT STARTED.
  Currently in standby mode.
  Number of jobs executed: 0
  Using thread pool 'org.quartz.simpl.SimpleThreadPool' - with 20 threads.
  Using job-store 'org.springframework.scheduling.quartz.LocalDataSourceJobStore' - which supports persistence. and is clustered.

10:41:41.775 [main] INFO  o.q.i.StdSchedulerFactory - [instantiate,1362] - Quartz scheduler 'schedulerFactoryBean' initialized from an externally provided properties instance.
10:41:41.775 [main] INFO  o.q.i.StdSchedulerFactory - [instantiate,1366] - Quartz scheduler version: 2.3.0
10:41:41.779 [main] INFO  o.q.c.QuartzScheduler - [setJobFactory,2287] - JobFactory set to: org.springframework.scheduling.quartz.AdaptableJobFactory@6c6b00f1
10:41:52.043 [main] INFO  s.d.s.w.PropertySourcedRequestMappingHandlerMapping - [initHandlerMethods,69] - Mapped URL path [/v2/api-docs] onto method [public org.springframework.http.ResponseEntity<springfox.documentation.spring.web.json.Json> springfox.documentation.swagger2.web.Swagger2Controller.getDocumentation(java.lang.String,javax.servlet.http.HttpServletRequest)]
10:41:53.474 [main] INFO  s.d.s.w.p.DocumentationPluginsBootstrapper - [start,160] - Context refreshed
10:41:53.493 [main] INFO  s.d.s.w.p.DocumentationPluginsBootstrapper - [start,163] - Found 1 custom documentation plugin(s)
10:41:53.609 [main] INFO  s.d.s.w.s.ApiListingReferenceScanner - [scan,41] - Scanning for api listing references
10:41:54.033 [main] INFO  s.d.s.w.r.o.CachingOperationNameGenerator - [startingWith,40] - Generating unique operation named: insertUsingPOST_1
10:41:54.107 [main] INFO  o.a.c.h.Http11NioProtocol - [log,173] - Starting ProtocolHandler ["http-nio-8080"]
10:41:54.120 [main] INFO  o.a.t.u.n.NioSelectorPool - [log,173] - Using a shared selector for servlet write/read
10:41:54.149 [main] INFO  c.r.RuoYiApplication - [logStarted,59] - Started RuoYiApplication in 27.86 seconds (JVM running for 29.939)
10:41:55.534 [Quartz Scheduler [schedulerFactoryBean]] INFO  o.q.c.QuartzScheduler - [start,547] - Scheduler schedulerFactoryBean_$_admin-PC1615948901712 started.
10:44:06.669 [Thread-59] INFO  o.q.c.QuartzScheduler - [standby,585] - Scheduler schedulerFactoryBean_$_admin-PC1615948901712 paused.
10:44:06.682 [Thread-59] INFO  o.q.c.QuartzScheduler - [shutdown,666] - Scheduler schedulerFactoryBean_$_admin-PC1615948901712 shutting down.
10:44:06.682 [Thread-59] INFO  o.q.c.QuartzScheduler - [standby,585] - Scheduler schedulerFactoryBean_$_admin-PC1615948901712 paused.
10:44:06.684 [Thread-59] INFO  o.q.c.QuartzScheduler - [shutdown,740] - Scheduler schedulerFactoryBean_$_admin-PC1615948901712 shutdown complete.
10:44:06.684 [Thread-59] INFO  sys-user - [shutdownAsyncManager,31] - ====关闭后台任务任务线程池====
10:44:06.700 [Thread-59] INFO  c.a.d.p.DruidDataSource - [close,1928] - {dataSource-1} closed
10:49:10.292 [main] INFO  c.r.RuoYiApplication - [logStarting,50] - Starting RuoYiApplication on admin-PC with PID 5748 (D:\AsiaEcs\target\classes started by admin in D:\AsiaEcs)
10:49:10.361 [main] INFO  c.r.RuoYiApplication - [logStartupProfileInfo,679] - The following profiles are active: druid
10:49:13.661 [main] INFO  o.a.c.h.Http11NioProtocol - [log,173] - Initializing ProtocolHandler ["http-nio-8080"]
10:49:13.672 [main] INFO  o.a.c.c.StandardService - [log,173] - Starting service [Tomcat]
10:49:13.673 [main] INFO  o.a.c.c.StandardEngine - [log,173] - Starting Servlet Engine: Apache Tomcat/9.0.13
10:49:13.682 [main] INFO  o.a.c.c.AprLifecycleListener - [log,173] - The APR based Apache Tomcat Native library which allows optimal performance in production environments was not found on the java.library.path: [D:\Program Files\Java\jdk1.8.0_73\bin;C:\Windows\Sun\Java\bin;C:\Windows\system32;C:\Windows;D:\Program Files\Java\jdk1.7.0_51\bin;C:\Program Files (x86)\Common Files\Oracle\Java\javapath;C:\Program Files (x86)\NetSarang\Xshell 6\;C:\Program Files (x86)\NetSarang\Xftp 6\;C:\Windows\system32;C:\Windows;C:\Windows\System32\Wbem;C:\Windows\System32\WindowsPowerShell\v1.0\;D:\Program Files\TortoiseSVN\bin;D:\Program Files\Java\jdk1.7.0_51\jre\bin;D:\tools\apache-maven-3.6.3\bin;C:\Program Files\nodejs\;D:\Program Files\Git\cmd;C:\Users\admin\AppData\Roaming\npm;D:\Program Files\VSCode\Microsoft VS Code\bin;.]
10:49:13.811 [main] INFO  o.a.c.c.C.[.[.[/] - [log,173] - Initializing Spring embedded WebApplicationContext
10:49:19.677 [main] INFO  c.a.d.p.DruidDataSource - [init,991] - {dataSource-1} inited
10:49:22.723 [main] INFO  c.r.p.c.CategoryCache - [info,58] - 加载分类信息 size=5334
10:49:22.748 [main] INFO  c.r.p.c.CategoryCache - [info,58] - 加载分类信息完成
10:49:23.226 [main] INFO  o.q.i.StdSchedulerFactory - [instantiate,1208] - Using default implementation for ThreadExecutor
10:49:23.662 [main] INFO  o.q.c.SchedulerSignalerImpl - [<init>,61] - Initialized Scheduler Signaller of type: class org.quartz.core.SchedulerSignalerImpl
10:49:23.662 [main] INFO  o.q.c.QuartzScheduler - [<init>,229] - Quartz Scheduler v.2.3.0 created.
10:49:23.706 [main] INFO  o.q.c.QuartzScheduler - [initialize,294] - Scheduler meta-data: Quartz Scheduler (v2.3.0) 'schedulerFactoryBean' with instanceId 'admin-PC1615949363228'
  Scheduler class: 'org.quartz.core.QuartzScheduler' - running locally.
  NOT STARTED.
  Currently in standby mode.
  Number of jobs executed: 0
  Using thread pool 'org.quartz.simpl.SimpleThreadPool' - with 20 threads.
  Using job-store 'org.springframework.scheduling.quartz.LocalDataSourceJobStore' - which supports persistence. and is clustered.

10:49:23.706 [main] INFO  o.q.i.StdSchedulerFactory - [instantiate,1362] - Quartz scheduler 'schedulerFactoryBean' initialized from an externally provided properties instance.
10:49:23.707 [main] INFO  o.q.i.StdSchedulerFactory - [instantiate,1366] - Quartz scheduler version: 2.3.0
10:49:23.709 [main] INFO  o.q.c.QuartzScheduler - [setJobFactory,2287] - JobFactory set to: org.springframework.scheduling.quartz.AdaptableJobFactory@75e92bb7
10:49:33.560 [main] INFO  s.d.s.w.PropertySourcedRequestMappingHandlerMapping - [initHandlerMethods,69] - Mapped URL path [/v2/api-docs] onto method [public org.springframework.http.ResponseEntity<springfox.documentation.spring.web.json.Json> springfox.documentation.swagger2.web.Swagger2Controller.getDocumentation(java.lang.String,javax.servlet.http.HttpServletRequest)]
10:49:35.024 [main] INFO  s.d.s.w.p.DocumentationPluginsBootstrapper - [start,160] - Context refreshed
10:49:35.046 [main] INFO  s.d.s.w.p.DocumentationPluginsBootstrapper - [start,163] - Found 1 custom documentation plugin(s)
10:49:35.183 [main] INFO  s.d.s.w.s.ApiListingReferenceScanner - [scan,41] - Scanning for api listing references
10:49:35.436 [main] INFO  s.d.s.w.r.o.CachingOperationNameGenerator - [startingWith,40] - Generating unique operation named: insertUsingPOST_1
10:49:35.512 [main] INFO  o.a.c.h.Http11NioProtocol - [log,173] - Starting ProtocolHandler ["http-nio-8080"]
10:49:35.524 [main] INFO  o.a.t.u.n.NioSelectorPool - [log,173] - Using a shared selector for servlet write/read
10:49:35.552 [main] INFO  c.r.RuoYiApplication - [logStarted,59] - Started RuoYiApplication in 26.295 seconds (JVM running for 28.355)
10:49:35.737 [http-nio-8080-exec-1] INFO  o.a.c.c.C.[.[.[/] - [log,173] - Initializing Spring DispatcherServlet 'dispatcherServlet'
10:49:37.047 [Quartz Scheduler [schedulerFactoryBean]] INFO  o.q.c.QuartzScheduler - [start,547] - Scheduler schedulerFactoryBean_$_admin-PC1615949363228 started.
10:56:05.458 [Thread-55] INFO  o.q.c.QuartzScheduler - [standby,585] - Scheduler schedulerFactoryBean_$_admin-PC1615949363228 paused.
10:56:05.471 [Thread-55] INFO  o.q.c.QuartzScheduler - [shutdown,666] - Scheduler schedulerFactoryBean_$_admin-PC1615949363228 shutting down.
10:56:05.472 [Thread-55] INFO  o.q.c.QuartzScheduler - [standby,585] - Scheduler schedulerFactoryBean_$_admin-PC1615949363228 paused.
10:56:05.476 [Thread-55] INFO  o.q.c.QuartzScheduler - [shutdown,740] - Scheduler schedulerFactoryBean_$_admin-PC1615949363228 shutdown complete.
10:56:05.476 [Thread-55] INFO  sys-user - [shutdownAsyncManager,31] - ====关闭后台任务任务线程池====
10:56:05.492 [Thread-55] INFO  c.a.d.p.DruidDataSource - [close,1928] - {dataSource-1} closed
10:56:15.840 [main] INFO  c.r.RuoYiApplication - [logStarting,50] - Starting RuoYiApplication on admin-PC with PID 7240 (D:\AsiaEcs\target\classes started by admin in D:\AsiaEcs)
10:56:15.853 [main] INFO  c.r.RuoYiApplication - [logStartupProfileInfo,679] - The following profiles are active: druid
10:56:20.340 [main] INFO  o.a.c.h.Http11NioProtocol - [log,173] - Initializing ProtocolHandler ["http-nio-8080"]
10:56:20.362 [main] INFO  o.a.c.c.StandardService - [log,173] - Starting service [Tomcat]
10:56:20.363 [main] INFO  o.a.c.c.StandardEngine - [log,173] - Starting Servlet Engine: Apache Tomcat/9.0.13
10:56:20.377 [main] INFO  o.a.c.c.AprLifecycleListener - [log,173] - The APR based Apache Tomcat Native library which allows optimal performance in production environments was not found on the java.library.path: [D:\Program Files\Java\jdk1.8.0_73\bin;C:\Windows\Sun\Java\bin;C:\Windows\system32;C:\Windows;D:\Program Files\Java\jdk1.7.0_51\bin;C:\Program Files (x86)\Common Files\Oracle\Java\javapath;C:\Program Files (x86)\NetSarang\Xshell 6\;C:\Program Files (x86)\NetSarang\Xftp 6\;C:\Windows\system32;C:\Windows;C:\Windows\System32\Wbem;C:\Windows\System32\WindowsPowerShell\v1.0\;D:\Program Files\TortoiseSVN\bin;D:\Program Files\Java\jdk1.7.0_51\jre\bin;D:\tools\apache-maven-3.6.3\bin;C:\Program Files\nodejs\;D:\Program Files\Git\cmd;C:\Users\admin\AppData\Roaming\npm;D:\Program Files\VSCode\Microsoft VS Code\bin;.]
10:56:20.552 [main] INFO  o.a.c.c.C.[.[.[/] - [log,173] - Initializing Spring embedded WebApplicationContext
10:56:26.885 [main] INFO  c.a.d.p.DruidDataSource - [init,991] - {dataSource-1} inited
10:56:30.354 [main] INFO  c.r.p.c.CategoryCache - [info,58] - 加载分类信息 size=5334
10:56:30.372 [main] INFO  c.r.p.c.CategoryCache - [info,58] - 加载分类信息完成
10:56:30.897 [main] INFO  o.q.i.StdSchedulerFactory - [instantiate,1208] - Using default implementation for ThreadExecutor
10:56:31.372 [main] INFO  o.q.c.SchedulerSignalerImpl - [<init>,61] - Initialized Scheduler Signaller of type: class org.quartz.core.SchedulerSignalerImpl
10:56:31.372 [main] INFO  o.q.c.QuartzScheduler - [<init>,229] - Quartz Scheduler v.2.3.0 created.
10:56:31.423 [main] INFO  o.q.c.QuartzScheduler - [initialize,294] - Scheduler meta-data: Quartz Scheduler (v2.3.0) 'schedulerFactoryBean' with instanceId 'admin-PC1615949790899'
  Scheduler class: 'org.quartz.core.QuartzScheduler' - running locally.
  NOT STARTED.
  Currently in standby mode.
  Number of jobs executed: 0
  Using thread pool 'org.quartz.simpl.SimpleThreadPool' - with 20 threads.
  Using job-store 'org.springframework.scheduling.quartz.LocalDataSourceJobStore' - which supports persistence. and is clustered.

10:56:31.423 [main] INFO  o.q.i.StdSchedulerFactory - [instantiate,1362] - Quartz scheduler 'schedulerFactoryBean' initialized from an externally provided properties instance.
10:56:31.424 [main] INFO  o.q.i.StdSchedulerFactory - [instantiate,1366] - Quartz scheduler version: 2.3.0
10:56:31.426 [main] INFO  o.q.c.QuartzScheduler - [setJobFactory,2287] - JobFactory set to: org.springframework.scheduling.quartz.AdaptableJobFactory@6b4a2887
10:56:43.589 [main] INFO  s.d.s.w.PropertySourcedRequestMappingHandlerMapping - [initHandlerMethods,69] - Mapped URL path [/v2/api-docs] onto method [public org.springframework.http.ResponseEntity<springfox.documentation.spring.web.json.Json> springfox.documentation.swagger2.web.Swagger2Controller.getDocumentation(java.lang.String,javax.servlet.http.HttpServletRequest)]
10:56:45.058 [main] INFO  s.d.s.w.p.DocumentationPluginsBootstrapper - [start,160] - Context refreshed
10:56:45.076 [main] INFO  s.d.s.w.p.DocumentationPluginsBootstrapper - [start,163] - Found 1 custom documentation plugin(s)
10:56:45.167 [main] INFO  s.d.s.w.s.ApiListingReferenceScanner - [scan,41] - Scanning for api listing references
10:56:45.429 [main] INFO  s.d.s.w.r.o.CachingOperationNameGenerator - [startingWith,40] - Generating unique operation named: insertUsingPOST_1
10:56:45.503 [main] INFO  o.a.c.h.Http11NioProtocol - [log,173] - Starting ProtocolHandler ["http-nio-8080"]
10:56:45.517 [main] INFO  o.a.t.u.n.NioSelectorPool - [log,173] - Using a shared selector for servlet write/read
10:56:45.545 [main] INFO  c.r.RuoYiApplication - [logStarted,59] - Started RuoYiApplication in 30.807 seconds (JVM running for 32.926)
10:56:47.047 [Quartz Scheduler [schedulerFactoryBean]] INFO  o.q.c.QuartzScheduler - [start,547] - Scheduler schedulerFactoryBean_$_admin-PC1615949790899 started.
10:59:34.226 [Thread-63] INFO  o.q.c.QuartzScheduler - [standby,585] - Scheduler schedulerFactoryBean_$_admin-PC1615949790899 paused.
10:59:34.233 [Thread-63] INFO  o.q.c.QuartzScheduler - [shutdown,666] - Scheduler schedulerFactoryBean_$_admin-PC1615949790899 shutting down.
10:59:34.233 [Thread-63] INFO  o.q.c.QuartzScheduler - [standby,585] - Scheduler schedulerFactoryBean_$_admin-PC1615949790899 paused.
10:59:34.272 [Thread-63] INFO  o.q.c.QuartzScheduler - [shutdown,740] - Scheduler schedulerFactoryBean_$_admin-PC1615949790899 shutdown complete.
10:59:34.272 [Thread-63] INFO  sys-user - [shutdownAsyncManager,31] - ====关闭后台任务任务线程池====
10:59:34.288 [Thread-63] INFO  c.a.d.p.DruidDataSource - [close,1928] - {dataSource-1} closed
10:59:41.230 [main] INFO  c.r.RuoYiApplication - [logStarting,50] - Starting RuoYiApplication on admin-PC with PID 7396 (D:\AsiaEcs\target\classes started by admin in D:\AsiaEcs)
10:59:41.237 [main] INFO  c.r.RuoYiApplication - [logStartupProfileInfo,679] - The following profiles are active: druid
10:59:44.981 [main] INFO  o.a.c.h.Http11NioProtocol - [log,173] - Initializing ProtocolHandler ["http-nio-8080"]
10:59:44.993 [main] INFO  o.a.c.c.StandardService - [log,173] - Starting service [Tomcat]
10:59:44.993 [main] INFO  o.a.c.c.StandardEngine - [log,173] - Starting Servlet Engine: Apache Tomcat/9.0.13
10:59:45.003 [main] INFO  o.a.c.c.AprLifecycleListener - [log,173] - The APR based Apache Tomcat Native library which allows optimal performance in production environments was not found on the java.library.path: [D:\Program Files\Java\jdk1.8.0_73\bin;C:\Windows\Sun\Java\bin;C:\Windows\system32;C:\Windows;D:\Program Files\Java\jdk1.7.0_51\bin;C:\Program Files (x86)\Common Files\Oracle\Java\javapath;C:\Program Files (x86)\NetSarang\Xshell 6\;C:\Program Files (x86)\NetSarang\Xftp 6\;C:\Windows\system32;C:\Windows;C:\Windows\System32\Wbem;C:\Windows\System32\WindowsPowerShell\v1.0\;D:\Program Files\TortoiseSVN\bin;D:\Program Files\Java\jdk1.7.0_51\jre\bin;D:\tools\apache-maven-3.6.3\bin;C:\Program Files\nodejs\;D:\Program Files\Git\cmd;C:\Users\admin\AppData\Roaming\npm;D:\Program Files\VSCode\Microsoft VS Code\bin;.]
10:59:45.136 [main] INFO  o.a.c.c.C.[.[.[/] - [log,173] - Initializing Spring embedded WebApplicationContext
10:59:50.798 [main] INFO  c.a.d.p.DruidDataSource - [init,991] - {dataSource-1} inited
10:59:53.831 [main] INFO  c.r.p.c.CategoryCache - [info,58] - 加载分类信息 size=5334
10:59:53.849 [main] INFO  c.r.p.c.CategoryCache - [info,58] - 加载分类信息完成
10:59:54.641 [main] INFO  o.q.i.StdSchedulerFactory - [instantiate,1208] - Using default implementation for ThreadExecutor
10:59:54.659 [main] INFO  o.q.c.SchedulerSignalerImpl - [<init>,61] - Initialized Scheduler Signaller of type: class org.quartz.core.SchedulerSignalerImpl
10:59:54.659 [main] INFO  o.q.c.QuartzScheduler - [<init>,229] - Quartz Scheduler v.2.3.0 created.
10:59:54.714 [main] INFO  o.q.c.QuartzScheduler - [initialize,294] - Scheduler meta-data: Quartz Scheduler (v2.3.0) 'schedulerFactoryBean' with instanceId 'admin-PC1615949994643'
  Scheduler class: 'org.quartz.core.QuartzScheduler' - running locally.
  NOT STARTED.
  Currently in standby mode.
  Number of jobs executed: 0
  Using thread pool 'org.quartz.simpl.SimpleThreadPool' - with 20 threads.
  Using job-store 'org.springframework.scheduling.quartz.LocalDataSourceJobStore' - which supports persistence. and is clustered.

10:59:54.715 [main] INFO  o.q.i.StdSchedulerFactory - [instantiate,1362] - Quartz scheduler 'schedulerFactoryBean' initialized from an externally provided properties instance.
10:59:54.715 [main] INFO  o.q.i.StdSchedulerFactory - [instantiate,1366] - Quartz scheduler version: 2.3.0
10:59:54.717 [main] INFO  o.q.c.QuartzScheduler - [setJobFactory,2287] - JobFactory set to: org.springframework.scheduling.quartz.AdaptableJobFactory@1fab0394
11:00:07.390 [main] INFO  s.d.s.w.PropertySourcedRequestMappingHandlerMapping - [initHandlerMethods,69] - Mapped URL path [/v2/api-docs] onto method [public org.springframework.http.ResponseEntity<springfox.documentation.spring.web.json.Json> springfox.documentation.swagger2.web.Swagger2Controller.getDocumentation(java.lang.String,javax.servlet.http.HttpServletRequest)]
11:00:08.879 [main] INFO  s.d.s.w.p.DocumentationPluginsBootstrapper - [start,160] - Context refreshed
11:00:08.899 [main] INFO  s.d.s.w.p.DocumentationPluginsBootstrapper - [start,163] - Found 1 custom documentation plugin(s)
11:00:08.998 [main] INFO  s.d.s.w.s.ApiListingReferenceScanner - [scan,41] - Scanning for api listing references
11:00:09.261 [main] INFO  s.d.s.w.r.o.CachingOperationNameGenerator - [startingWith,40] - Generating unique operation named: insertUsingPOST_1
11:00:09.336 [main] INFO  o.a.c.h.Http11NioProtocol - [log,173] - Starting ProtocolHandler ["http-nio-8080"]
11:00:09.350 [main] INFO  o.a.t.u.n.NioSelectorPool - [log,173] - Using a shared selector for servlet write/read
11:00:09.379 [main] INFO  c.r.RuoYiApplication - [logStarted,59] - Started RuoYiApplication in 29.216 seconds (JVM running for 31.283)
11:00:10.889 [Quartz Scheduler [schedulerFactoryBean]] INFO  o.q.c.QuartzScheduler - [start,547] - Scheduler schedulerFactoryBean_$_admin-PC1615949994643 started.
11:00:21.432 [http-nio-8080-exec-1] INFO  o.a.c.c.C.[.[.[/] - [log,173] - Initializing Spring DispatcherServlet 'dispatcherServlet'
11:05:14.525 [Thread-61] INFO  o.q.c.QuartzScheduler - [standby,585] - Scheduler schedulerFactoryBean_$_admin-PC1615949994643 paused.
11:05:14.530 [Thread-61] INFO  o.q.c.QuartzScheduler - [shutdown,666] - Scheduler schedulerFactoryBean_$_admin-PC1615949994643 shutting down.
11:05:14.531 [Thread-61] INFO  o.q.c.QuartzScheduler - [standby,585] - Scheduler schedulerFactoryBean_$_admin-PC1615949994643 paused.
11:05:14.533 [Thread-61] INFO  o.q.c.QuartzScheduler - [shutdown,740] - Scheduler schedulerFactoryBean_$_admin-PC1615949994643 shutdown complete.
11:05:14.534 [Thread-61] INFO  sys-user - [shutdownAsyncManager,31] - ====关闭后台任务任务线程池====
11:05:14.550 [Thread-61] INFO  c.a.d.p.DruidDataSource - [close,1928] - {dataSource-1} closed
11:05:23.700 [main] INFO  c.r.RuoYiApplication - [logStarting,50] - Starting RuoYiApplication on admin-PC with PID 5312 (D:\AsiaEcs\target\classes started by admin in D:\AsiaEcs)
11:05:23.708 [main] INFO  c.r.RuoYiApplication - [logStartupProfileInfo,679] - The following profiles are active: druid
11:05:27.021 [main] INFO  o.a.c.h.Http11NioProtocol - [log,173] - Initializing ProtocolHandler ["http-nio-8080"]
11:05:27.037 [main] INFO  o.a.c.c.StandardService - [log,173] - Starting service [Tomcat]
11:05:27.037 [main] INFO  o.a.c.c.StandardEngine - [log,173] - Starting Servlet Engine: Apache Tomcat/9.0.13
11:05:27.046 [main] INFO  o.a.c.c.AprLifecycleListener - [log,173] - The APR based Apache Tomcat Native library which allows optimal performance in production environments was not found on the java.library.path: [D:\Program Files\Java\jdk1.8.0_73\bin;C:\Windows\Sun\Java\bin;C:\Windows\system32;C:\Windows;D:\Program Files\Java\jdk1.7.0_51\bin;C:\Program Files (x86)\Common Files\Oracle\Java\javapath;C:\Program Files (x86)\NetSarang\Xshell 6\;C:\Program Files (x86)\NetSarang\Xftp 6\;C:\Windows\system32;C:\Windows;C:\Windows\System32\Wbem;C:\Windows\System32\WindowsPowerShell\v1.0\;D:\Program Files\TortoiseSVN\bin;D:\Program Files\Java\jdk1.7.0_51\jre\bin;D:\tools\apache-maven-3.6.3\bin;C:\Program Files\nodejs\;D:\Program Files\Git\cmd;C:\Users\admin\AppData\Roaming\npm;D:\Program Files\VSCode\Microsoft VS Code\bin;.]
11:05:27.177 [main] INFO  o.a.c.c.C.[.[.[/] - [log,173] - Initializing Spring embedded WebApplicationContext
11:05:32.674 [main] INFO  c.a.d.p.DruidDataSource - [init,991] - {dataSource-1} inited
11:05:35.325 [main] INFO  c.r.p.c.CategoryCache - [info,58] - 加载分类信息 size=5334
11:05:35.343 [main] INFO  c.r.p.c.CategoryCache - [info,58] - 加载分类信息完成
11:05:36.217 [main] INFO  o.q.i.StdSchedulerFactory - [instantiate,1208] - Using default implementation for ThreadExecutor
11:05:36.233 [main] INFO  o.q.c.SchedulerSignalerImpl - [<init>,61] - Initialized Scheduler Signaller of type: class org.quartz.core.SchedulerSignalerImpl
11:05:36.234 [main] INFO  o.q.c.QuartzScheduler - [<init>,229] - Quartz Scheduler v.2.3.0 created.
11:05:36.283 [main] INFO  o.q.c.QuartzScheduler - [initialize,294] - Scheduler meta-data: Quartz Scheduler (v2.3.0) 'schedulerFactoryBean' with instanceId 'admin-PC1615950336219'
  Scheduler class: 'org.quartz.core.QuartzScheduler' - running locally.
  NOT STARTED.
  Currently in standby mode.
  Number of jobs executed: 0
  Using thread pool 'org.quartz.simpl.SimpleThreadPool' - with 20 threads.
  Using job-store 'org.springframework.scheduling.quartz.LocalDataSourceJobStore' - which supports persistence. and is clustered.

11:05:36.283 [main] INFO  o.q.i.StdSchedulerFactory - [instantiate,1362] - Quartz scheduler 'schedulerFactoryBean' initialized from an externally provided properties instance.
11:05:36.284 [main] INFO  o.q.i.StdSchedulerFactory - [instantiate,1366] - Quartz scheduler version: 2.3.0
11:05:36.285 [main] INFO  o.q.c.QuartzScheduler - [setJobFactory,2287] - JobFactory set to: org.springframework.scheduling.quartz.AdaptableJobFactory@1f641fb7
11:05:46.920 [main] INFO  s.d.s.w.PropertySourcedRequestMappingHandlerMapping - [initHandlerMethods,69] - Mapped URL path [/v2/api-docs] onto method [public org.springframework.http.ResponseEntity<springfox.documentation.spring.web.json.Json> springfox.documentation.swagger2.web.Swagger2Controller.getDocumentation(java.lang.String,javax.servlet.http.HttpServletRequest)]
11:05:48.351 [main] INFO  s.d.s.w.p.DocumentationPluginsBootstrapper - [start,160] - Context refreshed
11:05:48.369 [main] INFO  s.d.s.w.p.DocumentationPluginsBootstrapper - [start,163] - Found 1 custom documentation plugin(s)
11:05:48.459 [main] INFO  s.d.s.w.s.ApiListingReferenceScanner - [scan,41] - Scanning for api listing references
11:05:48.695 [main] INFO  s.d.s.w.r.o.CachingOperationNameGenerator - [startingWith,40] - Generating unique operation named: insertUsingPOST_1
11:05:48.766 [main] INFO  o.a.c.h.Http11NioProtocol - [log,173] - Starting ProtocolHandler ["http-nio-8080"]
11:05:48.779 [main] INFO  o.a.t.u.n.NioSelectorPool - [log,173] - Using a shared selector for servlet write/read
11:05:48.808 [main] INFO  c.r.RuoYiApplication - [logStarted,59] - Started RuoYiApplication in 26.144 seconds (JVM running for 28.028)
11:05:50.228 [Quartz Scheduler [schedulerFactoryBean]] INFO  o.q.c.QuartzScheduler - [start,547] - Scheduler schedulerFactoryBean_$_admin-PC1615950336219 started.
11:06:28.215 [http-nio-8080-exec-1] INFO  o.a.c.c.C.[.[.[/] - [log,173] - Initializing Spring DispatcherServlet 'dispatcherServlet'
11:08:46.409 [Thread-55] INFO  o.q.c.QuartzScheduler - [standby,585] - Scheduler schedulerFactoryBean_$_admin-PC1615950336219 paused.
11:08:46.418 [Thread-55] INFO  o.q.c.QuartzScheduler - [shutdown,666] - Scheduler schedulerFactoryBean_$_admin-PC1615950336219 shutting down.
11:08:46.418 [Thread-55] INFO  o.q.c.QuartzScheduler - [standby,585] - Scheduler schedulerFactoryBean_$_admin-PC1615950336219 paused.
11:08:46.421 [Thread-55] INFO  o.q.c.QuartzScheduler - [shutdown,740] - Scheduler schedulerFactoryBean_$_admin-PC1615950336219 shutdown complete.
11:08:46.422 [Thread-55] INFO  sys-user - [shutdownAsyncManager,31] - ====关闭后台任务任务线程池====
11:08:46.435 [Thread-55] INFO  c.a.d.p.DruidDataSource - [close,1928] - {dataSource-1} closed
11:08:55.807 [main] INFO  c.r.RuoYiApplication - [logStarting,50] - Starting RuoYiApplication on admin-PC with PID 3896 (D:\AsiaEcs\target\classes started by admin in D:\AsiaEcs)
11:08:55.814 [main] INFO  c.r.RuoYiApplication - [logStartupProfileInfo,679] - The following profiles are active: druid
11:08:59.067 [main] INFO  o.a.c.h.Http11NioProtocol - [log,173] - Initializing ProtocolHandler ["http-nio-8080"]
11:08:59.079 [main] INFO  o.a.c.c.StandardService - [log,173] - Starting service [Tomcat]
11:08:59.080 [main] INFO  o.a.c.c.StandardEngine - [log,173] - Starting Servlet Engine: Apache Tomcat/9.0.13
11:08:59.088 [main] INFO  o.a.c.c.AprLifecycleListener - [log,173] - The APR based Apache Tomcat Native library which allows optimal performance in production environments was not found on the java.library.path: [D:\Program Files\Java\jdk1.8.0_73\bin;C:\Windows\Sun\Java\bin;C:\Windows\system32;C:\Windows;D:\Program Files\Java\jdk1.7.0_51\bin;C:\Program Files (x86)\Common Files\Oracle\Java\javapath;C:\Program Files (x86)\NetSarang\Xshell 6\;C:\Program Files (x86)\NetSarang\Xftp 6\;C:\Windows\system32;C:\Windows;C:\Windows\System32\Wbem;C:\Windows\System32\WindowsPowerShell\v1.0\;D:\Program Files\TortoiseSVN\bin;D:\Program Files\Java\jdk1.7.0_51\jre\bin;D:\tools\apache-maven-3.6.3\bin;C:\Program Files\nodejs\;D:\Program Files\Git\cmd;C:\Users\admin\AppData\Roaming\npm;D:\Program Files\VSCode\Microsoft VS Code\bin;.]
11:08:59.215 [main] INFO  o.a.c.c.C.[.[.[/] - [log,173] - Initializing Spring embedded WebApplicationContext
11:09:04.753 [main] INFO  c.a.d.p.DruidDataSource - [init,991] - {dataSource-1} inited
11:09:07.558 [main] INFO  c.r.p.c.CategoryCache - [info,58] - 加载分类信息 size=5334
11:09:07.575 [main] INFO  c.r.p.c.CategoryCache - [info,58] - 加载分类信息完成
11:09:07.977 [main] INFO  o.q.i.StdSchedulerFactory - [instantiate,1208] - Using default implementation for ThreadExecutor
11:09:08.393 [main] INFO  o.q.c.SchedulerSignalerImpl - [<init>,61] - Initialized Scheduler Signaller of type: class org.quartz.core.SchedulerSignalerImpl
11:09:08.393 [main] INFO  o.q.c.QuartzScheduler - [<init>,229] - Quartz Scheduler v.2.3.0 created.
11:09:08.435 [main] INFO  o.q.c.QuartzScheduler - [initialize,294] - Scheduler meta-data: Quartz Scheduler (v2.3.0) 'schedulerFactoryBean' with instanceId 'admin-PC1615950547979'
  Scheduler class: 'org.quartz.core.QuartzScheduler' - running locally.
  NOT STARTED.
  Currently in standby mode.
  Number of jobs executed: 0
  Using thread pool 'org.quartz.simpl.SimpleThreadPool' - with 20 threads.
  Using job-store 'org.springframework.scheduling.quartz.LocalDataSourceJobStore' - which supports persistence. and is clustered.

11:09:08.435 [main] INFO  o.q.i.StdSchedulerFactory - [instantiate,1362] - Quartz scheduler 'schedulerFactoryBean' initialized from an externally provided properties instance.
11:09:08.435 [main] INFO  o.q.i.StdSchedulerFactory - [instantiate,1366] - Quartz scheduler version: 2.3.0
11:09:08.437 [main] INFO  o.q.c.QuartzScheduler - [setJobFactory,2287] - JobFactory set to: org.springframework.scheduling.quartz.AdaptableJobFactory@6b756a62
11:09:18.581 [main] INFO  s.d.s.w.PropertySourcedRequestMappingHandlerMapping - [initHandlerMethods,69] - Mapped URL path [/v2/api-docs] onto method [public org.springframework.http.ResponseEntity<springfox.documentation.spring.web.json.Json> springfox.documentation.swagger2.web.Swagger2Controller.getDocumentation(java.lang.String,javax.servlet.http.HttpServletRequest)]
11:09:19.981 [main] INFO  s.d.s.w.p.DocumentationPluginsBootstrapper - [start,160] - Context refreshed
11:09:19.998 [main] INFO  s.d.s.w.p.DocumentationPluginsBootstrapper - [start,163] - Found 1 custom documentation plugin(s)
11:09:20.090 [main] INFO  s.d.s.w.s.ApiListingReferenceScanner - [scan,41] - Scanning for api listing references
11:09:20.339 [main] INFO  s.d.s.w.r.o.CachingOperationNameGenerator - [startingWith,40] - Generating unique operation named: insertUsingPOST_1
11:09:20.412 [main] INFO  o.a.c.h.Http11NioProtocol - [log,173] - Starting ProtocolHandler ["http-nio-8080"]
11:09:20.425 [main] INFO  o.a.t.u.n.NioSelectorPool - [log,173] - Using a shared selector for servlet write/read
11:09:20.451 [main] INFO  c.r.RuoYiApplication - [logStarted,59] - Started RuoYiApplication in 25.517 seconds (JVM running for 27.231)
11:09:21.829 [Quartz Scheduler [schedulerFactoryBean]] INFO  o.q.c.QuartzScheduler - [start,547] - Scheduler schedulerFactoryBean_$_admin-PC1615950547979 started.
11:09:31.635 [http-nio-8080-exec-1] INFO  o.a.c.c.C.[.[.[/] - [log,173] - Initializing Spring DispatcherServlet 'dispatcherServlet'
11:11:57.965 [Thread-54] INFO  o.q.c.QuartzScheduler - [standby,585] - Scheduler schedulerFactoryBean_$_admin-PC1615950547979 paused.
11:11:57.972 [Thread-54] INFO  o.q.c.QuartzScheduler - [shutdown,666] - Scheduler schedulerFactoryBean_$_admin-PC1615950547979 shutting down.
11:11:57.973 [Thread-54] INFO  o.q.c.QuartzScheduler - [standby,585] - Scheduler schedulerFactoryBean_$_admin-PC1615950547979 paused.
11:11:57.975 [Thread-54] INFO  o.q.c.QuartzScheduler - [shutdown,740] - Scheduler schedulerFactoryBean_$_admin-PC1615950547979 shutdown complete.
11:11:57.976 [Thread-54] INFO  sys-user - [shutdownAsyncManager,31] - ====关闭后台任务任务线程池====
11:11:57.991 [Thread-54] INFO  c.a.d.p.DruidDataSource - [close,1928] - {dataSource-1} closed
11:12:05.715 [main] INFO  c.r.RuoYiApplication - [logStarting,50] - Starting RuoYiApplication on admin-PC with PID 5576 (D:\AsiaEcs\target\classes started by admin in D:\AsiaEcs)
11:12:05.726 [main] INFO  c.r.RuoYiApplication - [logStartupProfileInfo,679] - The following profiles are active: druid
11:12:09.626 [main] INFO  o.a.c.h.Http11NioProtocol - [log,173] - Initializing ProtocolHandler ["http-nio-8080"]
11:12:09.638 [main] INFO  o.a.c.c.StandardService - [log,173] - Starting service [Tomcat]
11:12:09.639 [main] INFO  o.a.c.c.StandardEngine - [log,173] - Starting Servlet Engine: Apache Tomcat/9.0.13
11:12:09.648 [main] INFO  o.a.c.c.AprLifecycleListener - [log,173] - The APR based Apache Tomcat Native library which allows optimal performance in production environments was not found on the java.library.path: [D:\Program Files\Java\jdk1.8.0_73\bin;C:\Windows\Sun\Java\bin;C:\Windows\system32;C:\Windows;D:\Program Files\Java\jdk1.7.0_51\bin;C:\Program Files (x86)\Common Files\Oracle\Java\javapath;C:\Program Files (x86)\NetSarang\Xshell 6\;C:\Program Files (x86)\NetSarang\Xftp 6\;C:\Windows\system32;C:\Windows;C:\Windows\System32\Wbem;C:\Windows\System32\WindowsPowerShell\v1.0\;D:\Program Files\TortoiseSVN\bin;D:\Program Files\Java\jdk1.7.0_51\jre\bin;D:\tools\apache-maven-3.6.3\bin;C:\Program Files\nodejs\;D:\Program Files\Git\cmd;C:\Users\admin\AppData\Roaming\npm;D:\Program Files\VSCode\Microsoft VS Code\bin;.]
11:12:09.801 [main] INFO  o.a.c.c.C.[.[.[/] - [log,173] - Initializing Spring embedded WebApplicationContext
11:12:15.534 [main] INFO  c.a.d.p.DruidDataSource - [init,991] - {dataSource-1} inited
11:12:18.452 [main] INFO  c.r.p.c.CategoryCache - [info,58] - 加载分类信息 size=5334
11:12:18.471 [main] INFO  c.r.p.c.CategoryCache - [info,58] - 加载分类信息完成
11:12:18.982 [main] INFO  o.q.i.StdSchedulerFactory - [instantiate,1208] - Using default implementation for ThreadExecutor
11:12:19.404 [main] INFO  o.q.c.SchedulerSignalerImpl - [<init>,61] - Initialized Scheduler Signaller of type: class org.quartz.core.SchedulerSignalerImpl
11:12:19.404 [main] INFO  o.q.c.QuartzScheduler - [<init>,229] - Quartz Scheduler v.2.3.0 created.
11:12:19.453 [main] INFO  o.q.c.QuartzScheduler - [initialize,294] - Scheduler meta-data: Quartz Scheduler (v2.3.0) 'schedulerFactoryBean' with instanceId 'admin-PC1615950738986'
  Scheduler class: 'org.quartz.core.QuartzScheduler' - running locally.
  NOT STARTED.
  Currently in standby mode.
  Number of jobs executed: 0
  Using thread pool 'org.quartz.simpl.SimpleThreadPool' - with 20 threads.
  Using job-store 'org.springframework.scheduling.quartz.LocalDataSourceJobStore' - which supports persistence. and is clustered.

11:12:19.453 [main] INFO  o.q.i.StdSchedulerFactory - [instantiate,1362] - Quartz scheduler 'schedulerFactoryBean' initialized from an externally provided properties instance.
11:12:19.453 [main] INFO  o.q.i.StdSchedulerFactory - [instantiate,1366] - Quartz scheduler version: 2.3.0
11:12:19.455 [main] INFO  o.q.c.QuartzScheduler - [setJobFactory,2287] - JobFactory set to: org.springframework.scheduling.quartz.AdaptableJobFactory@6f740044
11:12:30.851 [main] INFO  s.d.s.w.PropertySourcedRequestMappingHandlerMapping - [initHandlerMethods,69] - Mapped URL path [/v2/api-docs] onto method [public org.springframework.http.ResponseEntity<springfox.documentation.spring.web.json.Json> springfox.documentation.swagger2.web.Swagger2Controller.getDocumentation(java.lang.String,javax.servlet.http.HttpServletRequest)]
11:12:32.284 [main] INFO  s.d.s.w.p.DocumentationPluginsBootstrapper - [start,160] - Context refreshed
11:12:32.305 [main] INFO  s.d.s.w.p.DocumentationPluginsBootstrapper - [start,163] - Found 1 custom documentation plugin(s)
11:12:32.405 [main] INFO  s.d.s.w.s.ApiListingReferenceScanner - [scan,41] - Scanning for api listing references
11:12:32.679 [main] INFO  s.d.s.w.r.o.CachingOperationNameGenerator - [startingWith,40] - Generating unique operation named: insertUsingPOST_1
11:12:32.759 [main] INFO  o.a.c.h.Http11NioProtocol - [log,173] - Starting ProtocolHandler ["http-nio-8080"]
11:12:32.773 [main] INFO  o.a.t.u.n.NioSelectorPool - [log,173] - Using a shared selector for servlet write/read
11:12:32.855 [main] INFO  c.r.RuoYiApplication - [logStarted,59] - Started RuoYiApplication in 28.091 seconds (JVM running for 30.048)
11:12:34.252 [Quartz Scheduler [schedulerFactoryBean]] INFO  o.q.c.QuartzScheduler - [start,547] - Scheduler schedulerFactoryBean_$_admin-PC1615950738986 started.
11:13:07.793 [http-nio-8080-exec-1] INFO  o.a.c.c.C.[.[.[/] - [log,173] - Initializing Spring DispatcherServlet 'dispatcherServlet'
11:15:13.693 [Thread-60] INFO  o.q.c.QuartzScheduler - [standby,585] - Scheduler schedulerFactoryBean_$_admin-PC1615950738986 paused.
11:15:13.698 [Thread-60] INFO  o.q.c.QuartzScheduler - [shutdown,666] - Scheduler schedulerFactoryBean_$_admin-PC1615950738986 shutting down.
11:15:13.699 [Thread-60] INFO  o.q.c.QuartzScheduler - [standby,585] - Scheduler schedulerFactoryBean_$_admin-PC1615950738986 paused.
11:15:13.701 [Thread-60] INFO  o.q.c.QuartzScheduler - [shutdown,740] - Scheduler schedulerFactoryBean_$_admin-PC1615950738986 shutdown complete.
11:15:13.703 [Thread-60] INFO  sys-user - [shutdownAsyncManager,31] - ====关闭后台任务任务线程池====
11:15:13.716 [Thread-60] INFO  c.a.d.p.DruidDataSource - [close,1928] - {dataSource-1} closed
