08:47:11.533 [main] ERROR c.a.d.f.s.StatFilter - [internalAfterStatementExecute,478] - slow sql 2561 millis. select id, name, level, parent_id, parent_ids, customs_code, special_properties, import_restriction_cn, import_restriction_hk, import_restriction_kr, relation_my, relation_th, relation_ph, relation_id, relation_sg, relation_vn, create_by, create_time, update_by, update_time,special_flag from laz_category[]
08:47:24.926 [main] ERROR o.s.b.SpringApplication - [reportFailure,858] - Application run failed
org.springframework.beans.factory.UnsatisfiedDependencyException: Error creating bean with name 'bestKdController': Unsatisfied dependency expressed through field 'client'; nested exception is org.springframework.beans.factory.NoSuchBeanDefinitionException: No qualifying bean of type 'com.best.javaSdk.Client' available: expected at least 1 bean which qualifies as autowire candidate. Dependency annotations: {@org.springframework.beans.factory.annotation.Autowired(required=true)}
	at org.springframework.beans.factory.annotation.AutowiredAnnotationBeanPostProcessor$AutowiredFieldElement.inject(AutowiredAnnotationBeanPostProcessor.java:596)
	at org.springframework.beans.factory.annotation.InjectionMetadata.inject(InjectionMetadata.java:90)
	at org.springframework.beans.factory.annotation.AutowiredAnnotationBeanPostProcessor.postProcessProperties(AutowiredAnnotationBeanPostProcessor.java:374)
	at org.springframework.beans.factory.support.AbstractAutowireCapableBeanFactory.populateBean(AbstractAutowireCapableBeanFactory.java:1378)
	at org.springframework.beans.factory.support.AbstractAutowireCapableBeanFactory.doCreateBean(AbstractAutowireCapableBeanFactory.java:575)
	at org.springframework.beans.factory.support.AbstractAutowireCapableBeanFactory.createBean(AbstractAutowireCapableBeanFactory.java:498)
	at org.springframework.beans.factory.support.AbstractBeanFactory.lambda$doGetBean$0(AbstractBeanFactory.java:320)
	at org.springframework.beans.factory.support.DefaultSingletonBeanRegistry.getSingleton(DefaultSingletonBeanRegistry.java:222)
	at org.springframework.beans.factory.support.AbstractBeanFactory.doGetBean(AbstractBeanFactory.java:318)
	at org.springframework.beans.factory.support.AbstractBeanFactory.getBean(AbstractBeanFactory.java:199)
	at org.springframework.beans.factory.support.DefaultListableBeanFactory.preInstantiateSingletons(DefaultListableBeanFactory.java:846)
	at org.springframework.context.support.AbstractApplicationContext.finishBeanFactoryInitialization(AbstractApplicationContext.java:863)
	at org.springframework.context.support.AbstractApplicationContext.refresh(AbstractApplicationContext.java:546)
	at org.springframework.boot.web.servlet.context.ServletWebServerApplicationContext.refresh(ServletWebServerApplicationContext.java:142)
	at org.springframework.boot.SpringApplication.refresh(SpringApplication.java:775)
	at org.springframework.boot.SpringApplication.refreshContext(SpringApplication.java:397)
	at org.springframework.boot.SpringApplication.run(SpringApplication.java:316)
	at org.springframework.boot.SpringApplication.run(SpringApplication.java:1260)
	at org.springframework.boot.SpringApplication.run(SpringApplication.java:1248)
	at com.ruoyi.RuoYiApplication.main(RuoYiApplication.java:20)
Caused by: org.springframework.beans.factory.NoSuchBeanDefinitionException: No qualifying bean of type 'com.best.javaSdk.Client' available: expected at least 1 bean which qualifies as autowire candidate. Dependency annotations: {@org.springframework.beans.factory.annotation.Autowired(required=true)}
	at org.springframework.beans.factory.support.DefaultListableBeanFactory.raiseNoMatchingBeanFound(DefaultListableBeanFactory.java:1644)
	at org.springframework.beans.factory.support.DefaultListableBeanFactory.doResolveDependency(DefaultListableBeanFactory.java:1203)
	at org.springframework.beans.factory.support.DefaultListableBeanFactory.resolveDependency(DefaultListableBeanFactory.java:1164)
	at org.springframework.beans.factory.annotation.AutowiredAnnotationBeanPostProcessor$AutowiredFieldElement.inject(AutowiredAnnotationBeanPostProcessor.java:593)
	... 19 common frames omitted
08:55:02.495 [main] ERROR c.a.d.f.s.StatFilter - [internalAfterStatementExecute,478] - slow sql 2621 millis. select id, name, level, parent_id, parent_ids, customs_code, special_properties, import_restriction_cn, import_restriction_hk, import_restriction_kr, relation_my, relation_th, relation_ph, relation_id, relation_sg, relation_vn, create_by, create_time, update_by, update_time,special_flag from laz_category[]
08:59:01.969 [main] ERROR c.a.d.f.s.StatFilter - [internalAfterStatementExecute,478] - slow sql 2297 millis. select id, name, level, parent_id, parent_ids, customs_code, special_properties, import_restriction_cn, import_restriction_hk, import_restriction_kr, relation_my, relation_th, relation_ph, relation_id, relation_sg, relation_vn, create_by, create_time, update_by, update_time,special_flag from laz_category[]
09:01:45.626 [schedulerFactoryBean_QuartzSchedulerThread] ERROR c.a.d.f.s.StatFilter - [internalAfterStatementExecute,478] - slow sql 1673 millis. SELECT TRIGGER_NAME, TRIGGER_GROUP, NEXT_FIRE_TIME, PRIORITY FROM QRTZ_TRIGGERS WHERE SCHED_NAME = 'schedulerFactoryBean' AND TRIGGER_STATE = ? AND NEXT_FIRE_TIME <= ? AND (MISFIRE_INSTR = -1 OR (MISFIRE_INSTR != -1 AND NEXT_FIRE_TIME >= ?)) ORDER BY NEXT_FIRE_TIME ASC, PRIORITY DESC["WAITING",1615510929301,1615510889758]
09:02:50.743 [QuartzScheduler_schedulerFactoryBean-admin-PC1615510742732_MisfireHandler] ERROR c.a.d.f.s.StatFilter - [internalAfterStatementExecute,478] - slow sql 2315 millis. SELECT COUNT(TRIGGER_NAME) FROM QRTZ_TRIGGERS WHERE SCHED_NAME = 'schedulerFactoryBean' AND NOT (MISFIRE_INSTR = -1) AND NEXT_FIRE_TIME < ? AND TRIGGER_STATE = ?[1615510956422,"WAITING"]
09:02:57.112 [QuartzScheduler_schedulerFactoryBean-admin-PC1615510742732_ClusterManager] ERROR c.a.d.f.s.StatFilter - [internalAfterStatementExecute,478] - slow sql 5675 millis. UPDATE QRTZ_SCHEDULER_STATE SET LAST_CHECKIN_TIME = ? WHERE SCHED_NAME = 'schedulerFactoryBean' AND INSTANCE_NAME = ?[1615510971435,"admin-PC1615510742732"]
09:03:58.276 [QuartzScheduler_schedulerFactoryBean-admin-PC1615510742732_MisfireHandler] ERROR c.a.d.f.s.StatFilter - [internalAfterStatementExecute,478] - slow sql 2750 millis. SELECT COUNT(TRIGGER_NAME) FROM QRTZ_TRIGGERS WHERE SCHED_NAME = 'schedulerFactoryBean' AND NOT (MISFIRE_INSTR = -1) AND NEXT_FIRE_TIME < ? AND TRIGGER_STATE = ?[1615511023523,"WAITING"]
09:04:03.346 [QuartzScheduler_schedulerFactoryBean-admin-PC1615510742732_ClusterManager] ERROR c.a.d.f.s.StatFilter - [internalAfterStatementExecute,478] - slow sql 5023 millis. SELECT * FROM QRTZ_SCHEDULER_STATE WHERE SCHED_NAME = 'schedulerFactoryBean'[]
09:04:04.822 [QuartzScheduler_schedulerFactoryBean-admin-PC1615510742732_ClusterManager] ERROR c.a.d.f.s.StatFilter - [internalAfterStatementExecute,478] - slow sql 1473 millis. UPDATE QRTZ_SCHEDULER_STATE SET LAST_CHECKIN_TIME = ? WHERE SCHED_NAME = 'schedulerFactoryBean' AND INSTANCE_NAME = ?[1615511043347,"admin-PC1615510742732"]
09:50:08.761 [main] ERROR c.a.d.f.s.StatFilter - [internalAfterStatementExecute,478] - slow sql 3339 millis. select id, name, level, parent_id, parent_ids, customs_code, special_properties, import_restriction_cn, import_restriction_hk, import_restriction_kr, relation_my, relation_th, relation_ph, relation_id, relation_sg, relation_vn, create_by, create_time, update_by, update_time,special_flag from laz_category[]
09:53:27.008 [QuartzScheduler_schedulerFactoryBean-admin-PC1615513809610_ClusterManager] ERROR c.a.d.f.s.StatFilter - [internalAfterStatementExecute,478] - slow sql 102719 millis. SELECT * FROM QRTZ_SCHEDULER_STATE WHERE SCHED_NAME = 'schedulerFactoryBean'[]
09:53:29.100 [QuartzScheduler_schedulerFactoryBean-admin-PC1615513809610_ClusterManager] ERROR c.a.d.f.s.StatFilter - [internalAfterStatementExecute,478] - slow sql 2083 millis. UPDATE QRTZ_SCHEDULER_STATE SET LAST_CHECKIN_TIME = ? WHERE SCHED_NAME = 'schedulerFactoryBean' AND INSTANCE_NAME = ?[1615514007013,"admin-PC1615513809610"]
09:53:33.948 [schedulerFactoryBean_QuartzSchedulerThread] ERROR c.a.d.f.s.StatFilter - [internalAfterStatementExecute,478] - slow sql 2925 millis. SELECT TRIGGER_NAME, TRIGGER_GROUP, NEXT_FIRE_TIME, PRIORITY FROM QRTZ_TRIGGERS WHERE SCHED_NAME = 'schedulerFactoryBean' AND TRIGGER_STATE = ? AND NEXT_FIRE_TIME <= ? AND (MISFIRE_INSTR = -1 OR (MISFIRE_INSTR != -1 AND NEXT_FIRE_TIME >= ?)) ORDER BY NEXT_FIRE_TIME ASC, PRIORITY DESC["WAITING",1615514037008,1615513999021]
10:02:05.666 [schedulerFactoryBean_QuartzSchedulerThread] ERROR c.a.d.f.s.StatFilter - [internalAfterStatementExecute,478] - slow sql 2441 millis. SELECT TRIGGER_NAME, TRIGGER_GROUP, NEXT_FIRE_TIME, PRIORITY FROM QRTZ_TRIGGERS WHERE SCHED_NAME = 'schedulerFactoryBean' AND TRIGGER_STATE = ? AND NEXT_FIRE_TIME <= ? AND (MISFIRE_INSTR = -1 OR (MISFIRE_INSTR != -1 AND NEXT_FIRE_TIME >= ?)) ORDER BY NEXT_FIRE_TIME ASC, PRIORITY DESC["WAITING",1615514550202,1615514511224]
10:02:16.513 [QuartzScheduler_schedulerFactoryBean-admin-PC1615513809610_ClusterManager] ERROR c.a.d.f.s.StatFilter - [internalAfterStatementExecute,478] - slow sql 10839 millis. SELECT * FROM QRTZ_SCHEDULER_STATE WHERE SCHED_NAME = 'schedulerFactoryBean'[]
10:02:30.833 [QuartzScheduler_schedulerFactoryBean-admin-PC1615513809610_MisfireHandler] ERROR c.a.d.f.s.StatFilter - [internalAfterStatementExecute,478] - slow sql 14318 millis. SELECT COUNT(TRIGGER_NAME) FROM QRTZ_TRIGGERS WHERE SCHED_NAME = 'schedulerFactoryBean' AND NOT (MISFIRE_INSTR = -1) AND NEXT_FIRE_TIME < ? AND TRIGGER_STATE = ?[1615514524512,"WAITING"]
10:02:30.833 [QuartzScheduler_schedulerFactoryBean-admin-PC1615513809610_ClusterManager] ERROR c.a.d.f.s.StatFilter - [internalAfterStatementExecute,478] - slow sql 14317 millis. UPDATE QRTZ_SCHEDULER_STATE SET LAST_CHECKIN_TIME = ? WHERE SCHED_NAME = 'schedulerFactoryBean' AND INSTANCE_NAME = ?[1615514536514,"admin-PC1615513809610"]
10:08:14.404 [QuartzScheduler_schedulerFactoryBean-admin-PC1615513809610_MisfireHandler] ERROR c.a.d.f.s.StatFilter - [internalAfterStatementExecute,478] - slow sql 2613 millis. SELECT COUNT(TRIGGER_NAME) FROM QRTZ_TRIGGERS WHERE SCHED_NAME = 'schedulerFactoryBean' AND NOT (MISFIRE_INSTR = -1) AND NEXT_FIRE_TIME < ? AND TRIGGER_STATE = ?[1615514879788,"WAITING"]
10:12:28.120 [schedulerFactoryBean_QuartzSchedulerThread] ERROR c.a.d.f.s.StatFilter - [internalAfterStatementExecute,478] - slow sql 52233 millis. SELECT TRIGGER_NAME, TRIGGER_GROUP, NEXT_FIRE_TIME, PRIORITY FROM QRTZ_TRIGGERS WHERE SCHED_NAME = 'schedulerFactoryBean' AND TRIGGER_STATE = ? AND NEXT_FIRE_TIME <= ? AND (MISFIRE_INSTR = -1 OR (MISFIRE_INSTR != -1 AND NEXT_FIRE_TIME >= ?)) ORDER BY NEXT_FIRE_TIME ASC, PRIORITY DESC["WAITING",1615515122046,1615515083883]
10:12:28.120 [QuartzScheduler_schedulerFactoryBean-admin-PC1615513809610_ClusterManager] ERROR c.a.d.f.s.StatFilter - [internalAfterStatementExecute,478] - slow sql 52232 millis. SELECT * FROM QRTZ_SCHEDULER_STATE WHERE SCHED_NAME = 'schedulerFactoryBean'[]
10:12:28.162 [QuartzScheduler_schedulerFactoryBean-admin-PC1615513809610_MisfireHandler] ERROR c.a.d.f.s.StatFilter - [internalAfterStatementExecute,478] - slow sql 52275 millis. SELECT COUNT(TRIGGER_NAME) FROM QRTZ_TRIGGERS WHERE SCHED_NAME = 'schedulerFactoryBean' AND NOT (MISFIRE_INSTR = -1) AND NEXT_FIRE_TIME < ? AND TRIGGER_STATE = ?[1615515083884,"WAITING"]
10:16:51.918 [QuartzScheduler_schedulerFactoryBean-admin-PC1615513809610_ClusterManager] ERROR c.a.d.f.s.StatFilter - [internalAfterStatementExecute,478] - slow sql 2025 millis. SELECT * FROM QRTZ_SCHEDULER_STATE WHERE SCHED_NAME = 'schedulerFactoryBean'[]
10:21:48.272 [main] ERROR c.a.d.f.s.StatFilter - [internalAfterStatementExecute,478] - slow sql 2910 millis. select id, name, level, parent_id, parent_ids, customs_code, special_properties, import_restriction_cn, import_restriction_hk, import_restriction_kr, relation_my, relation_th, relation_ph, relation_id, relation_sg, relation_vn, create_by, create_time, update_by, update_time,special_flag from laz_category[]
10:24:11.548 [QuartzScheduler_schedulerFactoryBean-admin-PC1615515709343_ClusterManager] ERROR c.a.d.f.s.StatFilter - [internalAfterStatementExecute,478] - slow sql 1120 millis. UPDATE QRTZ_SCHEDULER_STATE SET LAST_CHECKIN_TIME = ? WHERE SCHED_NAME = 'schedulerFactoryBean' AND INSTANCE_NAME = ?[1615515850427,"admin-PC1615515709343"]
10:24:11.550 [schedulerFactoryBean_QuartzSchedulerThread] ERROR c.a.d.f.s.StatFilter - [internalAfterStatementExecute,478] - slow sql 1139 millis. SELECT TRIGGER_NAME, TRIGGER_GROUP, NEXT_FIRE_TIME, PRIORITY FROM QRTZ_TRIGGERS WHERE SCHED_NAME = 'schedulerFactoryBean' AND TRIGGER_STATE = ? AND NEXT_FIRE_TIME <= ? AND (MISFIRE_INSTR = -1 OR (MISFIRE_INSTR != -1 AND NEXT_FIRE_TIME >= ?)) ORDER BY NEXT_FIRE_TIME ASC, PRIORITY DESC["WAITING",1615515880326,1615515838410]
10:29:30.271 [QuartzScheduler_schedulerFactoryBean-admin-PC1615515709343_ClusterManager] ERROR c.a.d.f.s.StatFilter - [internalAfterStatementExecute,478] - slow sql 4156 millis. SELECT * FROM QRTZ_SCHEDULER_STATE WHERE SCHED_NAME = 'schedulerFactoryBean'[]
10:29:31.650 [QuartzScheduler_schedulerFactoryBean-admin-PC1615515709343_ClusterManager] ERROR c.a.d.f.s.StatFilter - [internalAfterStatementExecute,478] - slow sql 1377 millis. UPDATE QRTZ_SCHEDULER_STATE SET LAST_CHECKIN_TIME = ? WHERE SCHED_NAME = 'schedulerFactoryBean' AND INSTANCE_NAME = ?[1615516170272,"admin-PC1615515709343"]
10:29:31.650 [QuartzScheduler_schedulerFactoryBean-admin-PC1615515709343_MisfireHandler] ERROR c.a.d.f.s.StatFilter - [internalAfterStatementExecute,478] - slow sql 1378 millis. SELECT COUNT(TRIGGER_NAME) FROM QRTZ_TRIGGERS WHERE SCHED_NAME = 'schedulerFactoryBean' AND NOT (MISFIRE_INSTR = -1) AND NEXT_FIRE_TIME < ? AND TRIGGER_STATE = ?[1615516158271,"WAITING"]
10:29:39.297 [schedulerFactoryBean_QuartzSchedulerThread] ERROR c.a.d.f.s.StatFilter - [internalAfterStatementExecute,478] - slow sql 9017 millis. SELECT TRIGGER_NAME, TRIGGER_GROUP, NEXT_FIRE_TIME, PRIORITY FROM QRTZ_TRIGGERS WHERE SCHED_NAME = 'schedulerFactoryBean' AND TRIGGER_STATE = ? AND NEXT_FIRE_TIME <= ? AND (MISFIRE_INSTR = -1 OR (MISFIRE_INSTR != -1 AND NEXT_FIRE_TIME >= ?)) ORDER BY NEXT_FIRE_TIME ASC, PRIORITY DESC["WAITING",1615516196115,1615516158278]
10:29:42.144 [QuartzScheduler_schedulerFactoryBean-admin-PC1615515709343_MisfireHandler] ERROR c.a.d.f.s.StatFilter - [internalAfterStatementExecute,478] - slow sql 1534 millis. SELECT COUNT(TRIGGER_NAME) FROM QRTZ_TRIGGERS WHERE SCHED_NAME = 'schedulerFactoryBean' AND NOT (MISFIRE_INSTR = -1) AND NEXT_FIRE_TIME < ? AND TRIGGER_STATE = ?[1615516168606,"WAITING"]
10:30:09.100 [QuartzScheduler_schedulerFactoryBean-admin-PC1615515709343_ClusterManager] ERROR c.a.d.f.s.StatFilter - [internalAfterStatementExecute,478] - slow sql 2874 millis. SELECT * FROM QRTZ_SCHEDULER_STATE WHERE SCHED_NAME = 'schedulerFactoryBean'[]
10:30:09.100 [QuartzScheduler_schedulerFactoryBean-admin-PC1615515709343_MisfireHandler] ERROR c.a.d.f.s.StatFilter - [internalAfterStatementExecute,478] - slow sql 1009 millis. SELECT COUNT(TRIGGER_NAME) FROM QRTZ_TRIGGERS WHERE SCHED_NAME = 'schedulerFactoryBean' AND NOT (MISFIRE_INSTR = -1) AND NEXT_FIRE_TIME < ? AND TRIGGER_STATE = ?[1615516196088,"WAITING"]
10:30:15.906 [QuartzScheduler_schedulerFactoryBean-admin-PC1615515709343_ClusterManager] ERROR c.a.d.f.s.StatFilter - [internalAfterStatementExecute,478] - slow sql 6800 millis. UPDATE QRTZ_SCHEDULER_STATE SET LAST_CHECKIN_TIME = ? WHERE SCHED_NAME = 'schedulerFactoryBean' AND INSTANCE_NAME = ?[1615516209103,"admin-PC1615515709343"]
10:30:25.493 [schedulerFactoryBean_QuartzSchedulerThread] ERROR c.a.d.f.s.StatFilter - [internalAfterStatementExecute,478] - slow sql 9582 millis. SELECT TRIGGER_NAME, TRIGGER_GROUP, NEXT_FIRE_TIME, PRIORITY FROM QRTZ_TRIGGERS WHERE SCHED_NAME = 'schedulerFactoryBean' AND TRIGGER_STATE = ? AND NEXT_FIRE_TIME <= ? AND (MISFIRE_INSTR = -1 OR (MISFIRE_INSTR != -1 AND NEXT_FIRE_TIME >= ?)) ORDER BY NEXT_FIRE_TIME ASC, PRIORITY DESC["WAITING",1615516236226,1615516203909]
10:34:24.284 [QuartzScheduler_schedulerFactoryBean-admin-PC1615515709343_MisfireHandler] ERROR c.a.d.f.s.StatFilter - [internalAfterStatementExecute,478] - slow sql 1143 millis. SELECT COUNT(TRIGGER_NAME) FROM QRTZ_TRIGGERS WHERE SCHED_NAME = 'schedulerFactoryBean' AND NOT (MISFIRE_INSTR = -1) AND NEXT_FIRE_TIME < ? AND TRIGGER_STATE = ?[1615516451139,"WAITING"]
10:35:08.597 [QuartzScheduler_schedulerFactoryBean-admin-PC1615515709343_MisfireHandler] ERROR c.a.d.f.s.StatFilter - [internalAfterStatementExecute,478] - slow sql 15761 millis. SELECT COUNT(TRIGGER_NAME) FROM QRTZ_TRIGGERS WHERE SCHED_NAME = 'schedulerFactoryBean' AND NOT (MISFIRE_INSTR = -1) AND NEXT_FIRE_TIME < ? AND TRIGGER_STATE = ?[1615516480833,"WAITING"]
10:35:10.744 [QuartzScheduler_schedulerFactoryBean-admin-PC1615515709343_ClusterManager] ERROR c.a.d.f.s.StatFilter - [internalAfterStatementExecute,478] - slow sql 2146 millis. SELECT * FROM QRTZ_SCHEDULER_STATE WHERE SCHED_NAME = 'schedulerFactoryBean'[]
10:35:13.402 [QuartzScheduler_schedulerFactoryBean-admin-PC1615515709343_ClusterManager] ERROR c.a.d.f.s.StatFilter - [internalAfterStatementExecute,478] - slow sql 2653 millis. UPDATE QRTZ_SCHEDULER_STATE SET LAST_CHECKIN_TIME = ? WHERE SCHED_NAME = 'schedulerFactoryBean' AND INSTANCE_NAME = ?[1615516510746,"admin-PC1615515709343"]
10:35:22.220 [schedulerFactoryBean_QuartzSchedulerThread] ERROR c.a.d.f.s.StatFilter - [internalAfterStatementExecute,478] - slow sql 8810 millis. SELECT TRIGGER_NAME, TRIGGER_GROUP, NEXT_FIRE_TIME, PRIORITY FROM QRTZ_TRIGGERS WHERE SCHED_NAME = 'schedulerFactoryBean' AND TRIGGER_STATE = ? AND NEXT_FIRE_TIME <= ? AND (MISFIRE_INSTR = -1 OR (MISFIRE_INSTR != -1 AND NEXT_FIRE_TIME >= ?)) ORDER BY NEXT_FIRE_TIME ASC, PRIORITY DESC["WAITING",1615516539119,1615516501409]
10:35:36.268 [QuartzScheduler_schedulerFactoryBean-admin-PC1615515709343_MisfireHandler] ERROR c.a.d.f.s.StatFilter - [internalAfterStatementExecute,478] - slow sql 9310 millis. SELECT COUNT(TRIGGER_NAME) FROM QRTZ_TRIGGERS WHERE SCHED_NAME = 'schedulerFactoryBean' AND NOT (MISFIRE_INSTR = -1) AND NEXT_FIRE_TIME < ? AND TRIGGER_STATE = ?[1615516514954,"WAITING"]
10:35:48.617 [QuartzScheduler_schedulerFactoryBean-admin-PC1615515709343_ClusterManager] ERROR c.a.d.f.s.StatFilter - [internalAfterStatementExecute,478] - slow sql 8042 millis. UPDATE QRTZ_SCHEDULER_STATE SET LAST_CHECKIN_TIME = ? WHERE SCHED_NAME = 'schedulerFactoryBean' AND INSTANCE_NAME = ?[1615516540572,"admin-PC1615515709343"]
10:46:21.270 [QuartzScheduler_schedulerFactoryBean-admin-PC1615515709343_MisfireHandler] ERROR c.a.d.f.s.StatFilter - [internalAfterStatementExecute,478] - slow sql 3458 millis. SELECT COUNT(TRIGGER_NAME) FROM QRTZ_TRIGGERS WHERE SCHED_NAME = 'schedulerFactoryBean' AND NOT (MISFIRE_INSTR = -1) AND NEXT_FIRE_TIME < ? AND TRIGGER_STATE = ?[1615517165809,"WAITING"]
10:46:21.270 [QuartzScheduler_schedulerFactoryBean-admin-PC1615515709343_ClusterManager] ERROR c.a.d.f.s.StatFilter - [internalAfterStatementExecute,478] - slow sql 2302 millis. SELECT * FROM QRTZ_SCHEDULER_STATE WHERE SCHED_NAME = 'schedulerFactoryBean'[]
10:47:54.282 [schedulerFactoryBean_QuartzSchedulerThread] ERROR c.a.d.f.s.StatFilter - [internalAfterStatementExecute,478] - slow sql 8594 millis. SELECT TRIGGER_NAME, TRIGGER_GROUP, NEXT_FIRE_TIME, PRIORITY FROM QRTZ_TRIGGERS WHERE SCHED_NAME = 'schedulerFactoryBean' AND TRIGGER_STATE = ? AND NEXT_FIRE_TIME <= ? AND (MISFIRE_INSTR = -1 OR (MISFIRE_INSTR != -1 AND NEXT_FIRE_TIME >= ?)) ORDER BY NEXT_FIRE_TIME ASC, PRIORITY DESC["WAITING",1615517223205,1615517253687]
11:05:50.460 [main] ERROR c.a.d.f.s.StatFilter - [internalAfterStatementExecute,478] - slow sql 2432 millis. select id, name, level, parent_id, parent_ids, customs_code, special_properties, import_restriction_cn, import_restriction_hk, import_restriction_kr, relation_my, relation_th, relation_ph, relation_id, relation_sg, relation_vn, create_by, create_time, update_by, update_time,special_flag from laz_category[]
11:06:47.772 [QuartzScheduler_schedulerFactoryBean-admin-PC1615518351560_ClusterManager] ERROR c.a.d.f.s.StatFilter - [internalAfterStatementExecute,478] - slow sql 9611 millis. SELECT * FROM QRTZ_SCHEDULER_STATE WHERE SCHED_NAME = 'schedulerFactoryBean'[]
11:06:47.782 [schedulerFactoryBean_QuartzSchedulerThread] ERROR c.a.d.f.s.StatFilter - [internalAfterStatementExecute,478] - slow sql 11377 millis. SELECT TRIGGER_NAME, TRIGGER_GROUP, NEXT_FIRE_TIME, PRIORITY FROM QRTZ_TRIGGERS WHERE SCHED_NAME = 'schedulerFactoryBean' AND TRIGGER_STATE = ? AND NEXT_FIRE_TIME <= ? AND (MISFIRE_INSTR = -1 OR (MISFIRE_INSTR != -1 AND NEXT_FIRE_TIME >= ?)) ORDER BY NEXT_FIRE_TIME ASC, PRIORITY DESC["WAITING",1615518420956,1615518384400]
11:06:49.612 [QuartzScheduler_schedulerFactoryBean-admin-PC1615518351560_ClusterManager] ERROR c.a.d.f.s.StatFilter - [internalAfterStatementExecute,478] - slow sql 1832 millis. UPDATE QRTZ_SCHEDULER_STATE SET LAST_CHECKIN_TIME = ? WHERE SCHED_NAME = 'schedulerFactoryBean' AND INSTANCE_NAME = ?[1615518407778,"admin-PC1615518351560"]
11:06:52.718 [QuartzScheduler_schedulerFactoryBean-admin-PC1615518351560_MisfireHandler] ERROR c.a.d.f.s.StatFilter - [internalAfterStatementExecute,478] - slow sql 1665 millis. SELECT COUNT(TRIGGER_NAME) FROM QRTZ_TRIGGERS WHERE SCHED_NAME = 'schedulerFactoryBean' AND NOT (MISFIRE_INSTR = -1) AND NEXT_FIRE_TIME < ? AND TRIGGER_STATE = ?[1615518399052,"WAITING"]
11:08:27.875 [main] ERROR c.a.d.f.s.StatFilter - [internalAfterStatementExecute,478] - slow sql 2592 millis. select id, name, level, parent_id, parent_ids, customs_code, special_properties, import_restriction_cn, import_restriction_hk, import_restriction_kr, relation_my, relation_th, relation_ph, relation_id, relation_sg, relation_vn, create_by, create_time, update_by, update_time,special_flag from laz_category[]
11:10:00.053 [QuartzScheduler_schedulerFactoryBean-admin-PC1615518508998_ClusterManager] ERROR c.a.d.f.s.StatFilter - [internalAfterStatementExecute,478] - slow sql 30162 millis. SELECT * FROM QRTZ_SCHEDULER_STATE WHERE SCHED_NAME = 'schedulerFactoryBean'[]
11:10:01.176 [QuartzScheduler_schedulerFactoryBean-admin-PC1615518508998_ClusterManager] ERROR c.a.d.f.s.StatFilter - [internalAfterStatementExecute,478] - slow sql 1117 millis. UPDATE QRTZ_SCHEDULER_STATE SET LAST_CHECKIN_TIME = ? WHERE SCHED_NAME = 'schedulerFactoryBean' AND INSTANCE_NAME = ?[1615518600057,"admin-PC1615518508998"]
11:10:42.555 [schedulerFactoryBean_QuartzSchedulerThread] ERROR c.a.d.f.s.StatFilter - [internalAfterStatementExecute,478] - slow sql 40159 millis. SELECT TRIGGER_NAME, TRIGGER_GROUP, NEXT_FIRE_TIME, PRIORITY FROM QRTZ_TRIGGERS WHERE SCHED_NAME = 'schedulerFactoryBean' AND TRIGGER_STATE = ? AND NEXT_FIRE_TIME <= ? AND (MISFIRE_INSTR = -1 OR (MISFIRE_INSTR != -1 AND NEXT_FIRE_TIME >= ?)) ORDER BY NEXT_FIRE_TIME ASC, PRIORITY DESC["WAITING",1615518630050,1615518590393]
11:32:38.887 [main] ERROR c.a.d.f.s.StatFilter - [internalAfterStatementExecute,478] - slow sql 2330 millis. select id, name, level, parent_id, parent_ids, customs_code, special_properties, import_restriction_cn, import_restriction_hk, import_restriction_kr, relation_my, relation_th, relation_ph, relation_id, relation_sg, relation_vn, create_by, create_time, update_by, update_time,special_flag from laz_category[]
13:40:10.750 [main] ERROR c.a.d.f.s.StatFilter - [internalAfterStatementExecute,478] - slow sql 2650 millis. select id, name, level, parent_id, parent_ids, customs_code, special_properties, import_restriction_cn, import_restriction_hk, import_restriction_kr, relation_my, relation_th, relation_ph, relation_id, relation_sg, relation_vn, create_by, create_time, update_by, update_time,special_flag from laz_category[]
13:59:25.270 [main] ERROR c.a.d.f.s.StatFilter - [internalAfterStatementExecute,478] - slow sql 2457 millis. select id, name, level, parent_id, parent_ids, customs_code, special_properties, import_restriction_cn, import_restriction_hk, import_restriction_kr, relation_my, relation_th, relation_ph, relation_id, relation_sg, relation_vn, create_by, create_time, update_by, update_time,special_flag from laz_category[]
14:00:34.311 [main] ERROR c.a.d.f.s.StatFilter - [internalAfterStatementExecute,478] - slow sql 2449 millis. select id, name, level, parent_id, parent_ids, customs_code, special_properties, import_restriction_cn, import_restriction_hk, import_restriction_kr, relation_my, relation_th, relation_ph, relation_id, relation_sg, relation_vn, create_by, create_time, update_by, update_time,special_flag from laz_category[]
14:02:37.460 [QuartzScheduler_schedulerFactoryBean-admin-PC1615528835688_ClusterManager] ERROR c.a.d.f.s.StatFilter - [internalAfterStatementExecute,478] - slow sql 2084 millis. UPDATE QRTZ_SCHEDULER_STATE SET LAST_CHECKIN_TIME = ? WHERE SCHED_NAME = 'schedulerFactoryBean' AND INSTANCE_NAME = ?[1615528930360,"admin-PC1615528835688"]
14:02:38.651 [QuartzScheduler_schedulerFactoryBean-admin-PC1615528835688_MisfireHandler] ERROR c.a.d.f.s.StatFilter - [internalAfterStatementExecute,478] - slow sql 1149 millis. SELECT COUNT(TRIGGER_NAME) FROM QRTZ_TRIGGERS WHERE SCHED_NAME = 'schedulerFactoryBean' AND NOT (MISFIRE_INSTR = -1) AND NEXT_FIRE_TIME < ? AND TRIGGER_STATE = ?[1615528945500,"WAITING"]
14:02:40.798 [schedulerFactoryBean_QuartzSchedulerThread] ERROR c.a.d.f.s.StatFilter - [internalAfterStatementExecute,478] - slow sql 2146 millis. SELECT TRIGGER_NAME, TRIGGER_GROUP, NEXT_FIRE_TIME, PRIORITY FROM QRTZ_TRIGGERS WHERE SCHED_NAME = 'schedulerFactoryBean' AND TRIGGER_STATE = ? AND NEXT_FIRE_TIME <= ? AND (MISFIRE_INSTR = -1 OR (MISFIRE_INSTR != -1 AND NEXT_FIRE_TIME >= ?)) ORDER BY NEXT_FIRE_TIME ASC, PRIORITY DESC["WAITING",1615528985377,1615528946650]
14:03:08.926 [QuartzScheduler_schedulerFactoryBean-admin-PC1615528835688_ClusterManager] ERROR c.a.d.f.s.StatFilter - [internalAfterStatementExecute,478] - slow sql 1161 millis. SELECT * FROM QRTZ_SCHEDULER_STATE WHERE SCHED_NAME = 'schedulerFactoryBean'[]
14:03:13.786 [QuartzScheduler_schedulerFactoryBean-admin-PC1615528835688_MisfireHandler] ERROR c.a.d.f.s.StatFilter - [internalAfterStatementExecute,478] - slow sql 4858 millis. SELECT COUNT(TRIGGER_NAME) FROM QRTZ_TRIGGERS WHERE SCHED_NAME = 'schedulerFactoryBean' AND NOT (MISFIRE_INSTR = -1) AND NEXT_FIRE_TIME < ? AND TRIGGER_STATE = ?[1615528976924,"WAITING"]
14:03:13.787 [QuartzScheduler_schedulerFactoryBean-admin-PC1615528835688_ClusterManager] ERROR c.a.d.f.s.StatFilter - [internalAfterStatementExecute,478] - slow sql 4859 millis. UPDATE QRTZ_SCHEDULER_STATE SET LAST_CHECKIN_TIME = ? WHERE SCHED_NAME = 'schedulerFactoryBean' AND INSTANCE_NAME = ?[1615528988927,"admin-PC1615528835688"]
14:35:18.331 [main] ERROR c.a.d.f.s.StatFilter - [internalAfterStatementExecute,478] - slow sql 2538 millis. select id, name, level, parent_id, parent_ids, customs_code, special_properties, import_restriction_cn, import_restriction_hk, import_restriction_kr, relation_my, relation_th, relation_ph, relation_id, relation_sg, relation_vn, create_by, create_time, update_by, update_time from laz_category[]
15:09:41.773 [main] ERROR c.a.d.f.s.StatFilter - [internalAfterStatementExecute,478] - slow sql 2487 millis. select id, name, level, parent_id, parent_ids, customs_code, special_properties, import_restriction_cn, import_restriction_hk, import_restriction_kr, relation_my, relation_th, relation_ph, relation_id, relation_sg, relation_vn, create_by, create_time, update_by, update_time,special_flag from laz_category[]
