19:09:25.390 [main] INFO  c.r.RuoYiApplication - [logStarting,50] - Starting RuoYiApplication on admin-PC with PID 10740 (D:\AsiaEcs\target\classes started by admin in D:\AsiaEcs)
19:09:25.400 [main] INFO  c.r.RuoYiApplication - [logStartupProfileInfo,679] - The following profiles are active: druid
19:09:32.671 [main] INFO  o.a.c.h.Http11NioProtocol - [log,173] - Initializing ProtocolHandler ["http-nio-8080"]
19:09:32.685 [main] INFO  o.a.c.c.StandardService - [log,173] - Starting service [Tomcat]
19:09:32.685 [main] INFO  o.a.c.c.StandardEngine - [log,173] - Starting Servlet Engine: Apache Tomcat/9.0.13
19:09:32.696 [main] INFO  o.a.c.c.AprLifecycleListener - [log,173] - The APR based Apache Tomcat Native library which allows optimal performance in production environments was not found on the java.library.path: [D:\Program Files\Java\jdk1.8.0_73\bin;C:\Windows\Sun\Java\bin;C:\Windows\system32;C:\Windows;D:\Program Files\Java\jdk1.7.0_51\bin;C:\Program Files (x86)\Common Files\Oracle\Java\javapath;C:\Program Files (x86)\NetSarang\Xshell 6\;C:\Program Files (x86)\NetSarang\Xftp 6\;C:\Windows\system32;C:\Windows;C:\Windows\System32\Wbem;C:\Windows\System32\WindowsPowerShell\v1.0\;D:\Program Files\TortoiseSVN\bin;D:\Program Files\Java\jdk1.7.0_51\jre\bin;D:\tools\apache-maven-3.6.3\bin;C:\Program Files\nodejs\;D:\Program Files\Git\cmd;C:\Users\admin\AppData\Roaming\npm;D:\Program Files\VSCode\Microsoft VS Code\bin;.]
19:09:32.915 [main] INFO  o.a.c.c.C.[.[.[/] - [log,173] - Initializing Spring embedded WebApplicationContext
19:09:42.237 [main] INFO  c.a.d.p.DruidDataSource - [init,991] - {dataSource-1} inited
19:09:45.803 [main] INFO  c.r.p.c.CategoryCache - [info,58] - 加载分类信息 size=5334
19:09:45.820 [main] INFO  c.r.p.c.CategoryCache - [info,58] - 加载分类信息完成
19:09:46.899 [main] INFO  o.q.i.StdSchedulerFactory - [instantiate,1208] - Using default implementation for ThreadExecutor
19:09:47.432 [main] INFO  o.q.c.SchedulerSignalerImpl - [<init>,61] - Initialized Scheduler Signaller of type: class org.quartz.core.SchedulerSignalerImpl
19:09:47.432 [main] INFO  o.q.c.QuartzScheduler - [<init>,229] - Quartz Scheduler v.2.3.0 created.
19:09:47.489 [main] INFO  o.q.c.QuartzScheduler - [initialize,294] - Scheduler meta-data: Quartz Scheduler (v2.3.0) 'schedulerFactoryBean' with instanceId 'admin-PC1616065786902'
  Scheduler class: 'org.quartz.core.QuartzScheduler' - running locally.
  NOT STARTED.
  Currently in standby mode.
  Number of jobs executed: 0
  Using thread pool 'org.quartz.simpl.SimpleThreadPool' - with 20 threads.
  Using job-store 'org.springframework.scheduling.quartz.LocalDataSourceJobStore' - which supports persistence. and is clustered.

19:09:47.490 [main] INFO  o.q.i.StdSchedulerFactory - [instantiate,1362] - Quartz scheduler 'schedulerFactoryBean' initialized from an externally provided properties instance.
19:09:47.492 [main] INFO  o.q.i.StdSchedulerFactory - [instantiate,1366] - Quartz scheduler version: 2.3.0
19:09:47.497 [main] INFO  o.q.c.QuartzScheduler - [setJobFactory,2287] - JobFactory set to: org.springframework.scheduling.quartz.AdaptableJobFactory@77972964
19:09:58.508 [main] INFO  s.d.s.w.PropertySourcedRequestMappingHandlerMapping - [initHandlerMethods,69] - Mapped URL path [/v2/api-docs] onto method [public org.springframework.http.ResponseEntity<springfox.documentation.spring.web.json.Json> springfox.documentation.swagger2.web.Swagger2Controller.getDocumentation(java.lang.String,javax.servlet.http.HttpServletRequest)]
19:10:00.325 [main] INFO  s.d.s.w.p.DocumentationPluginsBootstrapper - [start,160] - Context refreshed
19:10:00.376 [main] INFO  s.d.s.w.p.DocumentationPluginsBootstrapper - [start,163] - Found 1 custom documentation plugin(s)
19:10:00.485 [main] INFO  s.d.s.w.s.ApiListingReferenceScanner - [scan,41] - Scanning for api listing references
19:10:00.797 [main] INFO  s.d.s.w.r.o.CachingOperationNameGenerator - [startingWith,40] - Generating unique operation named: insertUsingPOST_1
19:10:00.875 [main] INFO  o.a.c.h.Http11NioProtocol - [log,173] - Starting ProtocolHandler ["http-nio-8080"]
19:10:00.889 [main] INFO  o.a.t.u.n.NioSelectorPool - [log,173] - Using a shared selector for servlet write/read
19:10:00.926 [main] INFO  c.r.RuoYiApplication - [logStarted,59] - Started RuoYiApplication in 37.268 seconds (JVM running for 45.955)
19:10:02.574 [Quartz Scheduler [schedulerFactoryBean]] INFO  o.q.c.QuartzScheduler - [start,547] - Scheduler schedulerFactoryBean_$_admin-PC1616065786902 started.
19:24:35.055 [Thread-79] INFO  o.q.c.QuartzScheduler - [standby,585] - Scheduler schedulerFactoryBean_$_admin-PC1616065786902 paused.
19:24:35.060 [Thread-79] INFO  o.q.c.QuartzScheduler - [shutdown,666] - Scheduler schedulerFactoryBean_$_admin-PC1616065786902 shutting down.
19:24:35.061 [Thread-79] INFO  o.q.c.QuartzScheduler - [standby,585] - Scheduler schedulerFactoryBean_$_admin-PC1616065786902 paused.
19:24:35.063 [Thread-79] INFO  o.q.c.QuartzScheduler - [shutdown,740] - Scheduler schedulerFactoryBean_$_admin-PC1616065786902 shutdown complete.
19:24:35.064 [Thread-79] INFO  sys-user - [shutdownAsyncManager,31] - ====关闭后台任务任务线程池====
19:24:35.082 [Thread-79] INFO  c.a.d.p.DruidDataSource - [close,1928] - {dataSource-1} closed
