06:00:02.231 [schedulerFactoryBean_Worker-1] INFO  c.r.p.s.s.OkHttpService - [info,58] - response = {"success":"1","result":{"status":"ALREADY","scur":"SGD","tcur":"CNY","ratenm":"新加坡元/人民币","rate":"4.836247","update":"2021-03-16 05:59:35"}}
06:00:02.589 [schedulerFactoryBean_Worker-1] INFO  c.r.p.s.s.OkHttpService - [info,58] - response = {"success":"1","result":{"status":"ALREADY","scur":"SGD","tcur":"USD","ratenm":"新加坡元/美元","rate":"0.74399226","update":"2021-03-16 05:59:35"}}
06:00:02.865 [schedulerFactoryBean_Worker-1] INFO  c.r.p.s.s.OkHttpService - [info,58] - response = {"success":"1","result":{"status":"ALREADY","scur":"MYR","tcur":"CNY","ratenm":"马来西亚林吉特/人民币","rate":"1.58160584","update":"2021-03-16 02:32:51"}}
06:00:02.911 [schedulerFactoryBean_Worker-1] INFO  c.r.p.s.s.OkHttpService - [info,58] - response = {"success":"1","result":{"status":"ALREADY","scur":"MYR","tcur":"USD","ratenm":"马来西亚林吉特/美元","rate":"0.24330","update":"2021-03-16 02:32:51"}}
06:00:03.072 [schedulerFactoryBean_Worker-1] INFO  c.r.p.s.s.OkHttpService - [info,58] - response = {"success":"1","result":{"status":"ALREADY","scur":"THB","tcur":"CNY","ratenm":"泰铢/人民币","rate":"0.21151894","update":"2021-03-16 05:30:34"}}
06:00:03.119 [schedulerFactoryBean_Worker-1] INFO  c.r.p.s.s.OkHttpService - [info,58] - response = {"success":"1","result":{"status":"ALREADY","scur":"THB","tcur":"USD","ratenm":"泰铢/美元","rate":"0.03253937","update":"2021-03-16 05:30:34"}}
06:00:03.280 [schedulerFactoryBean_Worker-1] INFO  c.r.p.s.s.OkHttpService - [info,58] - response = {"success":"1","result":{"status":"ALREADY","scur":"PHP","tcur":"CNY","ratenm":"菲律宾比索/人民币","rate":"0.13402887","update":"2021-03-16 05:01:14"}}
06:00:03.325 [schedulerFactoryBean_Worker-1] INFO  c.r.p.s.s.OkHttpService - [info,58] - response = {"success":"1","result":{"status":"ALREADY","scur":"PHP","tcur":"USD","ratenm":"菲律宾比索/美元","rate":"0.02061856","update":"2021-03-16 05:01:14"}}
06:00:03.481 [schedulerFactoryBean_Worker-1] INFO  c.r.p.s.s.OkHttpService - [info,58] - response = {"success":"1","result":{"status":"ALREADY","scur":"IDR","tcur":"CNY","ratenm":"印度尼西亚盾/人民币","rate":"0.00045157","update":"2021-03-16 01:46:11"}}
06:00:03.529 [schedulerFactoryBean_Worker-1] INFO  c.r.p.s.s.OkHttpService - [info,58] - response = {"success":"1","result":{"status":"ALREADY","scur":"IDR","tcur":"USD","ratenm":"印度尼西亚盾/美元","rate":"0.00006947","update":"2021-03-16 01:46:11"}}
06:00:03.686 [schedulerFactoryBean_Worker-1] INFO  c.r.p.s.s.OkHttpService - [info,58] - response = {"success":"1","result":{"status":"ALREADY","scur":"VND","tcur":"CNY","ratenm":"越南盾/人民币","rate":"0.00028201","update":"2021-03-16 02:31:51"}}
06:00:03.742 [schedulerFactoryBean_Worker-1] INFO  c.r.p.s.s.OkHttpService - [info,58] - response = {"success":"1","result":{"status":"ALREADY","scur":"VND","tcur":"USD","ratenm":"越南盾/美元","rate":"0.00004338","update":"2021-03-16 02:31:51"}}
06:00:03.898 [schedulerFactoryBean_Worker-1] INFO  c.r.p.s.s.OkHttpService - [info,58] - response = {"success":"0","msgid":"1000006","msg":"存在未定义的参数"}
06:00:03.986 [schedulerFactoryBean_Worker-1] INFO  c.r.p.s.s.OkHttpService - [info,58] - response = {"success":"0","msgid":"1000006","msg":"存在未定义的参数"}
08:18:49.407 [Thread-85] INFO  o.q.c.QuartzScheduler - [standby,585] - Scheduler schedulerFactoryBean_$_admin-PC1615796385889 paused.
08:18:50.151 [Thread-85] INFO  o.q.c.QuartzScheduler - [shutdown,666] - Scheduler schedulerFactoryBean_$_admin-PC1615796385889 shutting down.
08:18:50.154 [Thread-85] INFO  o.q.c.QuartzScheduler - [standby,585] - Scheduler schedulerFactoryBean_$_admin-PC1615796385889 paused.
08:18:50.171 [Thread-85] INFO  o.q.c.QuartzScheduler - [shutdown,740] - Scheduler schedulerFactoryBean_$_admin-PC1615796385889 shutdown complete.
08:18:50.172 [Thread-85] INFO  sys-user - [shutdownAsyncManager,31] - ====关闭后台任务任务线程池====
08:18:50.819 [Thread-85] INFO  c.a.d.p.DruidDataSource - [close,1928] - {dataSource-1} closed
09:32:28.731 [main] INFO  c.r.RuoYiApplication - [logStarting,50] - Starting RuoYiApplication on admin-PC with PID 4648 (D:\AsiaEcs\target\classes started by admin in D:\AsiaEcs)
09:32:28.768 [main] INFO  c.r.RuoYiApplication - [logStartupProfileInfo,679] - The following profiles are active: druid
09:32:37.246 [main] INFO  o.a.c.h.Http11NioProtocol - [log,173] - Initializing ProtocolHandler ["http-nio-8080"]
09:32:37.272 [main] INFO  o.a.c.c.StandardService - [log,173] - Starting service [Tomcat]
09:32:37.273 [main] INFO  o.a.c.c.StandardEngine - [log,173] - Starting Servlet Engine: Apache Tomcat/9.0.13
09:32:37.291 [main] INFO  o.a.c.c.AprLifecycleListener - [log,173] - The APR based Apache Tomcat Native library which allows optimal performance in production environments was not found on the java.library.path: [D:\Program Files\Java\jdk1.8.0_73\bin;C:\Windows\Sun\Java\bin;C:\Windows\system32;C:\Windows;D:\Program Files\Java\jdk1.7.0_51\bin;C:\Program Files (x86)\Common Files\Oracle\Java\javapath;C:\Program Files (x86)\NetSarang\Xshell 6\;C:\Program Files (x86)\NetSarang\Xftp 6\;C:\Windows\system32;C:\Windows;C:\Windows\System32\Wbem;C:\Windows\System32\WindowsPowerShell\v1.0\;D:\Program Files\TortoiseSVN\bin;D:\Program Files\Java\jdk1.7.0_51\jre\bin;D:\tools\apache-maven-3.6.3\bin;C:\Program Files\nodejs\;D:\Program Files\Git\cmd;C:\Users\admin\AppData\Roaming\npm;D:\Program Files\VSCode\Microsoft VS Code\bin;.]
09:32:37.718 [main] INFO  o.a.c.c.C.[.[.[/] - [log,173] - Initializing Spring embedded WebApplicationContext
09:32:51.651 [main] INFO  c.a.d.p.DruidDataSource - [init,991] - {dataSource-1} inited
09:32:54.604 [main] INFO  c.r.p.c.CategoryCache - [info,58] - 加载分类信息 size=5334
09:32:54.656 [main] INFO  c.r.p.c.CategoryCache - [info,58] - 加载分类信息完成
09:32:55.614 [main] INFO  o.q.i.StdSchedulerFactory - [instantiate,1208] - Using default implementation for ThreadExecutor
09:32:56.176 [main] INFO  o.q.c.SchedulerSignalerImpl - [<init>,61] - Initialized Scheduler Signaller of type: class org.quartz.core.SchedulerSignalerImpl
09:32:56.177 [main] INFO  o.q.c.QuartzScheduler - [<init>,229] - Quartz Scheduler v.2.3.0 created.
09:32:56.252 [main] INFO  o.q.c.QuartzScheduler - [initialize,294] - Scheduler meta-data: Quartz Scheduler (v2.3.0) 'schedulerFactoryBean' with instanceId 'admin-PC1615858375617'
  Scheduler class: 'org.quartz.core.QuartzScheduler' - running locally.
  NOT STARTED.
  Currently in standby mode.
  Number of jobs executed: 0
  Using thread pool 'org.quartz.simpl.SimpleThreadPool' - with 20 threads.
  Using job-store 'org.springframework.scheduling.quartz.LocalDataSourceJobStore' - which supports persistence. and is clustered.

09:32:56.252 [main] INFO  o.q.i.StdSchedulerFactory - [instantiate,1362] - Quartz scheduler 'schedulerFactoryBean' initialized from an externally provided properties instance.
09:32:56.253 [main] INFO  o.q.i.StdSchedulerFactory - [instantiate,1366] - Quartz scheduler version: 2.3.0
09:32:56.255 [main] INFO  o.q.c.QuartzScheduler - [setJobFactory,2287] - JobFactory set to: org.springframework.scheduling.quartz.AdaptableJobFactory@e0d9e3f
09:32:56.421 [thread-consumerMain-2] INFO  i.l.c.EpollProvider - [<clinit>,68] - Starting without optional epoll library
09:32:56.426 [thread-consumerMain-2] INFO  i.l.c.KqueueProvider - [<clinit>,70] - Starting without optional kqueue library
09:33:07.101 [main] INFO  s.d.s.w.PropertySourcedRequestMappingHandlerMapping - [initHandlerMethods,69] - Mapped URL path [/v2/api-docs] onto method [public org.springframework.http.ResponseEntity<springfox.documentation.spring.web.json.Json> springfox.documentation.swagger2.web.Swagger2Controller.getDocumentation(java.lang.String,javax.servlet.http.HttpServletRequest)]
09:33:09.609 [main] INFO  s.d.s.w.p.DocumentationPluginsBootstrapper - [start,160] - Context refreshed
09:33:09.661 [main] INFO  s.d.s.w.p.DocumentationPluginsBootstrapper - [start,163] - Found 1 custom documentation plugin(s)
09:33:09.821 [main] INFO  s.d.s.w.s.ApiListingReferenceScanner - [scan,41] - Scanning for api listing references
09:33:10.340 [main] INFO  s.d.s.w.r.o.CachingOperationNameGenerator - [startingWith,40] - Generating unique operation named: insertUsingPOST_1
09:33:10.461 [main] INFO  o.a.c.h.Http11NioProtocol - [log,173] - Starting ProtocolHandler ["http-nio-8080"]
09:33:10.462 [main] INFO  o.a.t.u.n.NioSelectorPool - [log,173] - Using a shared selector for servlet write/read
09:33:10.510 [main] INFO  c.r.RuoYiApplication - [logStarted,59] - Started RuoYiApplication in 44.254 seconds (JVM running for 53.485)
09:33:11.898 [Quartz Scheduler [schedulerFactoryBean]] INFO  o.q.c.QuartzScheduler - [start,547] - Scheduler schedulerFactoryBean_$_admin-PC1615858375617 started.
09:45:09.138 [Thread-90] INFO  o.q.c.QuartzScheduler - [standby,585] - Scheduler schedulerFactoryBean_$_admin-PC1615858375617 paused.
09:45:09.146 [Thread-90] INFO  o.q.c.QuartzScheduler - [shutdown,666] - Scheduler schedulerFactoryBean_$_admin-PC1615858375617 shutting down.
09:45:09.146 [Thread-90] INFO  o.q.c.QuartzScheduler - [standby,585] - Scheduler schedulerFactoryBean_$_admin-PC1615858375617 paused.
09:45:09.148 [Thread-90] INFO  o.q.c.QuartzScheduler - [shutdown,740] - Scheduler schedulerFactoryBean_$_admin-PC1615858375617 shutdown complete.
09:45:09.148 [Thread-90] INFO  sys-user - [shutdownAsyncManager,31] - ====关闭后台任务任务线程池====
09:45:09.170 [Thread-90] INFO  c.a.d.p.DruidDataSource - [close,1928] - {dataSource-1} closed
09:45:35.606 [main] INFO  c.r.RuoYiApplication - [logStarting,50] - Starting RuoYiApplication on admin-PC with PID 7756 (D:\AsiaEcs\target\classes started by admin in D:\AsiaEcs)
09:45:35.623 [main] INFO  c.r.RuoYiApplication - [logStartupProfileInfo,679] - The following profiles are active: druid
09:45:39.176 [main] INFO  o.a.c.h.Http11NioProtocol - [log,173] - Initializing ProtocolHandler ["http-nio-8080"]
09:45:39.188 [main] INFO  o.a.c.c.StandardService - [log,173] - Starting service [Tomcat]
09:45:39.189 [main] INFO  o.a.c.c.StandardEngine - [log,173] - Starting Servlet Engine: Apache Tomcat/9.0.13
09:45:39.198 [main] INFO  o.a.c.c.AprLifecycleListener - [log,173] - The APR based Apache Tomcat Native library which allows optimal performance in production environments was not found on the java.library.path: [D:\Program Files\Java\jdk1.8.0_73\bin;C:\Windows\Sun\Java\bin;C:\Windows\system32;C:\Windows;D:\Program Files\Java\jdk1.7.0_51\bin;C:\Program Files (x86)\Common Files\Oracle\Java\javapath;C:\Program Files (x86)\NetSarang\Xshell 6\;C:\Program Files (x86)\NetSarang\Xftp 6\;C:\Windows\system32;C:\Windows;C:\Windows\System32\Wbem;C:\Windows\System32\WindowsPowerShell\v1.0\;D:\Program Files\TortoiseSVN\bin;D:\Program Files\Java\jdk1.7.0_51\jre\bin;D:\tools\apache-maven-3.6.3\bin;C:\Program Files\nodejs\;D:\Program Files\Git\cmd;C:\Users\admin\AppData\Roaming\npm;D:\Program Files\VSCode\Microsoft VS Code\bin;.]
09:45:39.467 [main] INFO  o.a.c.c.C.[.[.[/] - [log,173] - Initializing Spring embedded WebApplicationContext
09:45:45.040 [main] INFO  c.a.d.p.DruidDataSource - [init,991] - {dataSource-1} inited
09:45:48.049 [main] INFO  c.r.p.c.CategoryCache - [info,58] - 加载分类信息 size=5334
09:45:48.066 [main] INFO  c.r.p.c.CategoryCache - [info,58] - 加载分类信息完成
09:45:48.849 [main] INFO  o.q.i.StdSchedulerFactory - [instantiate,1208] - Using default implementation for ThreadExecutor
09:45:48.866 [main] INFO  o.q.c.SchedulerSignalerImpl - [<init>,61] - Initialized Scheduler Signaller of type: class org.quartz.core.SchedulerSignalerImpl
09:45:48.867 [main] INFO  o.q.c.QuartzScheduler - [<init>,229] - Quartz Scheduler v.2.3.0 created.
09:45:48.922 [main] INFO  o.q.c.QuartzScheduler - [initialize,294] - Scheduler meta-data: Quartz Scheduler (v2.3.0) 'schedulerFactoryBean' with instanceId 'admin-PC1615859148851'
  Scheduler class: 'org.quartz.core.QuartzScheduler' - running locally.
  NOT STARTED.
  Currently in standby mode.
  Number of jobs executed: 0
  Using thread pool 'org.quartz.simpl.SimpleThreadPool' - with 20 threads.
  Using job-store 'org.springframework.scheduling.quartz.LocalDataSourceJobStore' - which supports persistence. and is clustered.

09:45:48.923 [main] INFO  o.q.i.StdSchedulerFactory - [instantiate,1362] - Quartz scheduler 'schedulerFactoryBean' initialized from an externally provided properties instance.
09:45:48.924 [main] INFO  o.q.i.StdSchedulerFactory - [instantiate,1366] - Quartz scheduler version: 2.3.0
09:45:48.927 [main] INFO  o.q.c.QuartzScheduler - [setJobFactory,2287] - JobFactory set to: org.springframework.scheduling.quartz.AdaptableJobFactory@57ac2910
09:45:49.242 [thread-consumerMain-0] INFO  i.l.c.EpollProvider - [<clinit>,68] - Starting without optional epoll library
09:45:49.244 [thread-consumerMain-0] INFO  i.l.c.KqueueProvider - [<clinit>,70] - Starting without optional kqueue library
09:45:59.311 [main] INFO  s.d.s.w.PropertySourcedRequestMappingHandlerMapping - [initHandlerMethods,69] - Mapped URL path [/v2/api-docs] onto method [public org.springframework.http.ResponseEntity<springfox.documentation.spring.web.json.Json> springfox.documentation.swagger2.web.Swagger2Controller.getDocumentation(java.lang.String,javax.servlet.http.HttpServletRequest)]
09:46:01.329 [main] INFO  s.d.s.w.p.DocumentationPluginsBootstrapper - [start,160] - Context refreshed
09:46:01.364 [main] INFO  s.d.s.w.p.DocumentationPluginsBootstrapper - [start,163] - Found 1 custom documentation plugin(s)
09:46:01.585 [main] INFO  s.d.s.w.s.ApiListingReferenceScanner - [scan,41] - Scanning for api listing references
09:46:02.031 [main] INFO  s.d.s.w.r.o.CachingOperationNameGenerator - [startingWith,40] - Generating unique operation named: insertUsingPOST_1
09:46:02.169 [main] INFO  o.a.c.h.Http11NioProtocol - [log,173] - Starting ProtocolHandler ["http-nio-8080"]
09:46:02.171 [main] INFO  o.a.t.u.n.NioSelectorPool - [log,173] - Using a shared selector for servlet write/read
09:46:02.297 [main] INFO  c.r.RuoYiApplication - [logStarted,59] - Started RuoYiApplication in 27.762 seconds (JVM running for 29.316)
09:46:03.706 [Quartz Scheduler [schedulerFactoryBean]] INFO  o.q.c.QuartzScheduler - [start,547] - Scheduler schedulerFactoryBean_$_admin-PC1615859148851 started.
10:02:21.686 [Thread-59] INFO  o.q.c.QuartzScheduler - [standby,585] - Scheduler schedulerFactoryBean_$_admin-PC1615859148851 paused.
10:02:21.690 [Thread-59] INFO  o.q.c.QuartzScheduler - [shutdown,666] - Scheduler schedulerFactoryBean_$_admin-PC1615859148851 shutting down.
10:02:21.690 [Thread-59] INFO  o.q.c.QuartzScheduler - [standby,585] - Scheduler schedulerFactoryBean_$_admin-PC1615859148851 paused.
10:02:21.692 [Thread-59] INFO  o.q.c.QuartzScheduler - [shutdown,740] - Scheduler schedulerFactoryBean_$_admin-PC1615859148851 shutdown complete.
10:02:21.692 [Thread-59] INFO  sys-user - [shutdownAsyncManager,31] - ====关闭后台任务任务线程池====
10:02:21.701 [Thread-59] INFO  c.a.d.p.DruidDataSource - [close,1928] - {dataSource-1} closed
10:02:35.284 [main] INFO  c.r.RuoYiApplication - [logStarting,50] - Starting RuoYiApplication on admin-PC with PID 6996 (D:\AsiaEcs\target\classes started by admin in D:\AsiaEcs)
10:02:35.360 [main] INFO  c.r.RuoYiApplication - [logStartupProfileInfo,679] - The following profiles are active: druid
10:02:43.580 [main] INFO  o.a.c.h.Http11NioProtocol - [log,173] - Initializing ProtocolHandler ["http-nio-8080"]
10:02:43.600 [main] INFO  o.a.c.c.StandardService - [log,173] - Starting service [Tomcat]
10:02:43.601 [main] INFO  o.a.c.c.StandardEngine - [log,173] - Starting Servlet Engine: Apache Tomcat/9.0.13
10:02:43.614 [main] INFO  o.a.c.c.AprLifecycleListener - [log,173] - The APR based Apache Tomcat Native library which allows optimal performance in production environments was not found on the java.library.path: [D:\Program Files\Java\jdk1.8.0_73\bin;C:\Windows\Sun\Java\bin;C:\Windows\system32;C:\Windows;D:\Program Files\Java\jdk1.7.0_51\bin;C:\Program Files (x86)\Common Files\Oracle\Java\javapath;C:\Program Files (x86)\NetSarang\Xshell 6\;C:\Program Files (x86)\NetSarang\Xftp 6\;C:\Windows\system32;C:\Windows;C:\Windows\System32\Wbem;C:\Windows\System32\WindowsPowerShell\v1.0\;D:\Program Files\TortoiseSVN\bin;D:\Program Files\Java\jdk1.7.0_51\jre\bin;D:\tools\apache-maven-3.6.3\bin;C:\Program Files\nodejs\;D:\Program Files\Git\cmd;C:\Users\admin\AppData\Roaming\npm;D:\Program Files\VSCode\Microsoft VS Code\bin;.]
10:02:43.903 [main] INFO  o.a.c.c.C.[.[.[/] - [log,173] - Initializing Spring embedded WebApplicationContext
10:02:49.563 [main] INFO  c.a.d.p.DruidDataSource - [init,991] - {dataSource-1} inited
10:02:52.798 [main] INFO  c.r.p.c.CategoryCache - [info,58] - 加载分类信息 size=5334
10:02:52.815 [main] INFO  c.r.p.c.CategoryCache - [info,58] - 加载分类信息完成
10:02:53.588 [main] INFO  o.q.i.StdSchedulerFactory - [instantiate,1208] - Using default implementation for ThreadExecutor
10:02:53.604 [main] INFO  o.q.c.SchedulerSignalerImpl - [<init>,61] - Initialized Scheduler Signaller of type: class org.quartz.core.SchedulerSignalerImpl
10:02:53.604 [main] INFO  o.q.c.QuartzScheduler - [<init>,229] - Quartz Scheduler v.2.3.0 created.
10:02:53.664 [main] INFO  o.q.c.QuartzScheduler - [initialize,294] - Scheduler meta-data: Quartz Scheduler (v2.3.0) 'schedulerFactoryBean' with instanceId 'admin-PC1615860173590'
  Scheduler class: 'org.quartz.core.QuartzScheduler' - running locally.
  NOT STARTED.
  Currently in standby mode.
  Number of jobs executed: 0
  Using thread pool 'org.quartz.simpl.SimpleThreadPool' - with 20 threads.
  Using job-store 'org.springframework.scheduling.quartz.LocalDataSourceJobStore' - which supports persistence. and is clustered.

10:02:53.665 [main] INFO  o.q.i.StdSchedulerFactory - [instantiate,1362] - Quartz scheduler 'schedulerFactoryBean' initialized from an externally provided properties instance.
10:02:53.666 [main] INFO  o.q.i.StdSchedulerFactory - [instantiate,1366] - Quartz scheduler version: 2.3.0
10:02:53.669 [main] INFO  o.q.c.QuartzScheduler - [setJobFactory,2287] - JobFactory set to: org.springframework.scheduling.quartz.AdaptableJobFactory@2ad6895a
10:03:04.786 [main] INFO  s.d.s.w.PropertySourcedRequestMappingHandlerMapping - [initHandlerMethods,69] - Mapped URL path [/v2/api-docs] onto method [public org.springframework.http.ResponseEntity<springfox.documentation.spring.web.json.Json> springfox.documentation.swagger2.web.Swagger2Controller.getDocumentation(java.lang.String,javax.servlet.http.HttpServletRequest)]
10:03:06.317 [main] INFO  s.d.s.w.p.DocumentationPluginsBootstrapper - [start,160] - Context refreshed
10:03:06.335 [main] INFO  s.d.s.w.p.DocumentationPluginsBootstrapper - [start,163] - Found 1 custom documentation plugin(s)
10:03:06.428 [main] INFO  s.d.s.w.s.ApiListingReferenceScanner - [scan,41] - Scanning for api listing references
10:03:06.662 [main] INFO  s.d.s.w.r.o.CachingOperationNameGenerator - [startingWith,40] - Generating unique operation named: insertUsingPOST_1
10:03:06.734 [main] INFO  o.a.c.h.Http11NioProtocol - [log,173] - Starting ProtocolHandler ["http-nio-8080"]
10:03:06.747 [main] INFO  o.a.t.u.n.NioSelectorPool - [log,173] - Using a shared selector for servlet write/read
10:03:06.776 [main] INFO  c.r.RuoYiApplication - [logStarted,59] - Started RuoYiApplication in 32.473 seconds (JVM running for 36.708)
10:03:08.224 [Quartz Scheduler [schedulerFactoryBean]] INFO  o.q.c.QuartzScheduler - [start,547] - Scheduler schedulerFactoryBean_$_admin-PC1615860173590 started.
10:03:21.288 [http-nio-8080-exec-1] INFO  o.a.c.c.C.[.[.[/] - [log,173] - Initializing Spring DispatcherServlet 'dispatcherServlet'
10:06:51.757 [Thread-64] INFO  o.q.c.QuartzScheduler - [standby,585] - Scheduler schedulerFactoryBean_$_admin-PC1615860173590 paused.
10:06:51.764 [Thread-64] INFO  o.q.c.QuartzScheduler - [shutdown,666] - Scheduler schedulerFactoryBean_$_admin-PC1615860173590 shutting down.
10:06:51.764 [Thread-64] INFO  o.q.c.QuartzScheduler - [standby,585] - Scheduler schedulerFactoryBean_$_admin-PC1615860173590 paused.
10:06:51.766 [Thread-64] INFO  o.q.c.QuartzScheduler - [shutdown,740] - Scheduler schedulerFactoryBean_$_admin-PC1615860173590 shutdown complete.
10:06:51.766 [Thread-64] INFO  sys-user - [shutdownAsyncManager,31] - ====关闭后台任务任务线程池====
10:06:58.253 [main] INFO  c.r.RuoYiApplication - [logStarting,50] - Starting RuoYiApplication on admin-PC with PID 6172 (D:\AsiaEcs\target\classes started by admin in D:\AsiaEcs)
10:06:58.258 [main] INFO  c.r.RuoYiApplication - [logStartupProfileInfo,679] - The following profiles are active: druid
10:07:01.379 [main] INFO  o.a.c.h.Http11NioProtocol - [log,173] - Initializing ProtocolHandler ["http-nio-8080"]
10:07:01.390 [main] INFO  o.a.c.c.StandardService - [log,173] - Starting service [Tomcat]
10:07:01.390 [main] INFO  o.a.c.c.StandardEngine - [log,173] - Starting Servlet Engine: Apache Tomcat/9.0.13
10:07:01.398 [main] INFO  o.a.c.c.AprLifecycleListener - [log,173] - The APR based Apache Tomcat Native library which allows optimal performance in production environments was not found on the java.library.path: [D:\Program Files\Java\jdk1.8.0_73\bin;C:\Windows\Sun\Java\bin;C:\Windows\system32;C:\Windows;D:\Program Files\Java\jdk1.7.0_51\bin;C:\Program Files (x86)\Common Files\Oracle\Java\javapath;C:\Program Files (x86)\NetSarang\Xshell 6\;C:\Program Files (x86)\NetSarang\Xftp 6\;C:\Windows\system32;C:\Windows;C:\Windows\System32\Wbem;C:\Windows\System32\WindowsPowerShell\v1.0\;D:\Program Files\TortoiseSVN\bin;D:\Program Files\Java\jdk1.7.0_51\jre\bin;D:\tools\apache-maven-3.6.3\bin;C:\Program Files\nodejs\;D:\Program Files\Git\cmd;C:\Users\admin\AppData\Roaming\npm;D:\Program Files\VSCode\Microsoft VS Code\bin;.]
10:07:01.659 [main] INFO  o.a.c.c.C.[.[.[/] - [log,173] - Initializing Spring embedded WebApplicationContext
10:07:06.998 [main] INFO  c.a.d.p.DruidDataSource - [init,991] - {dataSource-1} inited
10:07:09.792 [main] INFO  c.r.p.c.CategoryCache - [info,58] - 加载分类信息 size=5334
10:07:09.809 [main] INFO  c.r.p.c.CategoryCache - [info,58] - 加载分类信息完成
10:07:10.577 [main] INFO  o.q.i.StdSchedulerFactory - [instantiate,1208] - Using default implementation for ThreadExecutor
10:07:10.593 [main] INFO  o.q.c.SchedulerSignalerImpl - [<init>,61] - Initialized Scheduler Signaller of type: class org.quartz.core.SchedulerSignalerImpl
10:07:10.593 [main] INFO  o.q.c.QuartzScheduler - [<init>,229] - Quartz Scheduler v.2.3.0 created.
10:07:10.633 [main] INFO  o.q.c.QuartzScheduler - [initialize,294] - Scheduler meta-data: Quartz Scheduler (v2.3.0) 'schedulerFactoryBean' with instanceId 'admin-PC1615860430578'
  Scheduler class: 'org.quartz.core.QuartzScheduler' - running locally.
  NOT STARTED.
  Currently in standby mode.
  Number of jobs executed: 0
  Using thread pool 'org.quartz.simpl.SimpleThreadPool' - with 20 threads.
  Using job-store 'org.springframework.scheduling.quartz.LocalDataSourceJobStore' - which supports persistence. and is clustered.

10:07:10.633 [main] INFO  o.q.i.StdSchedulerFactory - [instantiate,1362] - Quartz scheduler 'schedulerFactoryBean' initialized from an externally provided properties instance.
10:07:10.633 [main] INFO  o.q.i.StdSchedulerFactory - [instantiate,1366] - Quartz scheduler version: 2.3.0
10:07:10.635 [main] INFO  o.q.c.QuartzScheduler - [setJobFactory,2287] - JobFactory set to: org.springframework.scheduling.quartz.AdaptableJobFactory@c7443f
10:07:20.487 [main] INFO  s.d.s.w.PropertySourcedRequestMappingHandlerMapping - [initHandlerMethods,69] - Mapped URL path [/v2/api-docs] onto method [public org.springframework.http.ResponseEntity<springfox.documentation.spring.web.json.Json> springfox.documentation.swagger2.web.Swagger2Controller.getDocumentation(java.lang.String,javax.servlet.http.HttpServletRequest)]
10:07:21.913 [main] INFO  s.d.s.w.p.DocumentationPluginsBootstrapper - [start,160] - Context refreshed
10:07:21.932 [main] INFO  s.d.s.w.p.DocumentationPluginsBootstrapper - [start,163] - Found 1 custom documentation plugin(s)
10:07:22.024 [main] INFO  s.d.s.w.s.ApiListingReferenceScanner - [scan,41] - Scanning for api listing references
10:07:22.262 [main] INFO  s.d.s.w.r.o.CachingOperationNameGenerator - [startingWith,40] - Generating unique operation named: insertUsingPOST_1
10:07:22.335 [main] INFO  o.a.c.h.Http11NioProtocol - [log,173] - Starting ProtocolHandler ["http-nio-8080"]
10:07:22.350 [main] INFO  o.a.t.u.n.NioSelectorPool - [log,173] - Using a shared selector for servlet write/read
10:07:22.378 [main] INFO  c.r.RuoYiApplication - [logStarted,59] - Started RuoYiApplication in 25.162 seconds (JVM running for 26.92)
10:07:23.849 [Quartz Scheduler [schedulerFactoryBean]] INFO  o.q.c.QuartzScheduler - [start,547] - Scheduler schedulerFactoryBean_$_admin-PC1615860430578 started.
10:07:49.529 [http-nio-8080-exec-1] INFO  o.a.c.c.C.[.[.[/] - [log,173] - Initializing Spring DispatcherServlet 'dispatcherServlet'
10:10:40.086 [Thread-53] INFO  o.q.c.QuartzScheduler - [standby,585] - Scheduler schedulerFactoryBean_$_admin-PC1615860430578 paused.
10:10:40.092 [Thread-53] INFO  o.q.c.QuartzScheduler - [shutdown,666] - Scheduler schedulerFactoryBean_$_admin-PC1615860430578 shutting down.
10:10:40.092 [Thread-53] INFO  o.q.c.QuartzScheduler - [standby,585] - Scheduler schedulerFactoryBean_$_admin-PC1615860430578 paused.
10:10:54.551 [main] INFO  c.r.RuoYiApplication - [logStarting,50] - Starting RuoYiApplication on admin-PC with PID 8132 (D:\AsiaEcs\target\classes started by admin in D:\AsiaEcs)
10:10:54.561 [main] INFO  c.r.RuoYiApplication - [logStartupProfileInfo,679] - The following profiles are active: druid
10:10:57.729 [main] INFO  o.a.c.h.Http11NioProtocol - [log,173] - Initializing ProtocolHandler ["http-nio-8080"]
10:10:57.742 [main] INFO  o.a.c.c.StandardService - [log,173] - Starting service [Tomcat]
10:10:57.742 [main] INFO  o.a.c.c.StandardEngine - [log,173] - Starting Servlet Engine: Apache Tomcat/9.0.13
10:10:57.750 [main] INFO  o.a.c.c.AprLifecycleListener - [log,173] - The APR based Apache Tomcat Native library which allows optimal performance in production environments was not found on the java.library.path: [D:\Program Files\Java\jdk1.8.0_73\bin;C:\Windows\Sun\Java\bin;C:\Windows\system32;C:\Windows;D:\Program Files\Java\jdk1.7.0_51\bin;C:\Program Files (x86)\Common Files\Oracle\Java\javapath;C:\Program Files (x86)\NetSarang\Xshell 6\;C:\Program Files (x86)\NetSarang\Xftp 6\;C:\Windows\system32;C:\Windows;C:\Windows\System32\Wbem;C:\Windows\System32\WindowsPowerShell\v1.0\;D:\Program Files\TortoiseSVN\bin;D:\Program Files\Java\jdk1.7.0_51\jre\bin;D:\tools\apache-maven-3.6.3\bin;C:\Program Files\nodejs\;D:\Program Files\Git\cmd;C:\Users\admin\AppData\Roaming\npm;D:\Program Files\VSCode\Microsoft VS Code\bin;.]
10:10:57.879 [main] INFO  o.a.c.c.C.[.[.[/] - [log,173] - Initializing Spring embedded WebApplicationContext
10:11:03.290 [main] INFO  c.a.d.p.DruidDataSource - [init,991] - {dataSource-1} inited
10:11:06.349 [main] INFO  c.r.p.c.CategoryCache - [info,58] - 加载分类信息 size=5334
10:11:06.366 [main] INFO  c.r.p.c.CategoryCache - [info,58] - 加载分类信息完成
10:11:06.791 [main] INFO  o.q.i.StdSchedulerFactory - [instantiate,1208] - Using default implementation for ThreadExecutor
10:11:07.200 [main] INFO  o.q.c.SchedulerSignalerImpl - [<init>,61] - Initialized Scheduler Signaller of type: class org.quartz.core.SchedulerSignalerImpl
10:11:07.200 [main] INFO  o.q.c.QuartzScheduler - [<init>,229] - Quartz Scheduler v.2.3.0 created.
10:11:07.248 [main] INFO  o.q.c.QuartzScheduler - [initialize,294] - Scheduler meta-data: Quartz Scheduler (v2.3.0) 'schedulerFactoryBean' with instanceId 'admin-PC1615860666793'
  Scheduler class: 'org.quartz.core.QuartzScheduler' - running locally.
  NOT STARTED.
  Currently in standby mode.
  Number of jobs executed: 0
  Using thread pool 'org.quartz.simpl.SimpleThreadPool' - with 20 threads.
  Using job-store 'org.springframework.scheduling.quartz.LocalDataSourceJobStore' - which supports persistence. and is clustered.

10:11:07.248 [main] INFO  o.q.i.StdSchedulerFactory - [instantiate,1362] - Quartz scheduler 'schedulerFactoryBean' initialized from an externally provided properties instance.
10:11:07.249 [main] INFO  o.q.i.StdSchedulerFactory - [instantiate,1366] - Quartz scheduler version: 2.3.0
10:11:07.250 [main] INFO  o.q.c.QuartzScheduler - [setJobFactory,2287] - JobFactory set to: org.springframework.scheduling.quartz.AdaptableJobFactory@48126a17
10:11:18.254 [main] INFO  s.d.s.w.PropertySourcedRequestMappingHandlerMapping - [initHandlerMethods,69] - Mapped URL path [/v2/api-docs] onto method [public org.springframework.http.ResponseEntity<springfox.documentation.spring.web.json.Json> springfox.documentation.swagger2.web.Swagger2Controller.getDocumentation(java.lang.String,javax.servlet.http.HttpServletRequest)]
10:11:19.637 [main] INFO  s.d.s.w.p.DocumentationPluginsBootstrapper - [start,160] - Context refreshed
10:11:19.654 [main] INFO  s.d.s.w.p.DocumentationPluginsBootstrapper - [start,163] - Found 1 custom documentation plugin(s)
10:11:19.741 [main] INFO  s.d.s.w.s.ApiListingReferenceScanner - [scan,41] - Scanning for api listing references
10:11:19.982 [main] INFO  s.d.s.w.r.o.CachingOperationNameGenerator - [startingWith,40] - Generating unique operation named: insertUsingPOST_1
10:11:20.050 [main] INFO  o.a.c.h.Http11NioProtocol - [log,173] - Starting ProtocolHandler ["http-nio-8080"]
10:11:20.063 [main] INFO  o.a.t.u.n.NioSelectorPool - [log,173] - Using a shared selector for servlet write/read
10:11:20.089 [main] INFO  c.r.RuoYiApplication - [logStarted,59] - Started RuoYiApplication in 26.491 seconds (JVM running for 28.319)
10:11:21.638 [Quartz Scheduler [schedulerFactoryBean]] INFO  o.q.c.QuartzScheduler - [start,547] - Scheduler schedulerFactoryBean_$_admin-PC1615860666793 started.
10:11:32.129 [http-nio-8080-exec-1] INFO  o.a.c.c.C.[.[.[/] - [log,173] - Initializing Spring DispatcherServlet 'dispatcherServlet'
10:16:09.307 [Thread-55] INFO  o.q.c.QuartzScheduler - [standby,585] - Scheduler schedulerFactoryBean_$_admin-PC1615860666793 paused.
10:16:09.313 [Thread-55] INFO  o.q.c.QuartzScheduler - [shutdown,666] - Scheduler schedulerFactoryBean_$_admin-PC1615860666793 shutting down.
10:16:09.314 [Thread-55] INFO  o.q.c.QuartzScheduler - [standby,585] - Scheduler schedulerFactoryBean_$_admin-PC1615860666793 paused.
10:16:09.315 [Thread-55] INFO  o.q.c.QuartzScheduler - [shutdown,740] - Scheduler schedulerFactoryBean_$_admin-PC1615860666793 shutdown complete.
10:16:09.315 [Thread-55] INFO  sys-user - [shutdownAsyncManager,31] - ====关闭后台任务任务线程池====
10:16:09.333 [Thread-55] INFO  c.a.d.p.DruidDataSource - [close,1928] - {dataSource-1} closed
10:16:18.718 [main] INFO  c.r.RuoYiApplication - [logStarting,50] - Starting RuoYiApplication on admin-PC with PID 7880 (D:\AsiaEcs\target\classes started by admin in D:\AsiaEcs)
10:16:18.726 [main] INFO  c.r.RuoYiApplication - [logStartupProfileInfo,679] - The following profiles are active: druid
10:16:22.004 [main] INFO  o.a.c.h.Http11NioProtocol - [log,173] - Initializing ProtocolHandler ["http-nio-8080"]
10:16:22.015 [main] INFO  o.a.c.c.StandardService - [log,173] - Starting service [Tomcat]
10:16:22.015 [main] INFO  o.a.c.c.StandardEngine - [log,173] - Starting Servlet Engine: Apache Tomcat/9.0.13
10:16:22.025 [main] INFO  o.a.c.c.AprLifecycleListener - [log,173] - The APR based Apache Tomcat Native library which allows optimal performance in production environments was not found on the java.library.path: [D:\Program Files\Java\jdk1.8.0_73\bin;C:\Windows\Sun\Java\bin;C:\Windows\system32;C:\Windows;D:\Program Files\Java\jdk1.7.0_51\bin;C:\Program Files (x86)\Common Files\Oracle\Java\javapath;C:\Program Files (x86)\NetSarang\Xshell 6\;C:\Program Files (x86)\NetSarang\Xftp 6\;C:\Windows\system32;C:\Windows;C:\Windows\System32\Wbem;C:\Windows\System32\WindowsPowerShell\v1.0\;D:\Program Files\TortoiseSVN\bin;D:\Program Files\Java\jdk1.7.0_51\jre\bin;D:\tools\apache-maven-3.6.3\bin;C:\Program Files\nodejs\;D:\Program Files\Git\cmd;C:\Users\admin\AppData\Roaming\npm;D:\Program Files\VSCode\Microsoft VS Code\bin;.]
10:16:22.315 [main] INFO  o.a.c.c.C.[.[.[/] - [log,173] - Initializing Spring embedded WebApplicationContext
10:16:27.753 [main] INFO  c.a.d.p.DruidDataSource - [init,991] - {dataSource-1} inited
10:16:30.655 [main] INFO  c.r.p.c.CategoryCache - [info,58] - 加载分类信息 size=5334
10:16:30.674 [main] INFO  c.r.p.c.CategoryCache - [info,58] - 加载分类信息完成
10:16:31.502 [main] INFO  o.q.i.StdSchedulerFactory - [instantiate,1208] - Using default implementation for ThreadExecutor
10:16:31.520 [main] INFO  o.q.c.SchedulerSignalerImpl - [<init>,61] - Initialized Scheduler Signaller of type: class org.quartz.core.SchedulerSignalerImpl
10:16:31.520 [main] INFO  o.q.c.QuartzScheduler - [<init>,229] - Quartz Scheduler v.2.3.0 created.
10:16:31.585 [main] INFO  o.q.c.QuartzScheduler - [initialize,294] - Scheduler meta-data: Quartz Scheduler (v2.3.0) 'schedulerFactoryBean' with instanceId 'admin-PC1615860991504'
  Scheduler class: 'org.quartz.core.QuartzScheduler' - running locally.
  NOT STARTED.
  Currently in standby mode.
  Number of jobs executed: 0
  Using thread pool 'org.quartz.simpl.SimpleThreadPool' - with 20 threads.
  Using job-store 'org.springframework.scheduling.quartz.LocalDataSourceJobStore' - which supports persistence. and is clustered.

10:16:31.586 [main] INFO  o.q.i.StdSchedulerFactory - [instantiate,1362] - Quartz scheduler 'schedulerFactoryBean' initialized from an externally provided properties instance.
10:16:31.587 [main] INFO  o.q.i.StdSchedulerFactory - [instantiate,1366] - Quartz scheduler version: 2.3.0
10:16:31.592 [main] INFO  o.q.c.QuartzScheduler - [setJobFactory,2287] - JobFactory set to: org.springframework.scheduling.quartz.AdaptableJobFactory@772bc4c9
10:16:41.827 [main] INFO  s.d.s.w.PropertySourcedRequestMappingHandlerMapping - [initHandlerMethods,69] - Mapped URL path [/v2/api-docs] onto method [public org.springframework.http.ResponseEntity<springfox.documentation.spring.web.json.Json> springfox.documentation.swagger2.web.Swagger2Controller.getDocumentation(java.lang.String,javax.servlet.http.HttpServletRequest)]
10:16:43.246 [main] INFO  s.d.s.w.p.DocumentationPluginsBootstrapper - [start,160] - Context refreshed
10:16:43.265 [main] INFO  s.d.s.w.p.DocumentationPluginsBootstrapper - [start,163] - Found 1 custom documentation plugin(s)
10:16:43.358 [main] INFO  s.d.s.w.s.ApiListingReferenceScanner - [scan,41] - Scanning for api listing references
10:16:43.590 [main] INFO  s.d.s.w.r.o.CachingOperationNameGenerator - [startingWith,40] - Generating unique operation named: insertUsingPOST_1
10:16:43.668 [main] INFO  o.a.c.h.Http11NioProtocol - [log,173] - Starting ProtocolHandler ["http-nio-8080"]
10:16:43.683 [main] INFO  o.a.t.u.n.NioSelectorPool - [log,173] - Using a shared selector for servlet write/read
10:16:43.714 [main] INFO  c.r.RuoYiApplication - [logStarted,59] - Started RuoYiApplication in 25.971 seconds (JVM running for 27.828)
10:16:45.088 [Quartz Scheduler [schedulerFactoryBean]] INFO  o.q.c.QuartzScheduler - [start,547] - Scheduler schedulerFactoryBean_$_admin-PC1615860991504 started.
10:17:04.359 [http-nio-8080-exec-1] INFO  o.a.c.c.C.[.[.[/] - [log,173] - Initializing Spring DispatcherServlet 'dispatcherServlet'
10:37:11.070 [Thread-55] INFO  o.q.c.QuartzScheduler - [standby,585] - Scheduler schedulerFactoryBean_$_admin-PC1615860991504 paused.
10:37:11.075 [Thread-55] INFO  o.q.c.QuartzScheduler - [shutdown,666] - Scheduler schedulerFactoryBean_$_admin-PC1615860991504 shutting down.
10:37:11.075 [Thread-55] INFO  o.q.c.QuartzScheduler - [standby,585] - Scheduler schedulerFactoryBean_$_admin-PC1615860991504 paused.
10:37:11.077 [Thread-55] INFO  o.q.c.QuartzScheduler - [shutdown,740] - Scheduler schedulerFactoryBean_$_admin-PC1615860991504 shutdown complete.
10:37:11.078 [Thread-55] INFO  sys-user - [shutdownAsyncManager,31] - ====关闭后台任务任务线程池====
10:37:11.088 [Thread-55] INFO  c.a.d.p.DruidDataSource - [close,1928] - {dataSource-1} closed
