16:19:26.689 [main] INFO  c.r.RuoYiApplication - [logStarting,50] - Starting RuoYiApplication on admin-PC with PID 3408 (D:\AsiaEcs\target\classes started by admin in D:\AsiaEcs)
16:19:26.704 [main] INFO  c.r.RuoYiApplication - [logStartupProfileInfo,679] - The following profiles are active: druid
16:19:33.260 [main] INFO  o.a.c.h.Http11NioProtocol - [log,173] - Initializing ProtocolHandler ["http-nio-8080"]
16:19:33.282 [main] INFO  o.a.c.c.StandardService - [log,173] - Starting service [Tomcat]
16:19:33.282 [main] INFO  o.a.c.c.StandardEngine - [log,173] - Starting Servlet Engine: Apache Tomcat/9.0.13
16:19:33.292 [main] INFO  o.a.c.c.AprLifecycleListener - [log,173] - The APR based Apache Tomcat Native library which allows optimal performance in production environments was not found on the java.library.path: [D:\Program Files\Java\jdk1.8.0_73\bin;C:\Windows\Sun\Java\bin;C:\Windows\system32;C:\Windows;D:\Program Files\Java\jdk1.7.0_51\bin;C:\Program Files (x86)\Common Files\Oracle\Java\javapath;C:\Program Files (x86)\NetSarang\Xshell 6\;C:\Program Files (x86)\NetSarang\Xftp 6\;C:\Windows\system32;C:\Windows;C:\Windows\System32\Wbem;C:\Windows\System32\WindowsPowerShell\v1.0\;D:\Program Files\TortoiseSVN\bin;D:\Program Files\Java\jdk1.7.0_51\jre\bin;D:\tools\apache-maven-3.6.3\bin;C:\Program Files\nodejs\;D:\Program Files\Git\cmd;C:\Users\admin\AppData\Roaming\npm;D:\Program Files\VSCode\Microsoft VS Code\bin;.]
16:19:33.494 [main] INFO  o.a.c.c.C.[.[.[/] - [log,173] - Initializing Spring embedded WebApplicationContext
16:19:42.603 [main] INFO  c.a.d.p.DruidDataSource - [init,991] - {dataSource-1} inited
16:19:45.364 [main] INFO  c.r.p.c.CategoryCache - [info,58] - 加载分类信息 size=5334
16:19:45.382 [main] INFO  c.r.p.c.CategoryCache - [info,58] - 加载分类信息完成
16:19:45.886 [main] INFO  o.q.i.StdSchedulerFactory - [instantiate,1208] - Using default implementation for ThreadExecutor
16:19:46.466 [main] INFO  o.q.c.SchedulerSignalerImpl - [<init>,61] - Initialized Scheduler Signaller of type: class org.quartz.core.SchedulerSignalerImpl
16:19:46.467 [main] INFO  o.q.c.QuartzScheduler - [<init>,229] - Quartz Scheduler v.2.3.0 created.
16:19:46.654 [main] INFO  o.q.c.QuartzScheduler - [initialize,294] - Scheduler meta-data: Quartz Scheduler (v2.3.0) 'schedulerFactoryBean' with instanceId 'admin-PC1615796385889'
  Scheduler class: 'org.quartz.core.QuartzScheduler' - running locally.
  NOT STARTED.
  Currently in standby mode.
  Number of jobs executed: 0
  Using thread pool 'org.quartz.simpl.SimpleThreadPool' - with 20 threads.
  Using job-store 'org.springframework.scheduling.quartz.LocalDataSourceJobStore' - which supports persistence. and is clustered.

16:19:46.654 [main] INFO  o.q.i.StdSchedulerFactory - [instantiate,1362] - Quartz scheduler 'schedulerFactoryBean' initialized from an externally provided properties instance.
16:19:46.655 [main] INFO  o.q.i.StdSchedulerFactory - [instantiate,1366] - Quartz scheduler version: 2.3.0
16:19:46.659 [main] INFO  o.q.c.QuartzScheduler - [setJobFactory,2287] - JobFactory set to: org.springframework.scheduling.quartz.AdaptableJobFactory@4d91d2da
16:19:58.247 [main] INFO  s.d.s.w.PropertySourcedRequestMappingHandlerMapping - [initHandlerMethods,69] - Mapped URL path [/v2/api-docs] onto method [public org.springframework.http.ResponseEntity<springfox.documentation.spring.web.json.Json> springfox.documentation.swagger2.web.Swagger2Controller.getDocumentation(java.lang.String,javax.servlet.http.HttpServletRequest)]
16:20:02.209 [main] INFO  s.d.s.w.p.DocumentationPluginsBootstrapper - [start,160] - Context refreshed
16:20:02.284 [main] INFO  s.d.s.w.p.DocumentationPluginsBootstrapper - [start,163] - Found 1 custom documentation plugin(s)
16:20:02.493 [main] INFO  s.d.s.w.s.ApiListingReferenceScanner - [scan,41] - Scanning for api listing references
16:20:02.902 [main] INFO  s.d.s.w.r.o.CachingOperationNameGenerator - [startingWith,40] - Generating unique operation named: insertUsingPOST_1
16:20:02.981 [main] INFO  o.a.c.h.Http11NioProtocol - [log,173] - Starting ProtocolHandler ["http-nio-8080"]
16:20:02.996 [main] INFO  o.a.t.u.n.NioSelectorPool - [log,173] - Using a shared selector for servlet write/read
16:20:03.041 [main] INFO  c.r.RuoYiApplication - [logStarted,59] - Started RuoYiApplication in 39.158 seconds (JVM running for 46.968)
16:20:04.413 [Quartz Scheduler [schedulerFactoryBean]] INFO  o.q.c.QuartzScheduler - [start,547] - Scheduler schedulerFactoryBean_$_admin-PC1615796385889 started.
16:20:27.492 [http-nio-8080-exec-1] INFO  o.a.c.c.C.[.[.[/] - [log,173] - Initializing Spring DispatcherServlet 'dispatcherServlet'
